26/04/24 05:41:59 INFO SparkContext: Running Spark version 3.5.0
26/04/24 05:41:59 INFO SparkContext: OS info Linux, 5.15.167.4-microsoft-standard-WSL2, amd64
26/04/24 05:41:59 INFO SparkContext: Java version 17.0.8.1
26/04/24 05:41:59 WARN NativeCodeLoader: Unable to load native-hadoop library for your platform... using builtin-java classes where applicable
26/04/24 05:41:59 INFO ResourceUtils: ==============================================================
26/04/24 05:41:59 INFO ResourceUtils: No custom resources configured for spark.driver.
26/04/24 05:41:59 INFO ResourceUtils: ==============================================================
26/04/24 05:41:59 INFO SparkContext: Submitted application: 04_diagnostic_join_check
26/04/24 05:41:59 INFO ResourceProfile: Default ResourceProfile created, executor resources: Map(cores -> name: cores, amount: 1, script: , vendor: , memory -> name: memory, amount: 1024, script: , vendor: , offHeap -> name: offHeap, amount: 0, script: , vendor: ), task resources: Map(cpus -> name: cpus, amount: 1.0)
26/04/24 05:41:59 INFO ResourceProfile: Limiting resource is cpu
26/04/24 05:41:59 INFO ResourceProfileManager: Added ResourceProfile id: 0
26/04/24 05:41:59 INFO SecurityManager: Changing view acls to: jovyan
26/04/24 05:41:59 INFO SecurityManager: Changing modify acls to: jovyan
26/04/24 05:41:59 INFO SecurityManager: Changing view acls groups to: 
26/04/24 05:41:59 INFO SecurityManager: Changing modify acls groups to: 
26/04/24 05:41:59 INFO SecurityManager: SecurityManager: authentication disabled; ui acls disabled; users with view permissions: jovyan; groups with view permissions: EMPTY; users with modify permissions: jovyan; groups with modify permissions: EMPTY
26/04/24 05:41:59 INFO Utils: Successfully started service 'sparkDriver' on port 46233.
26/04/24 05:41:59 INFO SparkEnv: Registering MapOutputTracker
26/04/24 05:41:59 INFO SparkEnv: Registering BlockManagerMaster
26/04/24 05:41:59 INFO BlockManagerMasterEndpoint: Using org.apache.spark.storage.DefaultTopologyMapper for getting topology information
26/04/24 05:41:59 INFO BlockManagerMasterEndpoint: BlockManagerMasterEndpoint up
26/04/24 05:41:59 INFO SparkEnv: Registering BlockManagerMasterHeartbeat
26/04/24 05:41:59 INFO DiskBlockManager: Created local directory at /tmp/blockmgr-75d2d828-8016-48d1-8dfb-0e3f9a23d5a3
26/04/24 05:41:59 INFO MemoryStore: MemoryStore started with capacity 434.4 MiB
26/04/24 05:41:59 INFO SparkEnv: Registering OutputCommitCoordinator
26/04/24 05:41:59 INFO JettyUtils: Start Jetty 0.0.0.0:4040 for SparkUI
26/04/24 05:41:59 INFO Utils: Successfully started service 'SparkUI' on port 4040.
26/04/24 05:41:59 INFO Executor: Starting executor ID driver on host 3ed262302279
26/04/24 05:41:59 INFO Executor: OS info Linux, 5.15.167.4-microsoft-standard-WSL2, amd64
26/04/24 05:41:59 INFO Executor: Java version 17.0.8.1
26/04/24 05:41:59 INFO Executor: Starting executor with user classpath (userClassPathFirst = false): ''
26/04/24 05:41:59 INFO Executor: Created or updated repl class loader org.apache.spark.util.MutableURLClassLoader@4c1710d9 for default.
26/04/24 05:41:59 INFO Utils: Successfully started service 'org.apache.spark.network.netty.NettyBlockTransferService' on port 40717.
26/04/24 05:41:59 INFO NettyBlockTransferService: Server created on 3ed262302279:40717
26/04/24 05:41:59 INFO BlockManager: Using org.apache.spark.storage.RandomBlockReplicationPolicy for block replication policy
26/04/24 05:41:59 INFO BlockManagerMaster: Registering BlockManager BlockManagerId(driver, 3ed262302279, 40717, None)
26/04/24 05:41:59 INFO BlockManagerMasterEndpoint: Registering block manager 3ed262302279:40717 with 434.4 MiB RAM, BlockManagerId(driver, 3ed262302279, 40717, None)
26/04/24 05:41:59 INFO BlockManagerMaster: Registered BlockManager BlockManagerId(driver, 3ed262302279, 40717, None)
26/04/24 05:41:59 INFO BlockManager: Initialized BlockManager: BlockManagerId(driver, 3ed262302279, 40717, None)
26/04/24 05:42:00 INFO SharedState: Setting hive.metastore.warehouse.dir ('null') to the value of spark.sql.warehouse.dir.
26/04/24 05:42:00 INFO SharedState: Warehouse path is 'file:/home/jovyan/work/spark-warehouse'.
26/04/24 05:42:00 INFO InMemoryFileIndex: It took 57 ms to list leaf files for 1 paths.
26/04/24 05:42:00 INFO SparkContext: Starting job: parquet at NativeMethodAccessorImpl.java:0
26/04/24 05:42:00 INFO DAGScheduler: Got job 0 (parquet at NativeMethodAccessorImpl.java:0) with 1 output partitions
26/04/24 05:42:00 INFO DAGScheduler: Final stage: ResultStage 0 (parquet at NativeMethodAccessorImpl.java:0)
26/04/24 05:42:00 INFO DAGScheduler: Parents of final stage: List()
26/04/24 05:42:00 INFO DAGScheduler: Missing parents: List()
26/04/24 05:42:00 INFO DAGScheduler: Submitting ResultStage 0 (MapPartitionsRDD[1] at parquet at NativeMethodAccessorImpl.java:0), which has no missing parents
26/04/24 05:42:00 INFO MemoryStore: Block broadcast_0 stored as values in memory (estimated size 103.1 KiB, free 434.3 MiB)
26/04/24 05:42:00 INFO MemoryStore: Block broadcast_0_piece0 stored as bytes in memory (estimated size 37.1 KiB, free 434.3 MiB)
26/04/24 05:42:00 INFO BlockManagerInfo: Added broadcast_0_piece0 in memory on 3ed262302279:40717 (size: 37.1 KiB, free: 434.4 MiB)
26/04/24 05:42:00 INFO SparkContext: Created broadcast 0 from broadcast at DAGScheduler.scala:1580
26/04/24 05:42:00 INFO DAGScheduler: Submitting 1 missing tasks from ResultStage 0 (MapPartitionsRDD[1] at parquet at NativeMethodAccessorImpl.java:0) (first 15 tasks are for partitions Vector(0))
26/04/24 05:42:00 INFO TaskSchedulerImpl: Adding task set 0.0 with 1 tasks resource profile 0
26/04/24 05:42:00 INFO TaskSetManager: Starting task 0.0 in stage 0.0 (TID 0) (3ed262302279, executor driver, partition 0, PROCESS_LOCAL, 7824 bytes) 
26/04/24 05:42:00 INFO Executor: Running task 0.0 in stage 0.0 (TID 0)
26/04/24 05:42:01 INFO Executor: Finished task 0.0 in stage 0.0 (TID 0). 2656 bytes result sent to driver
26/04/24 05:42:01 INFO TaskSetManager: Finished task 0.0 in stage 0.0 (TID 0) in 201 ms on 3ed262302279 (executor driver) (1/1)
26/04/24 05:42:01 INFO TaskSchedulerImpl: Removed TaskSet 0.0, whose tasks have all completed, from pool 
26/04/24 05:42:01 INFO DAGScheduler: ResultStage 0 (parquet at NativeMethodAccessorImpl.java:0) finished in 0.278 s
26/04/24 05:42:01 INFO DAGScheduler: Job 0 is finished. Cancelling potential speculative or zombie tasks for this job
26/04/24 05:42:01 INFO TaskSchedulerImpl: Killing all running tasks in stage 0: Stage finished
26/04/24 05:42:01 INFO DAGScheduler: Job 0 finished: parquet at NativeMethodAccessorImpl.java:0, took 0.297822 s
26/04/24 05:42:01 INFO BlockManagerInfo: Removed broadcast_0_piece0 on 3ed262302279:40717 in memory (size: 37.1 KiB, free: 434.4 MiB)
26/04/24 05:42:01 INFO InMemoryFileIndex: It took 20 ms to list leaf files for 1 paths.
26/04/24 05:42:01 INFO SparkContext: Starting job: parquet at NativeMethodAccessorImpl.java:0
26/04/24 05:42:01 INFO DAGScheduler: Got job 1 (parquet at NativeMethodAccessorImpl.java:0) with 1 output partitions
26/04/24 05:42:01 INFO DAGScheduler: Final stage: ResultStage 1 (parquet at NativeMethodAccessorImpl.java:0)
26/04/24 05:42:01 INFO DAGScheduler: Parents of final stage: List()
26/04/24 05:42:01 INFO DAGScheduler: Missing parents: List()
26/04/24 05:42:01 INFO DAGScheduler: Submitting ResultStage 1 (MapPartitionsRDD[3] at parquet at NativeMethodAccessorImpl.java:0), which has no missing parents
26/04/24 05:42:01 INFO MemoryStore: Block broadcast_1 stored as values in memory (estimated size 103.1 KiB, free 434.3 MiB)
26/04/24 05:42:01 INFO MemoryStore: Block broadcast_1_piece0 stored as bytes in memory (estimated size 37.1 KiB, free 434.3 MiB)
26/04/24 05:42:01 INFO BlockManagerInfo: Added broadcast_1_piece0 in memory on 3ed262302279:40717 (size: 37.1 KiB, free: 434.4 MiB)
26/04/24 05:42:01 INFO SparkContext: Created broadcast 1 from broadcast at DAGScheduler.scala:1580
26/04/24 05:42:01 INFO DAGScheduler: Submitting 1 missing tasks from ResultStage 1 (MapPartitionsRDD[3] at parquet at NativeMethodAccessorImpl.java:0) (first 15 tasks are for partitions Vector(0))
26/04/24 05:42:01 INFO TaskSchedulerImpl: Adding task set 1.0 with 1 tasks resource profile 0
26/04/24 05:42:01 INFO TaskSetManager: Starting task 0.0 in stage 1.0 (TID 1) (3ed262302279, executor driver, partition 0, PROCESS_LOCAL, 7823 bytes) 
26/04/24 05:42:01 INFO Executor: Running task 0.0 in stage 1.0 (TID 1)
26/04/24 05:42:01 INFO Executor: Finished task 0.0 in stage 1.0 (TID 1). 2193 bytes result sent to driver
26/04/24 05:42:01 INFO TaskSetManager: Finished task 0.0 in stage 1.0 (TID 1) in 44 ms on 3ed262302279 (executor driver) (1/1)
26/04/24 05:42:01 INFO TaskSchedulerImpl: Removed TaskSet 1.0, whose tasks have all completed, from pool 
26/04/24 05:42:01 INFO DAGScheduler: ResultStage 1 (parquet at NativeMethodAccessorImpl.java:0) finished in 0.059 s
26/04/24 05:42:01 INFO DAGScheduler: Job 1 is finished. Cancelling potential speculative or zombie tasks for this job
26/04/24 05:42:01 INFO TaskSchedulerImpl: Killing all running tasks in stage 1: Stage finished
26/04/24 05:42:01 INFO DAGScheduler: Job 1 finished: parquet at NativeMethodAccessorImpl.java:0, took 0.061813 s
26/04/24 05:42:01 INFO FileSourceStrategy: Pushed Filters: IsNotNull(company_normalized)
26/04/24 05:42:01 INFO FileSourceStrategy: Post-Scan Filters: isnotnull(company_normalized#52)
26/04/24 05:42:02 INFO CodeGenerator: Code generated in 126.06134 ms
26/04/24 05:42:02 INFO MemoryStore: Block broadcast_2 stored as values in memory (estimated size 200.8 KiB, free 434.1 MiB)
26/04/24 05:42:02 INFO MemoryStore: Block broadcast_2_piece0 stored as bytes in memory (estimated size 34.8 KiB, free 434.0 MiB)
26/04/24 05:42:02 INFO BlockManagerInfo: Added broadcast_2_piece0 in memory on 3ed262302279:40717 (size: 34.8 KiB, free: 434.3 MiB)
26/04/24 05:42:02 INFO SparkContext: Created broadcast 2 from collect at /home/jovyan/work/scripts/04_diagnostic_join_check.py:10
26/04/24 05:42:02 INFO FileSourceScanExec: Planning scan with bin packing, max size: 4194304 bytes, open cost is considered as scanning 4194304 bytes.
26/04/24 05:42:02 INFO BlockManagerInfo: Removed broadcast_1_piece0 on 3ed262302279:40717 in memory (size: 37.1 KiB, free: 434.4 MiB)
26/04/24 05:42:02 INFO DAGScheduler: Registering RDD 7 (collect at /home/jovyan/work/scripts/04_diagnostic_join_check.py:10) as input to shuffle 0
26/04/24 05:42:02 INFO DAGScheduler: Got map stage job 2 (collect at /home/jovyan/work/scripts/04_diagnostic_join_check.py:10) with 1 output partitions
26/04/24 05:42:02 INFO DAGScheduler: Final stage: ShuffleMapStage 2 (collect at /home/jovyan/work/scripts/04_diagnostic_join_check.py:10)
26/04/24 05:42:02 INFO DAGScheduler: Parents of final stage: List()
26/04/24 05:42:02 INFO DAGScheduler: Missing parents: List()
26/04/24 05:42:02 INFO DAGScheduler: Submitting ShuffleMapStage 2 (MapPartitionsRDD[7] at collect at /home/jovyan/work/scripts/04_diagnostic_join_check.py:10), which has no missing parents
26/04/24 05:42:02 INFO MemoryStore: Block broadcast_3 stored as values in memory (estimated size 36.6 KiB, free 434.1 MiB)
26/04/24 05:42:02 INFO MemoryStore: Block broadcast_3_piece0 stored as bytes in memory (estimated size 16.5 KiB, free 434.1 MiB)
26/04/24 05:42:02 INFO BlockManagerInfo: Added broadcast_3_piece0 in memory on 3ed262302279:40717 (size: 16.5 KiB, free: 434.3 MiB)
26/04/24 05:42:02 INFO SparkContext: Created broadcast 3 from broadcast at DAGScheduler.scala:1580
26/04/24 05:42:02 INFO DAGScheduler: Submitting 1 missing tasks from ShuffleMapStage 2 (MapPartitionsRDD[7] at collect at /home/jovyan/work/scripts/04_diagnostic_join_check.py:10) (first 15 tasks are for partitions Vector(0))
26/04/24 05:42:02 INFO TaskSchedulerImpl: Adding task set 2.0 with 1 tasks resource profile 0
26/04/24 05:42:02 INFO TaskSetManager: Starting task 0.0 in stage 2.0 (TID 2) (3ed262302279, executor driver, partition 0, PROCESS_LOCAL, 8282 bytes) 
26/04/24 05:42:02 INFO Executor: Running task 0.0 in stage 2.0 (TID 2)
26/04/24 05:42:02 INFO CodeGenerator: Code generated in 29.225076 ms
26/04/24 05:42:02 INFO CodeGenerator: Code generated in 7.820425 ms
26/04/24 05:42:02 INFO CodeGenerator: Code generated in 4.021188 ms
26/04/24 05:42:02 INFO CodeGenerator: Code generated in 4.200497 ms
26/04/24 05:42:02 INFO FileScanRDD: Reading File path: file:///home/jovyan/work/output/parquet/layoffs/part-00000-f45651c9-71ad-4d0d-92ca-eda81335982f-c000.snappy.parquet, range: 0-91750, partition values: [empty row]
26/04/24 05:42:02 INFO FilterCompat: Filtering using predicate: noteq(company_normalized, null)
26/04/24 05:42:02 INFO CodecPool: Got brand-new decompressor [.snappy]
26/04/24 05:42:02 INFO Executor: Finished task 0.0 in stage 2.0 (TID 2). 3072 bytes result sent to driver
26/04/24 05:42:02 INFO TaskSetManager: Finished task 0.0 in stage 2.0 (TID 2) in 391 ms on 3ed262302279 (executor driver) (1/1)
26/04/24 05:42:02 INFO TaskSchedulerImpl: Removed TaskSet 2.0, whose tasks have all completed, from pool 
26/04/24 05:42:02 INFO DAGScheduler: ShuffleMapStage 2 (collect at /home/jovyan/work/scripts/04_diagnostic_join_check.py:10) finished in 0.406 s
26/04/24 05:42:02 INFO DAGScheduler: looking for newly runnable stages
26/04/24 05:42:02 INFO DAGScheduler: running: Set()
26/04/24 05:42:02 INFO DAGScheduler: waiting: Set()
26/04/24 05:42:02 INFO DAGScheduler: failed: Set()
26/04/24 05:42:02 INFO ShufflePartitionsUtil: For shuffle(0), advisory target size: 67108864, actual target size 1048576, minimum partition size: 1048576
26/04/24 05:42:02 INFO CodeGenerator: Code generated in 16.297849 ms
26/04/24 05:42:02 INFO DAGScheduler: Registering RDD 10 (collect at /home/jovyan/work/scripts/04_diagnostic_join_check.py:10) as input to shuffle 1
26/04/24 05:42:02 INFO DAGScheduler: Got map stage job 3 (collect at /home/jovyan/work/scripts/04_diagnostic_join_check.py:10) with 1 output partitions
26/04/24 05:42:02 INFO DAGScheduler: Final stage: ShuffleMapStage 4 (collect at /home/jovyan/work/scripts/04_diagnostic_join_check.py:10)
26/04/24 05:42:02 INFO DAGScheduler: Parents of final stage: List(ShuffleMapStage 3)
26/04/24 05:42:02 INFO DAGScheduler: Missing parents: List()
26/04/24 05:42:02 INFO DAGScheduler: Submitting ShuffleMapStage 4 (MapPartitionsRDD[10] at collect at /home/jovyan/work/scripts/04_diagnostic_join_check.py:10), which has no missing parents
26/04/24 05:42:02 INFO MemoryStore: Block broadcast_4 stored as values in memory (estimated size 44.9 KiB, free 434.1 MiB)
26/04/24 05:42:02 INFO MemoryStore: Block broadcast_4_piece0 stored as bytes in memory (estimated size 20.5 KiB, free 434.1 MiB)
26/04/24 05:42:02 INFO BlockManagerInfo: Added broadcast_4_piece0 in memory on 3ed262302279:40717 (size: 20.5 KiB, free: 434.3 MiB)
26/04/24 05:42:02 INFO SparkContext: Created broadcast 4 from broadcast at DAGScheduler.scala:1580
26/04/24 05:42:02 INFO DAGScheduler: Submitting 1 missing tasks from ShuffleMapStage 4 (MapPartitionsRDD[10] at collect at /home/jovyan/work/scripts/04_diagnostic_join_check.py:10) (first 15 tasks are for partitions Vector(0))
26/04/24 05:42:02 INFO TaskSchedulerImpl: Adding task set 4.0 with 1 tasks resource profile 0
26/04/24 05:42:02 INFO TaskSetManager: Starting task 0.0 in stage 4.0 (TID 3) (3ed262302279, executor driver, partition 0, NODE_LOCAL, 7604 bytes) 
26/04/24 05:42:02 INFO Executor: Running task 0.0 in stage 4.0 (TID 3)
26/04/24 05:42:02 INFO ShuffleBlockFetcherIterator: Getting 1 (56.1 KiB) non-empty blocks including 1 (56.1 KiB) local and 0 (0.0 B) host-local and 0 (0.0 B) push-merged-local and 0 (0.0 B) remote blocks
26/04/24 05:42:02 INFO ShuffleBlockFetcherIterator: Started 0 remote fetches in 5 ms
26/04/24 05:42:02 INFO CodeGenerator: Code generated in 14.886087 ms
26/04/24 05:42:02 INFO Executor: Finished task 0.0 in stage 4.0 (TID 3). 5859 bytes result sent to driver
26/04/24 05:42:02 INFO TaskSetManager: Finished task 0.0 in stage 4.0 (TID 3) in 62 ms on 3ed262302279 (executor driver) (1/1)
26/04/24 05:42:02 INFO TaskSchedulerImpl: Removed TaskSet 4.0, whose tasks have all completed, from pool 
26/04/24 05:42:02 INFO DAGScheduler: ShuffleMapStage 4 (collect at /home/jovyan/work/scripts/04_diagnostic_join_check.py:10) finished in 0.070 s
26/04/24 05:42:02 INFO DAGScheduler: looking for newly runnable stages
26/04/24 05:42:02 INFO DAGScheduler: running: Set()
26/04/24 05:42:02 INFO DAGScheduler: waiting: Set()
26/04/24 05:42:02 INFO DAGScheduler: failed: Set()
26/04/24 05:42:02 INFO BlockManagerInfo: Removed broadcast_4_piece0 on 3ed262302279:40717 in memory (size: 20.5 KiB, free: 434.3 MiB)
26/04/24 05:42:02 INFO CodeGenerator: Code generated in 7.805806 ms
26/04/24 05:42:02 INFO SparkContext: Starting job: collect at /home/jovyan/work/scripts/04_diagnostic_join_check.py:10
26/04/24 05:42:02 INFO DAGScheduler: Got job 4 (collect at /home/jovyan/work/scripts/04_diagnostic_join_check.py:10) with 1 output partitions
26/04/24 05:42:02 INFO DAGScheduler: Final stage: ResultStage 7 (collect at /home/jovyan/work/scripts/04_diagnostic_join_check.py:10)
26/04/24 05:42:02 INFO DAGScheduler: Parents of final stage: List(ShuffleMapStage 6)
26/04/24 05:42:02 INFO DAGScheduler: Missing parents: List()
26/04/24 05:42:02 INFO DAGScheduler: Submitting ResultStage 7 (MapPartitionsRDD[13] at collect at /home/jovyan/work/scripts/04_diagnostic_join_check.py:10), which has no missing parents
26/04/24 05:42:02 INFO MemoryStore: Block broadcast_5 stored as values in memory (estimated size 12.5 KiB, free 434.1 MiB)
26/04/24 05:42:02 INFO MemoryStore: Block broadcast_5_piece0 stored as bytes in memory (estimated size 5.9 KiB, free 434.1 MiB)
26/04/24 05:42:02 INFO BlockManagerInfo: Added broadcast_5_piece0 in memory on 3ed262302279:40717 (size: 5.9 KiB, free: 434.3 MiB)
26/04/24 05:42:02 INFO SparkContext: Created broadcast 5 from broadcast at DAGScheduler.scala:1580
26/04/24 05:42:02 INFO DAGScheduler: Submitting 1 missing tasks from ResultStage 7 (MapPartitionsRDD[13] at collect at /home/jovyan/work/scripts/04_diagnostic_join_check.py:10) (first 15 tasks are for partitions Vector(0))
26/04/24 05:42:02 INFO TaskSchedulerImpl: Adding task set 7.0 with 1 tasks resource profile 0
26/04/24 05:42:02 INFO TaskSetManager: Starting task 0.0 in stage 7.0 (TID 4) (3ed262302279, executor driver, partition 0, NODE_LOCAL, 7615 bytes) 
26/04/24 05:42:02 INFO Executor: Running task 0.0 in stage 7.0 (TID 4)
26/04/24 05:42:02 INFO ShuffleBlockFetcherIterator: Getting 1 (60.0 B) non-empty blocks including 1 (60.0 B) local and 0 (0.0 B) host-local and 0 (0.0 B) push-merged-local and 0 (0.0 B) remote blocks
26/04/24 05:42:02 INFO ShuffleBlockFetcherIterator: Started 0 remote fetches in 0 ms
26/04/24 05:42:02 INFO CodeGenerator: Code generated in 6.210281 ms
26/04/24 05:42:02 INFO Executor: Finished task 0.0 in stage 7.0 (TID 4). 4038 bytes result sent to driver
26/04/24 05:42:02 INFO TaskSetManager: Finished task 0.0 in stage 7.0 (TID 4) in 18 ms on 3ed262302279 (executor driver) (1/1)
26/04/24 05:42:02 INFO TaskSchedulerImpl: Removed TaskSet 7.0, whose tasks have all completed, from pool 
26/04/24 05:42:02 INFO DAGScheduler: ResultStage 7 (collect at /home/jovyan/work/scripts/04_diagnostic_join_check.py:10) finished in 0.025 s
26/04/24 05:42:02 INFO DAGScheduler: Job 4 is finished. Cancelling potential speculative or zombie tasks for this job
26/04/24 05:42:02 INFO TaskSchedulerImpl: Killing all running tasks in stage 7: Stage finished
26/04/24 05:42:02 INFO DAGScheduler: Job 4 finished: collect at /home/jovyan/work/scripts/04_diagnostic_join_check.py:10, took 0.029013 s
26/04/24 05:42:02 INFO FileSourceStrategy: Pushed Filters: IsNotNull(company_normalized)
26/04/24 05:42:02 INFO FileSourceStrategy: Post-Scan Filters: isnotnull(company_normalized#21)
26/04/24 05:42:02 INFO MemoryStore: Block broadcast_6 stored as values in memory (estimated size 200.8 KiB, free 433.9 MiB)
26/04/24 05:42:02 INFO MemoryStore: Block broadcast_6_piece0 stored as bytes in memory (estimated size 34.8 KiB, free 433.9 MiB)
26/04/24 05:42:02 INFO BlockManagerInfo: Added broadcast_6_piece0 in memory on 3ed262302279:40717 (size: 34.8 KiB, free: 434.3 MiB)
26/04/24 05:42:02 INFO SparkContext: Created broadcast 6 from collect at /home/jovyan/work/scripts/04_diagnostic_join_check.py:10
26/04/24 05:42:02 INFO FileSourceScanExec: Planning scan with bin packing, max size: 4194304 bytes, open cost is considered as scanning 4194304 bytes.
26/04/24 05:42:02 INFO DAGScheduler: Registering RDD 17 (collect at /home/jovyan/work/scripts/04_diagnostic_join_check.py:10) as input to shuffle 2
26/04/24 05:42:02 INFO DAGScheduler: Got map stage job 5 (collect at /home/jovyan/work/scripts/04_diagnostic_join_check.py:10) with 2 output partitions
26/04/24 05:42:02 INFO DAGScheduler: Final stage: ShuffleMapStage 8 (collect at /home/jovyan/work/scripts/04_diagnostic_join_check.py:10)
26/04/24 05:42:02 INFO DAGScheduler: Parents of final stage: List()
26/04/24 05:42:02 INFO DAGScheduler: Missing parents: List()
26/04/24 05:42:02 INFO DAGScheduler: Submitting ShuffleMapStage 8 (MapPartitionsRDD[17] at collect at /home/jovyan/work/scripts/04_diagnostic_join_check.py:10), which has no missing parents
26/04/24 05:42:02 INFO MemoryStore: Block broadcast_7 stored as values in memory (estimated size 36.6 KiB, free 433.8 MiB)
26/04/24 05:42:02 INFO MemoryStore: Block broadcast_7_piece0 stored as bytes in memory (estimated size 16.5 KiB, free 433.8 MiB)
26/04/24 05:42:02 INFO BlockManagerInfo: Added broadcast_7_piece0 in memory on 3ed262302279:40717 (size: 16.5 KiB, free: 434.3 MiB)
26/04/24 05:42:02 INFO SparkContext: Created broadcast 7 from broadcast at DAGScheduler.scala:1580
26/04/24 05:42:02 INFO DAGScheduler: Submitting 2 missing tasks from ShuffleMapStage 8 (MapPartitionsRDD[17] at collect at /home/jovyan/work/scripts/04_diagnostic_join_check.py:10) (first 15 tasks are for partitions Vector(0, 1))
26/04/24 05:42:02 INFO TaskSchedulerImpl: Adding task set 8.0 with 2 tasks resource profile 0
26/04/24 05:42:02 INFO TaskSetManager: Starting task 0.0 in stage 8.0 (TID 5) (3ed262302279, executor driver, partition 0, PROCESS_LOCAL, 8283 bytes) 
26/04/24 05:42:02 INFO TaskSetManager: Starting task 1.0 in stage 8.0 (TID 6) (3ed262302279, executor driver, partition 1, PROCESS_LOCAL, 8283 bytes) 
26/04/24 05:42:02 INFO Executor: Running task 0.0 in stage 8.0 (TID 5)
26/04/24 05:42:02 INFO Executor: Running task 1.0 in stage 8.0 (TID 6)
26/04/24 05:42:02 INFO FileScanRDD: Reading File path: file:///home/jovyan/work/output/parquet/postings/part-00000-0535bfa7-e4ed-461a-a39a-13361c51bed8-c000.snappy.parquet, range: 4194304-6443491, partition values: [empty row]
26/04/24 05:42:02 INFO FileScanRDD: Reading File path: file:///home/jovyan/work/output/parquet/postings/part-00000-0535bfa7-e4ed-461a-a39a-13361c51bed8-c000.snappy.parquet, range: 0-4194304, partition values: [empty row]
26/04/24 05:42:02 INFO FilterCompat: Filtering using predicate: noteq(company_normalized, null)
26/04/24 05:42:02 INFO FilterCompat: Filtering using predicate: noteq(company_normalized, null)
26/04/24 05:42:02 INFO Executor: Finished task 1.0 in stage 8.0 (TID 6). 2814 bytes result sent to driver
26/04/24 05:42:02 INFO TaskSetManager: Finished task 1.0 in stage 8.0 (TID 6) in 48 ms on 3ed262302279 (executor driver) (1/2)
26/04/24 05:42:02 INFO BlockManagerInfo: Removed broadcast_5_piece0 on 3ed262302279:40717 in memory (size: 5.9 KiB, free: 434.3 MiB)
26/04/24 05:42:02 INFO Executor: Finished task 0.0 in stage 8.0 (TID 5). 3029 bytes result sent to driver
26/04/24 05:42:02 INFO TaskSetManager: Finished task 0.0 in stage 8.0 (TID 5) in 155 ms on 3ed262302279 (executor driver) (2/2)
26/04/24 05:42:02 INFO TaskSchedulerImpl: Removed TaskSet 8.0, whose tasks have all completed, from pool 
26/04/24 05:42:02 INFO DAGScheduler: ShuffleMapStage 8 (collect at /home/jovyan/work/scripts/04_diagnostic_join_check.py:10) finished in 0.161 s
26/04/24 05:42:02 INFO DAGScheduler: looking for newly runnable stages
26/04/24 05:42:02 INFO DAGScheduler: running: Set()
26/04/24 05:42:02 INFO DAGScheduler: waiting: Set()
26/04/24 05:42:02 INFO DAGScheduler: failed: Set()
26/04/24 05:42:02 INFO ShufflePartitionsUtil: For shuffle(2), advisory target size: 67108864, actual target size 1048576, minimum partition size: 1048576
26/04/24 05:42:02 INFO DAGScheduler: Registering RDD 20 (collect at /home/jovyan/work/scripts/04_diagnostic_join_check.py:10) as input to shuffle 3
26/04/24 05:42:02 INFO DAGScheduler: Got map stage job 6 (collect at /home/jovyan/work/scripts/04_diagnostic_join_check.py:10) with 1 output partitions
26/04/24 05:42:02 INFO DAGScheduler: Final stage: ShuffleMapStage 10 (collect at /home/jovyan/work/scripts/04_diagnostic_join_check.py:10)
26/04/24 05:42:02 INFO DAGScheduler: Parents of final stage: List(ShuffleMapStage 9)
26/04/24 05:42:02 INFO DAGScheduler: Missing parents: List()
26/04/24 05:42:02 INFO DAGScheduler: Submitting ShuffleMapStage 10 (MapPartitionsRDD[20] at collect at /home/jovyan/work/scripts/04_diagnostic_join_check.py:10), which has no missing parents
26/04/24 05:42:02 INFO MemoryStore: Block broadcast_8 stored as values in memory (estimated size 44.9 KiB, free 433.8 MiB)
26/04/24 05:42:02 INFO MemoryStore: Block broadcast_8_piece0 stored as bytes in memory (estimated size 20.5 KiB, free 433.8 MiB)
26/04/24 05:42:02 INFO BlockManagerInfo: Added broadcast_8_piece0 in memory on 3ed262302279:40717 (size: 20.5 KiB, free: 434.3 MiB)
26/04/24 05:42:02 INFO SparkContext: Created broadcast 8 from broadcast at DAGScheduler.scala:1580
26/04/24 05:42:03 INFO DAGScheduler: Submitting 1 missing tasks from ShuffleMapStage 10 (MapPartitionsRDD[20] at collect at /home/jovyan/work/scripts/04_diagnostic_join_check.py:10) (first 15 tasks are for partitions Vector(0))
26/04/24 05:42:03 INFO TaskSchedulerImpl: Adding task set 10.0 with 1 tasks resource profile 0
26/04/24 05:42:03 INFO TaskSetManager: Starting task 0.0 in stage 10.0 (TID 7) (3ed262302279, executor driver, partition 0, NODE_LOCAL, 7604 bytes) 
26/04/24 05:42:03 INFO Executor: Running task 0.0 in stage 10.0 (TID 7)
26/04/24 05:42:03 INFO ShuffleBlockFetcherIterator: Getting 1 (611.7 KiB) non-empty blocks including 1 (611.7 KiB) local and 0 (0.0 B) host-local and 0 (0.0 B) push-merged-local and 0 (0.0 B) remote blocks
26/04/24 05:42:03 INFO ShuffleBlockFetcherIterator: Started 0 remote fetches in 0 ms
26/04/24 05:42:03 INFO Executor: Finished task 0.0 in stage 10.0 (TID 7). 5859 bytes result sent to driver
26/04/24 05:42:03 INFO TaskSetManager: Finished task 0.0 in stage 10.0 (TID 7) in 31 ms on 3ed262302279 (executor driver) (1/1)
26/04/24 05:42:03 INFO TaskSchedulerImpl: Removed TaskSet 10.0, whose tasks have all completed, from pool 
26/04/24 05:42:03 INFO DAGScheduler: ShuffleMapStage 10 (collect at /home/jovyan/work/scripts/04_diagnostic_join_check.py:10) finished in 0.040 s
26/04/24 05:42:03 INFO DAGScheduler: looking for newly runnable stages
26/04/24 05:42:03 INFO DAGScheduler: running: Set()
26/04/24 05:42:03 INFO DAGScheduler: waiting: Set()
26/04/24 05:42:03 INFO DAGScheduler: failed: Set()
26/04/24 05:42:03 INFO SparkContext: Starting job: collect at /home/jovyan/work/scripts/04_diagnostic_join_check.py:10
26/04/24 05:42:03 INFO DAGScheduler: Got job 7 (collect at /home/jovyan/work/scripts/04_diagnostic_join_check.py:10) with 1 output partitions
26/04/24 05:42:03 INFO DAGScheduler: Final stage: ResultStage 13 (collect at /home/jovyan/work/scripts/04_diagnostic_join_check.py:10)
26/04/24 05:42:03 INFO DAGScheduler: Parents of final stage: List(ShuffleMapStage 12)
26/04/24 05:42:03 INFO DAGScheduler: Missing parents: List()
26/04/24 05:42:03 INFO DAGScheduler: Submitting ResultStage 13 (MapPartitionsRDD[23] at collect at /home/jovyan/work/scripts/04_diagnostic_join_check.py:10), which has no missing parents
26/04/24 05:42:03 INFO MemoryStore: Block broadcast_9 stored as values in memory (estimated size 12.5 KiB, free 433.8 MiB)
26/04/24 05:42:03 INFO MemoryStore: Block broadcast_9_piece0 stored as bytes in memory (estimated size 5.9 KiB, free 433.8 MiB)
26/04/24 05:42:03 INFO BlockManagerInfo: Added broadcast_9_piece0 in memory on 3ed262302279:40717 (size: 5.9 KiB, free: 434.3 MiB)
26/04/24 05:42:03 INFO SparkContext: Created broadcast 9 from broadcast at DAGScheduler.scala:1580
26/04/24 05:42:03 INFO DAGScheduler: Submitting 1 missing tasks from ResultStage 13 (MapPartitionsRDD[23] at collect at /home/jovyan/work/scripts/04_diagnostic_join_check.py:10) (first 15 tasks are for partitions Vector(0))
26/04/24 05:42:03 INFO TaskSchedulerImpl: Adding task set 13.0 with 1 tasks resource profile 0
26/04/24 05:42:03 INFO TaskSetManager: Starting task 0.0 in stage 13.0 (TID 8) (3ed262302279, executor driver, partition 0, NODE_LOCAL, 7615 bytes) 
26/04/24 05:42:03 INFO Executor: Running task 0.0 in stage 13.0 (TID 8)
26/04/24 05:42:03 INFO ShuffleBlockFetcherIterator: Getting 1 (60.0 B) non-empty blocks including 1 (60.0 B) local and 0 (0.0 B) host-local and 0 (0.0 B) push-merged-local and 0 (0.0 B) remote blocks
26/04/24 05:42:03 INFO ShuffleBlockFetcherIterator: Started 0 remote fetches in 0 ms
26/04/24 05:42:03 INFO Executor: Finished task 0.0 in stage 13.0 (TID 8). 4081 bytes result sent to driver
26/04/24 05:42:03 INFO BlockManagerInfo: Removed broadcast_7_piece0 on 3ed262302279:40717 in memory (size: 16.5 KiB, free: 434.3 MiB)
26/04/24 05:42:03 INFO TaskSetManager: Finished task 0.0 in stage 13.0 (TID 8) in 13 ms on 3ed262302279 (executor driver) (1/1)
26/04/24 05:42:03 INFO TaskSchedulerImpl: Removed TaskSet 13.0, whose tasks have all completed, from pool 
26/04/24 05:42:03 INFO BlockManagerInfo: Removed broadcast_8_piece0 on 3ed262302279:40717 in memory (size: 20.5 KiB, free: 434.3 MiB)
26/04/24 05:42:03 INFO DAGScheduler: ResultStage 13 (collect at /home/jovyan/work/scripts/04_diagnostic_join_check.py:10) finished in 0.020 s
26/04/24 05:42:03 INFO DAGScheduler: Job 7 is finished. Cancelling potential speculative or zombie tasks for this job
26/04/24 05:42:03 INFO TaskSchedulerImpl: Killing all running tasks in stage 13: Stage finished
26/04/24 05:42:03 INFO DAGScheduler: Job 7 finished: collect at /home/jovyan/work/scripts/04_diagnostic_join_check.py:10, took 0.022329 s
26/04/24 05:42:03 INFO FileSourceStrategy: Pushed Filters: IsNotNull(company_normalized)
26/04/24 05:42:03 INFO FileSourceStrategy: Post-Scan Filters: isnotnull(company_normalized#52)
26/04/24 05:42:03 INFO FileSourceStrategy: Pushed Filters: IsNotNull(company_normalized)
26/04/24 05:42:03 INFO FileSourceStrategy: Post-Scan Filters: isnotnull(company_normalized#21)
26/04/24 05:42:03 INFO CodeGenerator: Code generated in 5.744112 ms
26/04/24 05:42:03 INFO MemoryStore: Block broadcast_10 stored as values in memory (estimated size 200.8 KiB, free 433.7 MiB)
26/04/24 05:42:03 INFO MemoryStore: Block broadcast_10_piece0 stored as bytes in memory (estimated size 34.8 KiB, free 433.6 MiB)
26/04/24 05:42:03 INFO BlockManagerInfo: Added broadcast_10_piece0 in memory on 3ed262302279:40717 (size: 34.8 KiB, free: 434.3 MiB)
26/04/24 05:42:03 INFO SparkContext: Created broadcast 10 from collect at /home/jovyan/work/scripts/04_diagnostic_join_check.py:10
26/04/24 05:42:03 INFO FileSourceScanExec: Planning scan with bin packing, max size: 4194304 bytes, open cost is considered as scanning 4194304 bytes.
26/04/24 05:42:03 INFO SparkContext: Starting job: collect at /home/jovyan/work/scripts/04_diagnostic_join_check.py:10
26/04/24 05:42:03 INFO DAGScheduler: Got job 8 (collect at /home/jovyan/work/scripts/04_diagnostic_join_check.py:10) with 1 output partitions
26/04/24 05:42:03 INFO DAGScheduler: Final stage: ResultStage 14 (collect at /home/jovyan/work/scripts/04_diagnostic_join_check.py:10)
26/04/24 05:42:03 INFO DAGScheduler: Parents of final stage: List()
26/04/24 05:42:03 INFO DAGScheduler: Missing parents: List()
26/04/24 05:42:03 INFO DAGScheduler: Submitting ResultStage 14 (MapPartitionsRDD[27] at collect at /home/jovyan/work/scripts/04_diagnostic_join_check.py:10), which has no missing parents
26/04/24 05:42:03 INFO MemoryStore: Block broadcast_11 stored as values in memory (estimated size 14.3 KiB, free 433.6 MiB)
26/04/24 05:42:03 INFO MemoryStore: Block broadcast_11_piece0 stored as bytes in memory (estimated size 6.3 KiB, free 433.6 MiB)
26/04/24 05:42:03 INFO BlockManagerInfo: Added broadcast_11_piece0 in memory on 3ed262302279:40717 (size: 6.3 KiB, free: 434.3 MiB)
26/04/24 05:42:03 INFO SparkContext: Created broadcast 11 from broadcast at DAGScheduler.scala:1580
26/04/24 05:42:03 INFO DAGScheduler: Submitting 1 missing tasks from ResultStage 14 (MapPartitionsRDD[27] at collect at /home/jovyan/work/scripts/04_diagnostic_join_check.py:10) (first 15 tasks are for partitions Vector(0))
26/04/24 05:42:03 INFO TaskSchedulerImpl: Adding task set 14.0 with 1 tasks resource profile 0
26/04/24 05:42:03 INFO TaskSetManager: Starting task 0.0 in stage 14.0 (TID 9) (3ed262302279, executor driver, partition 0, PROCESS_LOCAL, 8293 bytes) 
26/04/24 05:42:03 INFO Executor: Running task 0.0 in stage 14.0 (TID 9)
26/04/24 05:42:03 INFO CodeGenerator: Code generated in 4.694204 ms
26/04/24 05:42:03 INFO FileScanRDD: Reading File path: file:///home/jovyan/work/output/parquet/layoffs/part-00000-f45651c9-71ad-4d0d-92ca-eda81335982f-c000.snappy.parquet, range: 0-91750, partition values: [empty row]
26/04/24 05:42:03 INFO FilterCompat: Filtering using predicate: noteq(company_normalized, null)
26/04/24 05:42:03 INFO Executor: Finished task 0.0 in stage 14.0 (TID 9). 50901 bytes result sent to driver
26/04/24 05:42:03 INFO TaskSetManager: Finished task 0.0 in stage 14.0 (TID 9) in 68 ms on 3ed262302279 (executor driver) (1/1)
26/04/24 05:42:03 INFO TaskSchedulerImpl: Removed TaskSet 14.0, whose tasks have all completed, from pool 
26/04/24 05:42:03 INFO DAGScheduler: ResultStage 14 (collect at /home/jovyan/work/scripts/04_diagnostic_join_check.py:10) finished in 0.071 s
26/04/24 05:42:03 INFO DAGScheduler: Job 8 is finished. Cancelling potential speculative or zombie tasks for this job
26/04/24 05:42:03 INFO TaskSchedulerImpl: Killing all running tasks in stage 14: Stage finished
26/04/24 05:42:03 INFO DAGScheduler: Job 8 finished: collect at /home/jovyan/work/scripts/04_diagnostic_join_check.py:10, took 0.073125 s
26/04/24 05:42:03 INFO CodeGenerator: Code generated in 3.718929 ms
26/04/24 05:42:03 INFO MemoryStore: Block broadcast_12 stored as values in memory (estimated size 1152.0 KiB, free 432.5 MiB)
26/04/24 05:42:03 INFO MemoryStore: Block broadcast_12_piece0 stored as bytes in memory (estimated size 79.2 KiB, free 432.4 MiB)
26/04/24 05:42:03 INFO BlockManagerInfo: Added broadcast_12_piece0 in memory on 3ed262302279:40717 (size: 79.2 KiB, free: 434.2 MiB)
26/04/24 05:42:03 INFO SparkContext: Created broadcast 12 from collect at /home/jovyan/work/scripts/04_diagnostic_join_check.py:10
26/04/24 05:42:03 INFO FileSourceStrategy: Pushed Filters: IsNotNull(company_normalized)
26/04/24 05:42:03 INFO FileSourceStrategy: Post-Scan Filters: isnotnull(company_normalized#21)
26/04/24 05:42:03 INFO CodeGenerator: Code generated in 19.102716 ms
26/04/24 05:42:03 INFO MemoryStore: Block broadcast_13 stored as values in memory (estimated size 200.8 KiB, free 432.2 MiB)
26/04/24 05:42:03 INFO MemoryStore: Block broadcast_13_piece0 stored as bytes in memory (estimated size 34.8 KiB, free 432.2 MiB)
26/04/24 05:42:03 INFO BlockManagerInfo: Added broadcast_13_piece0 in memory on 3ed262302279:40717 (size: 34.8 KiB, free: 434.2 MiB)
26/04/24 05:42:03 INFO SparkContext: Created broadcast 13 from collect at /home/jovyan/work/scripts/04_diagnostic_join_check.py:10
26/04/24 05:42:03 INFO FileSourceScanExec: Planning scan with bin packing, max size: 4194304 bytes, open cost is considered as scanning 4194304 bytes.
26/04/24 05:42:03 INFO DAGScheduler: Registering RDD 31 (collect at /home/jovyan/work/scripts/04_diagnostic_join_check.py:10) as input to shuffle 4
26/04/24 05:42:03 INFO DAGScheduler: Got map stage job 9 (collect at /home/jovyan/work/scripts/04_diagnostic_join_check.py:10) with 2 output partitions
26/04/24 05:42:03 INFO DAGScheduler: Final stage: ShuffleMapStage 15 (collect at /home/jovyan/work/scripts/04_diagnostic_join_check.py:10)
26/04/24 05:42:03 INFO DAGScheduler: Parents of final stage: List()
26/04/24 05:42:03 INFO DAGScheduler: Missing parents: List()
26/04/24 05:42:03 INFO DAGScheduler: Submitting ShuffleMapStage 15 (MapPartitionsRDD[31] at collect at /home/jovyan/work/scripts/04_diagnostic_join_check.py:10), which has no missing parents
26/04/24 05:42:03 INFO MemoryStore: Block broadcast_14 stored as values in memory (estimated size 44.0 KiB, free 432.1 MiB)
26/04/24 05:42:03 INFO MemoryStore: Block broadcast_14_piece0 stored as bytes in memory (estimated size 19.5 KiB, free 432.1 MiB)
26/04/24 05:42:03 INFO BlockManagerInfo: Added broadcast_14_piece0 in memory on 3ed262302279:40717 (size: 19.5 KiB, free: 434.1 MiB)
26/04/24 05:42:03 INFO SparkContext: Created broadcast 14 from broadcast at DAGScheduler.scala:1580
26/04/24 05:42:03 INFO BlockManagerInfo: Removed broadcast_11_piece0 on 3ed262302279:40717 in memory (size: 6.3 KiB, free: 434.1 MiB)
26/04/24 05:42:03 INFO DAGScheduler: Submitting 2 missing tasks from ShuffleMapStage 15 (MapPartitionsRDD[31] at collect at /home/jovyan/work/scripts/04_diagnostic_join_check.py:10) (first 15 tasks are for partitions Vector(0, 1))
26/04/24 05:42:03 INFO TaskSchedulerImpl: Adding task set 15.0 with 2 tasks resource profile 0
26/04/24 05:42:03 INFO TaskSetManager: Starting task 0.0 in stage 15.0 (TID 10) (3ed262302279, executor driver, partition 0, PROCESS_LOCAL, 8283 bytes) 
26/04/24 05:42:03 INFO TaskSetManager: Starting task 1.0 in stage 15.0 (TID 11) (3ed262302279, executor driver, partition 1, PROCESS_LOCAL, 8283 bytes) 
26/04/24 05:42:03 INFO Executor: Running task 0.0 in stage 15.0 (TID 10)
26/04/24 05:42:03 INFO Executor: Running task 1.0 in stage 15.0 (TID 11)
26/04/24 05:42:03 INFO BlockManagerInfo: Removed broadcast_9_piece0 on 3ed262302279:40717 in memory (size: 5.9 KiB, free: 434.2 MiB)
26/04/24 05:42:03 INFO CodeGenerator: Code generated in 14.566289 ms
26/04/24 05:42:03 INFO FileScanRDD: Reading File path: file:///home/jovyan/work/output/parquet/postings/part-00000-0535bfa7-e4ed-461a-a39a-13361c51bed8-c000.snappy.parquet, range: 0-4194304, partition values: [empty row]
26/04/24 05:42:03 INFO FileScanRDD: Reading File path: file:///home/jovyan/work/output/parquet/postings/part-00000-0535bfa7-e4ed-461a-a39a-13361c51bed8-c000.snappy.parquet, range: 4194304-6443491, partition values: [empty row]
26/04/24 05:42:03 INFO FilterCompat: Filtering using predicate: noteq(company_normalized, null)
26/04/24 05:42:03 INFO FilterCompat: Filtering using predicate: noteq(company_normalized, null)
26/04/24 05:42:03 INFO Executor: Finished task 1.0 in stage 15.0 (TID 11). 3711 bytes result sent to driver
26/04/24 05:42:03 INFO TaskSetManager: Finished task 1.0 in stage 15.0 (TID 11) in 56 ms on 3ed262302279 (executor driver) (1/2)
26/04/24 05:42:03 INFO Executor: Finished task 0.0 in stage 15.0 (TID 10). 3883 bytes result sent to driver
26/04/24 05:42:03 INFO TaskSetManager: Finished task 0.0 in stage 15.0 (TID 10) in 107 ms on 3ed262302279 (executor driver) (2/2)
26/04/24 05:42:03 INFO TaskSchedulerImpl: Removed TaskSet 15.0, whose tasks have all completed, from pool 
26/04/24 05:42:03 INFO DAGScheduler: ShuffleMapStage 15 (collect at /home/jovyan/work/scripts/04_diagnostic_join_check.py:10) finished in 0.115 s
26/04/24 05:42:03 INFO DAGScheduler: looking for newly runnable stages
26/04/24 05:42:03 INFO DAGScheduler: running: Set()
26/04/24 05:42:03 INFO DAGScheduler: waiting: Set()
26/04/24 05:42:03 INFO DAGScheduler: failed: Set()
26/04/24 05:42:03 INFO ShufflePartitionsUtil: For shuffle(4), advisory target size: 67108864, actual target size 1048576, minimum partition size: 1048576
26/04/24 05:42:03 INFO CodeGenerator: Code generated in 11.691536 ms
26/04/24 05:42:03 INFO DAGScheduler: Registering RDD 34 (collect at /home/jovyan/work/scripts/04_diagnostic_join_check.py:10) as input to shuffle 5
26/04/24 05:42:03 INFO DAGScheduler: Got map stage job 10 (collect at /home/jovyan/work/scripts/04_diagnostic_join_check.py:10) with 1 output partitions
26/04/24 05:42:03 INFO DAGScheduler: Final stage: ShuffleMapStage 17 (collect at /home/jovyan/work/scripts/04_diagnostic_join_check.py:10)
26/04/24 05:42:03 INFO DAGScheduler: Parents of final stage: List(ShuffleMapStage 16)
26/04/24 05:42:03 INFO DAGScheduler: Missing parents: List()
26/04/24 05:42:03 INFO DAGScheduler: Submitting ShuffleMapStage 17 (MapPartitionsRDD[34] at collect at /home/jovyan/work/scripts/04_diagnostic_join_check.py:10), which has no missing parents
26/04/24 05:42:03 INFO MemoryStore: Block broadcast_15 stored as values in memory (estimated size 49.0 KiB, free 432.1 MiB)
26/04/24 05:42:03 INFO MemoryStore: Block broadcast_15_piece0 stored as bytes in memory (estimated size 22.2 KiB, free 432.1 MiB)
26/04/24 05:42:03 INFO BlockManagerInfo: Added broadcast_15_piece0 in memory on 3ed262302279:40717 (size: 22.2 KiB, free: 434.1 MiB)
26/04/24 05:42:03 INFO SparkContext: Created broadcast 15 from broadcast at DAGScheduler.scala:1580
26/04/24 05:42:03 INFO DAGScheduler: Submitting 1 missing tasks from ShuffleMapStage 17 (MapPartitionsRDD[34] at collect at /home/jovyan/work/scripts/04_diagnostic_join_check.py:10) (first 15 tasks are for partitions Vector(0))
26/04/24 05:42:03 INFO TaskSchedulerImpl: Adding task set 17.0 with 1 tasks resource profile 0
26/04/24 05:42:03 INFO TaskSetManager: Starting task 0.0 in stage 17.0 (TID 12) (3ed262302279, executor driver, partition 0, NODE_LOCAL, 7604 bytes) 
26/04/24 05:42:03 INFO Executor: Running task 0.0 in stage 17.0 (TID 12)
26/04/24 05:42:03 INFO ShuffleBlockFetcherIterator: Getting 1 (17.7 KiB) non-empty blocks including 1 (17.7 KiB) local and 0 (0.0 B) host-local and 0 (0.0 B) push-merged-local and 0 (0.0 B) remote blocks
26/04/24 05:42:03 INFO ShuffleBlockFetcherIterator: Started 0 remote fetches in 0 ms
26/04/24 05:42:03 INFO CodeGenerator: Code generated in 14.772339 ms
26/04/24 05:42:03 INFO BlockManagerInfo: Removed broadcast_14_piece0 on 3ed262302279:40717 in memory (size: 19.5 KiB, free: 434.1 MiB)
26/04/24 05:42:03 INFO Executor: Finished task 0.0 in stage 17.0 (TID 12). 6842 bytes result sent to driver
26/04/24 05:42:03 INFO TaskSetManager: Finished task 0.0 in stage 17.0 (TID 12) in 37 ms on 3ed262302279 (executor driver) (1/1)
26/04/24 05:42:03 INFO TaskSchedulerImpl: Removed TaskSet 17.0, whose tasks have all completed, from pool 
26/04/24 05:42:03 INFO DAGScheduler: ShuffleMapStage 17 (collect at /home/jovyan/work/scripts/04_diagnostic_join_check.py:10) finished in 0.042 s
26/04/24 05:42:03 INFO DAGScheduler: looking for newly runnable stages
26/04/24 05:42:03 INFO DAGScheduler: running: Set()
26/04/24 05:42:03 INFO DAGScheduler: waiting: Set()
26/04/24 05:42:03 INFO DAGScheduler: failed: Set()
26/04/24 05:42:03 INFO CodeGenerator: Code generated in 4.140461 ms
26/04/24 05:42:03 INFO SparkContext: Starting job: collect at /home/jovyan/work/scripts/04_diagnostic_join_check.py:10
26/04/24 05:42:03 INFO DAGScheduler: Got job 11 (collect at /home/jovyan/work/scripts/04_diagnostic_join_check.py:10) with 1 output partitions
26/04/24 05:42:03 INFO DAGScheduler: Final stage: ResultStage 20 (collect at /home/jovyan/work/scripts/04_diagnostic_join_check.py:10)
26/04/24 05:42:03 INFO DAGScheduler: Parents of final stage: List(ShuffleMapStage 19)
26/04/24 05:42:03 INFO DAGScheduler: Missing parents: List()
26/04/24 05:42:03 INFO DAGScheduler: Submitting ResultStage 20 (MapPartitionsRDD[37] at collect at /home/jovyan/work/scripts/04_diagnostic_join_check.py:10), which has no missing parents
26/04/24 05:42:03 INFO MemoryStore: Block broadcast_16 stored as values in memory (estimated size 12.5 KiB, free 432.1 MiB)
26/04/24 05:42:03 INFO MemoryStore: Block broadcast_16_piece0 stored as bytes in memory (estimated size 5.9 KiB, free 432.1 MiB)
26/04/24 05:42:03 INFO BlockManagerInfo: Added broadcast_16_piece0 in memory on 3ed262302279:40717 (size: 5.9 KiB, free: 434.1 MiB)
26/04/24 05:42:03 INFO SparkContext: Created broadcast 16 from broadcast at DAGScheduler.scala:1580
26/04/24 05:42:03 INFO DAGScheduler: Submitting 1 missing tasks from ResultStage 20 (MapPartitionsRDD[37] at collect at /home/jovyan/work/scripts/04_diagnostic_join_check.py:10) (first 15 tasks are for partitions Vector(0))
26/04/24 05:42:03 INFO TaskSchedulerImpl: Adding task set 20.0 with 1 tasks resource profile 0
26/04/24 05:42:03 INFO TaskSetManager: Starting task 0.0 in stage 20.0 (TID 13) (3ed262302279, executor driver, partition 0, NODE_LOCAL, 7615 bytes) 
26/04/24 05:42:03 INFO Executor: Running task 0.0 in stage 20.0 (TID 13)
26/04/24 05:42:03 INFO ShuffleBlockFetcherIterator: Getting 1 (60.0 B) non-empty blocks including 1 (60.0 B) local and 0 (0.0 B) host-local and 0 (0.0 B) push-merged-local and 0 (0.0 B) remote blocks
26/04/24 05:42:03 INFO ShuffleBlockFetcherIterator: Started 0 remote fetches in 0 ms
26/04/24 05:42:03 INFO CodeGenerator: Code generated in 4.157735 ms
26/04/24 05:42:03 INFO Executor: Finished task 0.0 in stage 20.0 (TID 13). 3995 bytes result sent to driver
26/04/24 05:42:03 INFO TaskSetManager: Finished task 0.0 in stage 20.0 (TID 13) in 10 ms on 3ed262302279 (executor driver) (1/1)
26/04/24 05:42:03 INFO TaskSchedulerImpl: Removed TaskSet 20.0, whose tasks have all completed, from pool 
26/04/24 05:42:03 INFO DAGScheduler: ResultStage 20 (collect at /home/jovyan/work/scripts/04_diagnostic_join_check.py:10) finished in 0.018 s
26/04/24 05:42:03 INFO DAGScheduler: Job 11 is finished. Cancelling potential speculative or zombie tasks for this job
26/04/24 05:42:03 INFO TaskSchedulerImpl: Killing all running tasks in stage 20: Stage finished
26/04/24 05:42:03 INFO DAGScheduler: Job 11 finished: collect at /home/jovyan/work/scripts/04_diagnostic_join_check.py:10, took 0.020741 s
26/04/24 05:42:03 INFO FileSourceStrategy: Pushed Filters: 
26/04/24 05:42:03 INFO FileSourceStrategy: Post-Scan Filters: 
26/04/24 05:42:03 INFO CodeGenerator: Code generated in 4.485502 ms
26/04/24 05:42:03 INFO MemoryStore: Block broadcast_17 stored as values in memory (estimated size 200.6 KiB, free 431.9 MiB)
26/04/24 05:42:03 INFO MemoryStore: Block broadcast_17_piece0 stored as bytes in memory (estimated size 34.7 KiB, free 431.9 MiB)
26/04/24 05:42:03 INFO BlockManagerInfo: Added broadcast_17_piece0 in memory on 3ed262302279:40717 (size: 34.7 KiB, free: 434.1 MiB)
26/04/24 05:42:03 INFO SparkContext: Created broadcast 17 from collect at /home/jovyan/work/scripts/04_diagnostic_join_check.py:10
26/04/24 05:42:03 INFO FileSourceScanExec: Planning scan with bin packing, max size: 4194304 bytes, open cost is considered as scanning 4194304 bytes.
26/04/24 05:42:03 INFO DAGScheduler: Registering RDD 41 (collect at /home/jovyan/work/scripts/04_diagnostic_join_check.py:10) as input to shuffle 6
26/04/24 05:42:03 INFO DAGScheduler: Got map stage job 12 (collect at /home/jovyan/work/scripts/04_diagnostic_join_check.py:10) with 2 output partitions
26/04/24 05:42:03 INFO DAGScheduler: Final stage: ShuffleMapStage 21 (collect at /home/jovyan/work/scripts/04_diagnostic_join_check.py:10)
26/04/24 05:42:03 INFO DAGScheduler: Parents of final stage: List()
26/04/24 05:42:03 INFO DAGScheduler: Missing parents: List()
26/04/24 05:42:03 INFO DAGScheduler: Submitting ShuffleMapStage 21 (MapPartitionsRDD[41] at collect at /home/jovyan/work/scripts/04_diagnostic_join_check.py:10), which has no missing parents
26/04/24 05:42:03 INFO MemoryStore: Block broadcast_18 stored as values in memory (estimated size 16.8 KiB, free 431.9 MiB)
26/04/24 05:42:03 INFO MemoryStore: Block broadcast_18_piece0 stored as bytes in memory (estimated size 7.7 KiB, free 431.9 MiB)
26/04/24 05:42:03 INFO BlockManagerInfo: Added broadcast_18_piece0 in memory on 3ed262302279:40717 (size: 7.7 KiB, free: 434.1 MiB)
26/04/24 05:42:03 INFO SparkContext: Created broadcast 18 from broadcast at DAGScheduler.scala:1580
26/04/24 05:42:03 INFO DAGScheduler: Submitting 2 missing tasks from ShuffleMapStage 21 (MapPartitionsRDD[41] at collect at /home/jovyan/work/scripts/04_diagnostic_join_check.py:10) (first 15 tasks are for partitions Vector(0, 1))
26/04/24 05:42:03 INFO TaskSchedulerImpl: Adding task set 21.0 with 2 tasks resource profile 0
26/04/24 05:42:03 INFO TaskSetManager: Starting task 0.0 in stage 21.0 (TID 14) (3ed262302279, executor driver, partition 0, PROCESS_LOCAL, 8283 bytes) 
26/04/24 05:42:03 INFO TaskSetManager: Starting task 1.0 in stage 21.0 (TID 15) (3ed262302279, executor driver, partition 1, PROCESS_LOCAL, 8283 bytes) 
26/04/24 05:42:03 INFO Executor: Running task 1.0 in stage 21.0 (TID 15)
26/04/24 05:42:03 INFO Executor: Running task 0.0 in stage 21.0 (TID 14)
26/04/24 05:42:03 INFO CodeGenerator: Code generated in 4.645782 ms
26/04/24 05:42:03 INFO FileScanRDD: Reading File path: file:///home/jovyan/work/output/parquet/postings/part-00000-0535bfa7-e4ed-461a-a39a-13361c51bed8-c000.snappy.parquet, range: 0-4194304, partition values: [empty row]
26/04/24 05:42:03 INFO FileScanRDD: Reading File path: file:///home/jovyan/work/output/parquet/postings/part-00000-0535bfa7-e4ed-461a-a39a-13361c51bed8-c000.snappy.parquet, range: 4194304-6443491, partition values: [empty row]
26/04/24 05:42:03 INFO Executor: Finished task 1.0 in stage 21.0 (TID 15). 2093 bytes result sent to driver
26/04/24 05:42:03 INFO TaskSetManager: Finished task 1.0 in stage 21.0 (TID 15) in 28 ms on 3ed262302279 (executor driver) (1/2)
26/04/24 05:42:03 INFO Executor: Finished task 0.0 in stage 21.0 (TID 14). 2136 bytes result sent to driver
26/04/24 05:42:03 INFO TaskSetManager: Finished task 0.0 in stage 21.0 (TID 14) in 33 ms on 3ed262302279 (executor driver) (2/2)
26/04/24 05:42:03 INFO TaskSchedulerImpl: Removed TaskSet 21.0, whose tasks have all completed, from pool 
26/04/24 05:42:03 INFO DAGScheduler: ShuffleMapStage 21 (collect at /home/jovyan/work/scripts/04_diagnostic_join_check.py:10) finished in 0.036 s
26/04/24 05:42:03 INFO DAGScheduler: looking for newly runnable stages
26/04/24 05:42:03 INFO DAGScheduler: running: Set()
26/04/24 05:42:03 INFO DAGScheduler: waiting: Set()
26/04/24 05:42:03 INFO DAGScheduler: failed: Set()
26/04/24 05:42:03 INFO CodeGenerator: Code generated in 2.938038 ms
26/04/24 05:42:03 INFO SparkContext: Starting job: collect at /home/jovyan/work/scripts/04_diagnostic_join_check.py:10
26/04/24 05:42:03 INFO DAGScheduler: Got job 13 (collect at /home/jovyan/work/scripts/04_diagnostic_join_check.py:10) with 1 output partitions
26/04/24 05:42:03 INFO DAGScheduler: Final stage: ResultStage 23 (collect at /home/jovyan/work/scripts/04_diagnostic_join_check.py:10)
26/04/24 05:42:03 INFO DAGScheduler: Parents of final stage: List(ShuffleMapStage 22)
26/04/24 05:42:03 INFO DAGScheduler: Missing parents: List()
26/04/24 05:42:03 INFO DAGScheduler: Submitting ResultStage 23 (MapPartitionsRDD[44] at collect at /home/jovyan/work/scripts/04_diagnostic_join_check.py:10), which has no missing parents
26/04/24 05:42:03 INFO MemoryStore: Block broadcast_19 stored as values in memory (estimated size 12.5 KiB, free 431.9 MiB)
26/04/24 05:42:03 INFO MemoryStore: Block broadcast_19_piece0 stored as bytes in memory (estimated size 5.9 KiB, free 431.9 MiB)
26/04/24 05:42:03 INFO BlockManagerInfo: Added broadcast_19_piece0 in memory on 3ed262302279:40717 (size: 5.9 KiB, free: 434.1 MiB)
26/04/24 05:42:03 INFO BlockManagerInfo: Removed broadcast_18_piece0 on 3ed262302279:40717 in memory (size: 7.7 KiB, free: 434.1 MiB)
26/04/24 05:42:03 INFO SparkContext: Created broadcast 19 from broadcast at DAGScheduler.scala:1580
26/04/24 05:42:03 INFO DAGScheduler: Submitting 1 missing tasks from ResultStage 23 (MapPartitionsRDD[44] at collect at /home/jovyan/work/scripts/04_diagnostic_join_check.py:10) (first 15 tasks are for partitions Vector(0))
26/04/24 05:42:03 INFO TaskSchedulerImpl: Adding task set 23.0 with 1 tasks resource profile 0
26/04/24 05:42:03 INFO TaskSetManager: Starting task 0.0 in stage 23.0 (TID 16) (3ed262302279, executor driver, partition 0, NODE_LOCAL, 7615 bytes) 
26/04/24 05:42:03 INFO Executor: Running task 0.0 in stage 23.0 (TID 16)
26/04/24 05:42:03 INFO BlockManagerInfo: Removed broadcast_16_piece0 on 3ed262302279:40717 in memory (size: 5.9 KiB, free: 434.1 MiB)
26/04/24 05:42:03 INFO ShuffleBlockFetcherIterator: Getting 2 (120.0 B) non-empty blocks including 2 (120.0 B) local and 0 (0.0 B) host-local and 0 (0.0 B) push-merged-local and 0 (0.0 B) remote blocks
26/04/24 05:42:03 INFO ShuffleBlockFetcherIterator: Started 0 remote fetches in 0 ms
26/04/24 05:42:03 INFO BlockManagerInfo: Removed broadcast_15_piece0 on 3ed262302279:40717 in memory (size: 22.2 KiB, free: 434.1 MiB)
26/04/24 05:42:03 INFO CodeGenerator: Code generated in 3.649895 ms
26/04/24 05:42:03 INFO Executor: Finished task 0.0 in stage 23.0 (TID 16). 3995 bytes result sent to driver
26/04/24 05:42:03 INFO TaskSetManager: Finished task 0.0 in stage 23.0 (TID 16) in 9 ms on 3ed262302279 (executor driver) (1/1)
26/04/24 05:42:03 INFO TaskSchedulerImpl: Removed TaskSet 23.0, whose tasks have all completed, from pool 
26/04/24 05:42:03 INFO DAGScheduler: ResultStage 23 (collect at /home/jovyan/work/scripts/04_diagnostic_join_check.py:10) finished in 0.015 s
26/04/24 05:42:03 INFO DAGScheduler: Job 13 is finished. Cancelling potential speculative or zombie tasks for this job
26/04/24 05:42:03 INFO TaskSchedulerImpl: Killing all running tasks in stage 23: Stage finished
26/04/24 05:42:03 INFO DAGScheduler: Job 13 finished: collect at /home/jovyan/work/scripts/04_diagnostic_join_check.py:10, took 0.016236 s
26/04/24 05:42:03 INFO FileSourceStrategy: Pushed Filters: 
26/04/24 05:42:03 INFO FileSourceStrategy: Post-Scan Filters: 
26/04/24 05:42:03 INFO FileSourceStrategy: Pushed Filters: IsNotNull(company_normalized)
26/04/24 05:42:03 INFO FileSourceStrategy: Post-Scan Filters: isnotnull(company_normalized#52)
26/04/24 05:42:03 INFO MemoryStore: Block broadcast_20 stored as values in memory (estimated size 200.8 KiB, free 431.8 MiB)
26/04/24 05:42:03 INFO MemoryStore: Block broadcast_20_piece0 stored as bytes in memory (estimated size 34.8 KiB, free 431.7 MiB)
26/04/24 05:42:03 INFO BlockManagerInfo: Added broadcast_20_piece0 in memory on 3ed262302279:40717 (size: 34.8 KiB, free: 434.1 MiB)
26/04/24 05:42:03 INFO SparkContext: Created broadcast 20 from collect at /home/jovyan/work/scripts/04_diagnostic_join_check.py:10
26/04/24 05:42:03 INFO FileSourceScanExec: Planning scan with bin packing, max size: 4194304 bytes, open cost is considered as scanning 4194304 bytes.
26/04/24 05:42:03 INFO DAGScheduler: Registering RDD 48 (collect at /home/jovyan/work/scripts/04_diagnostic_join_check.py:10) as input to shuffle 7
26/04/24 05:42:03 INFO DAGScheduler: Got map stage job 14 (collect at /home/jovyan/work/scripts/04_diagnostic_join_check.py:10) with 1 output partitions
26/04/24 05:42:03 INFO DAGScheduler: Final stage: ShuffleMapStage 24 (collect at /home/jovyan/work/scripts/04_diagnostic_join_check.py:10)
26/04/24 05:42:03 INFO DAGScheduler: Parents of final stage: List()
26/04/24 05:42:03 INFO DAGScheduler: Missing parents: List()
26/04/24 05:42:03 INFO DAGScheduler: Submitting ShuffleMapStage 24 (MapPartitionsRDD[48] at collect at /home/jovyan/work/scripts/04_diagnostic_join_check.py:10), which has no missing parents
26/04/24 05:42:03 INFO MemoryStore: Block broadcast_21 stored as values in memory (estimated size 36.6 KiB, free 431.7 MiB)
26/04/24 05:42:03 INFO MemoryStore: Block broadcast_21_piece0 stored as bytes in memory (estimated size 16.5 KiB, free 431.7 MiB)
26/04/24 05:42:03 INFO BlockManagerInfo: Added broadcast_21_piece0 in memory on 3ed262302279:40717 (size: 16.5 KiB, free: 434.1 MiB)
26/04/24 05:42:03 INFO SparkContext: Created broadcast 21 from broadcast at DAGScheduler.scala:1580
26/04/24 05:42:03 INFO DAGScheduler: Submitting 1 missing tasks from ShuffleMapStage 24 (MapPartitionsRDD[48] at collect at /home/jovyan/work/scripts/04_diagnostic_join_check.py:10) (first 15 tasks are for partitions Vector(0))
26/04/24 05:42:03 INFO TaskSchedulerImpl: Adding task set 24.0 with 1 tasks resource profile 0
26/04/24 05:42:03 INFO TaskSetManager: Starting task 0.0 in stage 24.0 (TID 17) (3ed262302279, executor driver, partition 0, PROCESS_LOCAL, 8282 bytes) 
26/04/24 05:42:03 INFO Executor: Running task 0.0 in stage 24.0 (TID 17)
26/04/24 05:42:03 INFO FileScanRDD: Reading File path: file:///home/jovyan/work/output/parquet/layoffs/part-00000-f45651c9-71ad-4d0d-92ca-eda81335982f-c000.snappy.parquet, range: 0-91750, partition values: [empty row]
26/04/24 05:42:03 INFO FilterCompat: Filtering using predicate: noteq(company_normalized, null)
26/04/24 05:42:03 INFO Executor: Finished task 0.0 in stage 24.0 (TID 17). 2986 bytes result sent to driver
26/04/24 05:42:03 INFO TaskSetManager: Finished task 0.0 in stage 24.0 (TID 17) in 82 ms on 3ed262302279 (executor driver) (1/1)
26/04/24 05:42:03 INFO TaskSchedulerImpl: Removed TaskSet 24.0, whose tasks have all completed, from pool 
26/04/24 05:42:03 INFO DAGScheduler: ShuffleMapStage 24 (collect at /home/jovyan/work/scripts/04_diagnostic_join_check.py:10) finished in 0.087 s
26/04/24 05:42:03 INFO DAGScheduler: looking for newly runnable stages
26/04/24 05:42:03 INFO DAGScheduler: running: Set()
26/04/24 05:42:03 INFO DAGScheduler: waiting: Set()
26/04/24 05:42:03 INFO DAGScheduler: failed: Set()
26/04/24 05:42:03 INFO FileSourceStrategy: Pushed Filters: 
26/04/24 05:42:03 INFO FileSourceStrategy: Post-Scan Filters: 
26/04/24 05:42:03 INFO ShufflePartitionsUtil: For shuffle(7), advisory target size: 67108864, actual target size 1048576, minimum partition size: 1048576
26/04/24 05:42:03 INFO CodeGenerator: Code generated in 13.483809 ms
26/04/24 05:42:03 INFO SparkContext: Starting job: collect at /home/jovyan/work/scripts/04_diagnostic_join_check.py:10
26/04/24 05:42:03 INFO DAGScheduler: Got job 15 (collect at /home/jovyan/work/scripts/04_diagnostic_join_check.py:10) with 1 output partitions
26/04/24 05:42:03 INFO DAGScheduler: Final stage: ResultStage 26 (collect at /home/jovyan/work/scripts/04_diagnostic_join_check.py:10)
26/04/24 05:42:03 INFO DAGScheduler: Parents of final stage: List(ShuffleMapStage 25)
26/04/24 05:42:03 INFO DAGScheduler: Missing parents: List()
26/04/24 05:42:03 INFO DAGScheduler: Submitting ResultStage 26 (MapPartitionsRDD[51] at collect at /home/jovyan/work/scripts/04_diagnostic_join_check.py:10), which has no missing parents
26/04/24 05:42:03 INFO MemoryStore: Block broadcast_22 stored as values in memory (estimated size 39.6 KiB, free 431.7 MiB)
26/04/24 05:42:03 INFO MemoryStore: Block broadcast_22_piece0 stored as bytes in memory (estimated size 18.3 KiB, free 431.6 MiB)
26/04/24 05:42:03 INFO BlockManagerInfo: Added broadcast_22_piece0 in memory on 3ed262302279:40717 (size: 18.3 KiB, free: 434.1 MiB)
26/04/24 05:42:03 INFO BlockManagerInfo: Removed broadcast_21_piece0 on 3ed262302279:40717 in memory (size: 16.5 KiB, free: 434.1 MiB)
26/04/24 05:42:03 INFO SparkContext: Created broadcast 22 from broadcast at DAGScheduler.scala:1580
26/04/24 05:42:03 INFO DAGScheduler: Submitting 1 missing tasks from ResultStage 26 (MapPartitionsRDD[51] at collect at /home/jovyan/work/scripts/04_diagnostic_join_check.py:10) (first 15 tasks are for partitions Vector(0))
26/04/24 05:42:03 INFO TaskSchedulerImpl: Adding task set 26.0 with 1 tasks resource profile 0
26/04/24 05:42:03 INFO TaskSetManager: Starting task 0.0 in stage 26.0 (TID 18) (3ed262302279, executor driver, partition 0, NODE_LOCAL, 7615 bytes) 
26/04/24 05:42:03 INFO BlockManagerInfo: Removed broadcast_19_piece0 on 3ed262302279:40717 in memory (size: 5.9 KiB, free: 434.1 MiB)
26/04/24 05:42:03 INFO Executor: Running task 0.0 in stage 26.0 (TID 18)
26/04/24 05:42:03 INFO ShuffleBlockFetcherIterator: Getting 1 (56.1 KiB) non-empty blocks including 1 (56.1 KiB) local and 0 (0.0 B) host-local and 0 (0.0 B) push-merged-local and 0 (0.0 B) remote blocks
26/04/24 05:42:03 INFO ShuffleBlockFetcherIterator: Started 0 remote fetches in 0 ms
26/04/24 05:42:03 INFO CodeGenerator: Code generated in 13.970188 ms
26/04/24 05:42:03 INFO Executor: Finished task 0.0 in stage 26.0 (TID 18). 41482 bytes result sent to driver
26/04/24 05:42:03 INFO TaskSetManager: Finished task 0.0 in stage 26.0 (TID 18) in 29 ms on 3ed262302279 (executor driver) (1/1)
26/04/24 05:42:03 INFO TaskSchedulerImpl: Removed TaskSet 26.0, whose tasks have all completed, from pool 
26/04/24 05:42:03 INFO DAGScheduler: ResultStage 26 (collect at /home/jovyan/work/scripts/04_diagnostic_join_check.py:10) finished in 0.036 s
26/04/24 05:42:03 INFO DAGScheduler: Job 15 is finished. Cancelling potential speculative or zombie tasks for this job
26/04/24 05:42:03 INFO TaskSchedulerImpl: Killing all running tasks in stage 26: Stage finished
26/04/24 05:42:03 INFO DAGScheduler: Job 15 finished: collect at /home/jovyan/work/scripts/04_diagnostic_join_check.py:10, took 0.039374 s
26/04/24 05:42:03 INFO CodeGenerator: Code generated in 2.657476 ms
26/04/24 05:42:03 INFO MemoryStore: Block broadcast_23 stored as values in memory (estimated size 1152.0 KiB, free 430.6 MiB)
26/04/24 05:42:03 INFO MemoryStore: Block broadcast_23_piece0 stored as bytes in memory (estimated size 54.7 KiB, free 430.5 MiB)
26/04/24 05:42:03 INFO BlockManagerInfo: Added broadcast_23_piece0 in memory on 3ed262302279:40717 (size: 54.7 KiB, free: 434.0 MiB)
26/04/24 05:42:03 INFO SparkContext: Created broadcast 23 from collect at /home/jovyan/work/scripts/04_diagnostic_join_check.py:10
26/04/24 05:42:03 INFO FileSourceStrategy: Pushed Filters: 
26/04/24 05:42:03 INFO FileSourceStrategy: Post-Scan Filters: 
26/04/24 05:42:03 INFO CodeGenerator: Code generated in 5.857884 ms
26/04/24 05:42:03 INFO MemoryStore: Block broadcast_24 stored as values in memory (estimated size 200.8 KiB, free 430.3 MiB)
26/04/24 05:42:03 INFO MemoryStore: Block broadcast_24_piece0 stored as bytes in memory (estimated size 34.8 KiB, free 430.3 MiB)
26/04/24 05:42:03 INFO BlockManagerInfo: Added broadcast_24_piece0 in memory on 3ed262302279:40717 (size: 34.8 KiB, free: 434.0 MiB)
26/04/24 05:42:03 INFO SparkContext: Created broadcast 24 from collect at /home/jovyan/work/scripts/04_diagnostic_join_check.py:10
26/04/24 05:42:03 INFO FileSourceScanExec: Planning scan with bin packing, max size: 4194304 bytes, open cost is considered as scanning 4194304 bytes.
26/04/24 05:42:03 INFO DAGScheduler: Registering RDD 55 (collect at /home/jovyan/work/scripts/04_diagnostic_join_check.py:10) as input to shuffle 8
26/04/24 05:42:03 INFO DAGScheduler: Got map stage job 16 (collect at /home/jovyan/work/scripts/04_diagnostic_join_check.py:10) with 2 output partitions
26/04/24 05:42:03 INFO DAGScheduler: Final stage: ShuffleMapStage 27 (collect at /home/jovyan/work/scripts/04_diagnostic_join_check.py:10)
26/04/24 05:42:03 INFO DAGScheduler: Parents of final stage: List()
26/04/24 05:42:03 INFO DAGScheduler: Missing parents: List()
26/04/24 05:42:03 INFO DAGScheduler: Submitting ShuffleMapStage 27 (MapPartitionsRDD[55] at collect at /home/jovyan/work/scripts/04_diagnostic_join_check.py:10), which has no missing parents
26/04/24 05:42:03 INFO MemoryStore: Block broadcast_25 stored as values in memory (estimated size 19.7 KiB, free 430.3 MiB)
26/04/24 05:42:03 INFO MemoryStore: Block broadcast_25_piece0 stored as bytes in memory (estimated size 8.6 KiB, free 430.3 MiB)
26/04/24 05:42:03 INFO BlockManagerInfo: Removed broadcast_22_piece0 on 3ed262302279:40717 in memory (size: 18.3 KiB, free: 434.0 MiB)
26/04/24 05:42:03 INFO BlockManagerInfo: Added broadcast_25_piece0 in memory on 3ed262302279:40717 (size: 8.6 KiB, free: 434.0 MiB)
26/04/24 05:42:03 INFO SparkContext: Created broadcast 25 from broadcast at DAGScheduler.scala:1580
26/04/24 05:42:03 INFO DAGScheduler: Submitting 2 missing tasks from ShuffleMapStage 27 (MapPartitionsRDD[55] at collect at /home/jovyan/work/scripts/04_diagnostic_join_check.py:10) (first 15 tasks are for partitions Vector(0, 1))
26/04/24 05:42:03 INFO TaskSchedulerImpl: Adding task set 27.0 with 2 tasks resource profile 0
26/04/24 05:42:03 INFO TaskSetManager: Starting task 0.0 in stage 27.0 (TID 19) (3ed262302279, executor driver, partition 0, PROCESS_LOCAL, 8283 bytes) 
26/04/24 05:42:03 INFO TaskSetManager: Starting task 1.0 in stage 27.0 (TID 20) (3ed262302279, executor driver, partition 1, PROCESS_LOCAL, 8283 bytes) 
26/04/24 05:42:03 INFO Executor: Running task 1.0 in stage 27.0 (TID 20)
26/04/24 05:42:03 INFO Executor: Running task 0.0 in stage 27.0 (TID 19)
26/04/24 05:42:03 INFO CodeGenerator: Code generated in 5.424129 ms
26/04/24 05:42:04 INFO FileScanRDD: Reading File path: file:///home/jovyan/work/output/parquet/postings/part-00000-0535bfa7-e4ed-461a-a39a-13361c51bed8-c000.snappy.parquet, range: 0-4194304, partition values: [empty row]
26/04/24 05:42:04 INFO FileScanRDD: Reading File path: file:///home/jovyan/work/output/parquet/postings/part-00000-0535bfa7-e4ed-461a-a39a-13361c51bed8-c000.snappy.parquet, range: 4194304-6443491, partition values: [empty row]
26/04/24 05:42:04 INFO Executor: Finished task 1.0 in stage 27.0 (TID 20). 2192 bytes result sent to driver
26/04/24 05:42:04 INFO TaskSetManager: Finished task 1.0 in stage 27.0 (TID 20) in 30 ms on 3ed262302279 (executor driver) (1/2)
26/04/24 05:42:04 INFO Executor: Finished task 0.0 in stage 27.0 (TID 19). 2235 bytes result sent to driver
26/04/24 05:42:04 INFO TaskSetManager: Finished task 0.0 in stage 27.0 (TID 19) in 62 ms on 3ed262302279 (executor driver) (2/2)
26/04/24 05:42:04 INFO TaskSchedulerImpl: Removed TaskSet 27.0, whose tasks have all completed, from pool 
26/04/24 05:42:04 INFO DAGScheduler: ShuffleMapStage 27 (collect at /home/jovyan/work/scripts/04_diagnostic_join_check.py:10) finished in 0.071 s
26/04/24 05:42:04 INFO DAGScheduler: looking for newly runnable stages
26/04/24 05:42:04 INFO DAGScheduler: running: Set()
26/04/24 05:42:04 INFO DAGScheduler: waiting: Set()
26/04/24 05:42:04 INFO DAGScheduler: failed: Set()
26/04/24 05:42:04 INFO SparkContext: Starting job: collect at /home/jovyan/work/scripts/04_diagnostic_join_check.py:10
26/04/24 05:42:04 INFO DAGScheduler: Got job 17 (collect at /home/jovyan/work/scripts/04_diagnostic_join_check.py:10) with 1 output partitions
26/04/24 05:42:04 INFO DAGScheduler: Final stage: ResultStage 29 (collect at /home/jovyan/work/scripts/04_diagnostic_join_check.py:10)
26/04/24 05:42:04 INFO DAGScheduler: Parents of final stage: List(ShuffleMapStage 28)
26/04/24 05:42:04 INFO DAGScheduler: Missing parents: List()
26/04/24 05:42:04 INFO DAGScheduler: Submitting ResultStage 29 (MapPartitionsRDD[58] at collect at /home/jovyan/work/scripts/04_diagnostic_join_check.py:10), which has no missing parents
26/04/24 05:42:04 INFO MemoryStore: Block broadcast_26 stored as values in memory (estimated size 12.5 KiB, free 430.3 MiB)
26/04/24 05:42:04 INFO MemoryStore: Block broadcast_26_piece0 stored as bytes in memory (estimated size 5.9 KiB, free 430.3 MiB)
26/04/24 05:42:04 INFO BlockManagerInfo: Added broadcast_26_piece0 in memory on 3ed262302279:40717 (size: 5.9 KiB, free: 434.0 MiB)
26/04/24 05:42:04 INFO SparkContext: Created broadcast 26 from broadcast at DAGScheduler.scala:1580
26/04/24 05:42:04 INFO DAGScheduler: Submitting 1 missing tasks from ResultStage 29 (MapPartitionsRDD[58] at collect at /home/jovyan/work/scripts/04_diagnostic_join_check.py:10) (first 15 tasks are for partitions Vector(0))
26/04/24 05:42:04 INFO TaskSchedulerImpl: Adding task set 29.0 with 1 tasks resource profile 0
26/04/24 05:42:04 INFO TaskSetManager: Starting task 0.0 in stage 29.0 (TID 21) (3ed262302279, executor driver, partition 0, NODE_LOCAL, 7615 bytes) 
26/04/24 05:42:04 INFO Executor: Running task 0.0 in stage 29.0 (TID 21)
26/04/24 05:42:04 INFO ShuffleBlockFetcherIterator: Getting 2 (120.0 B) non-empty blocks including 2 (120.0 B) local and 0 (0.0 B) host-local and 0 (0.0 B) push-merged-local and 0 (0.0 B) remote blocks
26/04/24 05:42:04 INFO ShuffleBlockFetcherIterator: Started 0 remote fetches in 0 ms
26/04/24 05:42:04 INFO Executor: Finished task 0.0 in stage 29.0 (TID 21). 3995 bytes result sent to driver
26/04/24 05:42:04 INFO TaskSetManager: Finished task 0.0 in stage 29.0 (TID 21) in 5 ms on 3ed262302279 (executor driver) (1/1)
26/04/24 05:42:04 INFO TaskSchedulerImpl: Removed TaskSet 29.0, whose tasks have all completed, from pool 
26/04/24 05:42:04 INFO DAGScheduler: ResultStage 29 (collect at /home/jovyan/work/scripts/04_diagnostic_join_check.py:10) finished in 0.009 s
26/04/24 05:42:04 INFO DAGScheduler: Job 17 is finished. Cancelling potential speculative or zombie tasks for this job
26/04/24 05:42:04 INFO TaskSchedulerImpl: Killing all running tasks in stage 29: Stage finished
26/04/24 05:42:04 INFO DAGScheduler: Job 17 finished: collect at /home/jovyan/work/scripts/04_diagnostic_join_check.py:10, took 0.009585 s
DIAG: distinct_layoff_companies=2505
DIAG: distinct_posting_companies=24315
DIAG: matched_companies=432
DIAG: company_hit_rate_pct=17.25
DIAG: total_postings=123394
DIAG: matched_postings=3569
DIAG: posting_share_in_layoff_cohort_pct=2.89
DIAG: top20_unmatched_layoff_companies (by total_laid_off desc)
26/04/24 05:42:04 INFO FileSourceStrategy: Pushed Filters: IsNotNull(company_normalized)
26/04/24 05:42:04 INFO FileSourceStrategy: Post-Scan Filters: isnotnull(company_normalized#52)
26/04/24 05:42:04 INFO FileSourceStrategy: Pushed Filters: IsNotNull(company_normalized)
26/04/24 05:42:04 INFO FileSourceStrategy: Post-Scan Filters: isnotnull(company_normalized#21)
26/04/24 05:42:04 INFO MemoryStore: Block broadcast_27 stored as values in memory (estimated size 200.8 KiB, free 430.1 MiB)
26/04/24 05:42:04 INFO MemoryStore: Block broadcast_27_piece0 stored as bytes in memory (estimated size 34.8 KiB, free 430.1 MiB)
26/04/24 05:42:04 INFO BlockManagerInfo: Added broadcast_27_piece0 in memory on 3ed262302279:40717 (size: 34.8 KiB, free: 434.0 MiB)
26/04/24 05:42:04 INFO SparkContext: Created broadcast 27 from showString at NativeMethodAccessorImpl.java:0
26/04/24 05:42:04 INFO FileSourceScanExec: Planning scan with bin packing, max size: 4194304 bytes, open cost is considered as scanning 4194304 bytes.
26/04/24 05:42:04 INFO DAGScheduler: Registering RDD 62 (showString at NativeMethodAccessorImpl.java:0) as input to shuffle 9
26/04/24 05:42:04 INFO DAGScheduler: Got map stage job 18 (showString at NativeMethodAccessorImpl.java:0) with 2 output partitions
26/04/24 05:42:04 INFO DAGScheduler: Final stage: ShuffleMapStage 30 (showString at NativeMethodAccessorImpl.java:0)
26/04/24 05:42:04 INFO DAGScheduler: Parents of final stage: List()
26/04/24 05:42:04 INFO DAGScheduler: Missing parents: List()
26/04/24 05:42:04 INFO DAGScheduler: Submitting ShuffleMapStage 30 (MapPartitionsRDD[62] at showString at NativeMethodAccessorImpl.java:0), which has no missing parents
26/04/24 05:42:04 INFO MemoryStore: Block broadcast_28 stored as values in memory (estimated size 36.6 KiB, free 430.0 MiB)
26/04/24 05:42:04 INFO MemoryStore: Block broadcast_28_piece0 stored as bytes in memory (estimated size 16.5 KiB, free 430.0 MiB)
26/04/24 05:42:04 INFO BlockManagerInfo: Removed broadcast_26_piece0 on 3ed262302279:40717 in memory (size: 5.9 KiB, free: 434.0 MiB)
26/04/24 05:42:04 INFO BlockManagerInfo: Added broadcast_28_piece0 in memory on 3ed262302279:40717 (size: 16.5 KiB, free: 434.0 MiB)
26/04/24 05:42:04 INFO SparkContext: Created broadcast 28 from broadcast at DAGScheduler.scala:1580
26/04/24 05:42:04 INFO DAGScheduler: Submitting 2 missing tasks from ShuffleMapStage 30 (MapPartitionsRDD[62] at showString at NativeMethodAccessorImpl.java:0) (first 15 tasks are for partitions Vector(0, 1))
26/04/24 05:42:04 INFO TaskSchedulerImpl: Adding task set 30.0 with 2 tasks resource profile 0
26/04/24 05:42:04 INFO TaskSetManager: Starting task 0.0 in stage 30.0 (TID 22) (3ed262302279, executor driver, partition 0, PROCESS_LOCAL, 8283 bytes) 
26/04/24 05:42:04 INFO TaskSetManager: Starting task 1.0 in stage 30.0 (TID 23) (3ed262302279, executor driver, partition 1, PROCESS_LOCAL, 8283 bytes) 
26/04/24 05:42:04 INFO BlockManagerInfo: Removed broadcast_25_piece0 on 3ed262302279:40717 in memory (size: 8.6 KiB, free: 434.0 MiB)
26/04/24 05:42:04 INFO Executor: Running task 1.0 in stage 30.0 (TID 23)
26/04/24 05:42:04 INFO Executor: Running task 0.0 in stage 30.0 (TID 22)
26/04/24 05:42:04 INFO FileScanRDD: Reading File path: file:///home/jovyan/work/output/parquet/postings/part-00000-0535bfa7-e4ed-461a-a39a-13361c51bed8-c000.snappy.parquet, range: 0-4194304, partition values: [empty row]
26/04/24 05:42:04 INFO FileScanRDD: Reading File path: file:///home/jovyan/work/output/parquet/postings/part-00000-0535bfa7-e4ed-461a-a39a-13361c51bed8-c000.snappy.parquet, range: 4194304-6443491, partition values: [empty row]
26/04/24 05:42:04 INFO FilterCompat: Filtering using predicate: noteq(company_normalized, null)
26/04/24 05:42:04 INFO FilterCompat: Filtering using predicate: noteq(company_normalized, null)
26/04/24 05:42:04 INFO Executor: Finished task 1.0 in stage 30.0 (TID 23). 2814 bytes result sent to driver
26/04/24 05:42:04 INFO TaskSetManager: Finished task 1.0 in stage 30.0 (TID 23) in 31 ms on 3ed262302279 (executor driver) (1/2)
26/04/24 05:42:04 INFO Executor: Finished task 0.0 in stage 30.0 (TID 22). 2986 bytes result sent to driver
26/04/24 05:42:04 INFO TaskSetManager: Finished task 0.0 in stage 30.0 (TID 22) in 81 ms on 3ed262302279 (executor driver) (2/2)
26/04/24 05:42:04 INFO TaskSchedulerImpl: Removed TaskSet 30.0, whose tasks have all completed, from pool 
26/04/24 05:42:04 INFO DAGScheduler: ShuffleMapStage 30 (showString at NativeMethodAccessorImpl.java:0) finished in 0.088 s
26/04/24 05:42:04 INFO DAGScheduler: looking for newly runnable stages
26/04/24 05:42:04 INFO DAGScheduler: running: Set()
26/04/24 05:42:04 INFO DAGScheduler: waiting: Set()
26/04/24 05:42:04 INFO DAGScheduler: failed: Set()
26/04/24 05:42:04 INFO FileSourceStrategy: Pushed Filters: IsNotNull(company_normalized)
26/04/24 05:42:04 INFO FileSourceStrategy: Post-Scan Filters: isnotnull(company_normalized#52)
26/04/24 05:42:04 INFO ShufflePartitionsUtil: For shuffle(9), advisory target size: 67108864, actual target size 1048576, minimum partition size: 1048576
26/04/24 05:42:04 INFO SparkContext: Starting job: $anonfun$withThreadLocalCaptured$1 at FutureTask.java:264
26/04/24 05:42:04 INFO DAGScheduler: Got job 19 ($anonfun$withThreadLocalCaptured$1 at FutureTask.java:264) with 1 output partitions
26/04/24 05:42:04 INFO DAGScheduler: Final stage: ResultStage 32 ($anonfun$withThreadLocalCaptured$1 at FutureTask.java:264)
26/04/24 05:42:04 INFO DAGScheduler: Parents of final stage: List(ShuffleMapStage 31)
26/04/24 05:42:04 INFO DAGScheduler: Missing parents: List()
26/04/24 05:42:04 INFO DAGScheduler: Submitting ResultStage 32 (MapPartitionsRDD[65] at $anonfun$withThreadLocalCaptured$1 at FutureTask.java:264), which has no missing parents
26/04/24 05:42:04 INFO MemoryStore: Block broadcast_29 stored as values in memory (estimated size 39.6 KiB, free 430.0 MiB)
26/04/24 05:42:04 INFO MemoryStore: Block broadcast_29_piece0 stored as bytes in memory (estimated size 18.3 KiB, free 430.0 MiB)
26/04/24 05:42:04 INFO BlockManagerInfo: Added broadcast_29_piece0 in memory on 3ed262302279:40717 (size: 18.3 KiB, free: 433.9 MiB)
26/04/24 05:42:04 INFO SparkContext: Created broadcast 29 from broadcast at DAGScheduler.scala:1580
26/04/24 05:42:04 INFO DAGScheduler: Submitting 1 missing tasks from ResultStage 32 (MapPartitionsRDD[65] at $anonfun$withThreadLocalCaptured$1 at FutureTask.java:264) (first 15 tasks are for partitions Vector(0))
26/04/24 05:42:04 INFO TaskSchedulerImpl: Adding task set 32.0 with 1 tasks resource profile 0
26/04/24 05:42:04 INFO TaskSetManager: Starting task 0.0 in stage 32.0 (TID 24) (3ed262302279, executor driver, partition 0, NODE_LOCAL, 7615 bytes) 
26/04/24 05:42:04 INFO Executor: Running task 0.0 in stage 32.0 (TID 24)
26/04/24 05:42:04 INFO ShuffleBlockFetcherIterator: Getting 1 (611.7 KiB) non-empty blocks including 1 (611.7 KiB) local and 0 (0.0 B) host-local and 0 (0.0 B) push-merged-local and 0 (0.0 B) remote blocks
26/04/24 05:42:04 INFO ShuffleBlockFetcherIterator: Started 0 remote fetches in 0 ms
26/04/24 05:42:04 INFO BlockManagerInfo: Removed broadcast_28_piece0 on 3ed262302279:40717 in memory (size: 16.5 KiB, free: 434.0 MiB)
26/04/24 05:42:04 INFO Executor: Finished task 0.0 in stage 32.0 (TID 24). 524609 bytes result sent to driver
26/04/24 05:42:04 INFO TaskSetManager: Finished task 0.0 in stage 32.0 (TID 24) in 27 ms on 3ed262302279 (executor driver) (1/1)
26/04/24 05:42:04 INFO TaskSchedulerImpl: Removed TaskSet 32.0, whose tasks have all completed, from pool 
26/04/24 05:42:04 INFO DAGScheduler: ResultStage 32 ($anonfun$withThreadLocalCaptured$1 at FutureTask.java:264) finished in 0.031 s
26/04/24 05:42:04 INFO DAGScheduler: Job 19 is finished. Cancelling potential speculative or zombie tasks for this job
26/04/24 05:42:04 INFO TaskSchedulerImpl: Killing all running tasks in stage 32: Stage finished
26/04/24 05:42:04 INFO DAGScheduler: Job 19 finished: $anonfun$withThreadLocalCaptured$1 at FutureTask.java:264, took 0.033570 s
26/04/24 05:42:04 INFO MemoryStore: Block broadcast_30 stored as values in memory (estimated size 4.0 MiB, free 426.1 MiB)
26/04/24 05:42:04 INFO MemoryStore: Block broadcast_30_piece0 stored as bytes in memory (estimated size 743.3 KiB, free 425.3 MiB)
26/04/24 05:42:04 INFO BlockManagerInfo: Added broadcast_30_piece0 in memory on 3ed262302279:40717 (size: 743.3 KiB, free: 433.2 MiB)
26/04/24 05:42:04 INFO SparkContext: Created broadcast 30 from $anonfun$withThreadLocalCaptured$1 at FutureTask.java:264
26/04/24 05:42:04 INFO FileSourceStrategy: Pushed Filters: IsNotNull(company_normalized)
26/04/24 05:42:04 INFO FileSourceStrategy: Post-Scan Filters: isnotnull(company_normalized#52)
26/04/24 05:42:04 INFO CodeGenerator: Code generated in 5.210794 ms
26/04/24 05:42:04 INFO CodeGenerator: Code generated in 5.688587 ms
26/04/24 05:42:04 INFO MemoryStore: Block broadcast_31 stored as values in memory (estimated size 201.4 KiB, free 425.1 MiB)
26/04/24 05:42:04 INFO MemoryStore: Block broadcast_31_piece0 stored as bytes in memory (estimated size 35.0 KiB, free 425.1 MiB)
26/04/24 05:42:04 INFO BlockManagerInfo: Added broadcast_31_piece0 in memory on 3ed262302279:40717 (size: 35.0 KiB, free: 433.2 MiB)
26/04/24 05:42:04 INFO SparkContext: Created broadcast 31 from showString at NativeMethodAccessorImpl.java:0
26/04/24 05:42:04 INFO FileSourceScanExec: Planning scan with bin packing, max size: 4194304 bytes, open cost is considered as scanning 4194304 bytes.
26/04/24 05:42:04 INFO SparkContext: Starting job: showString at NativeMethodAccessorImpl.java:0
26/04/24 05:42:04 INFO DAGScheduler: Got job 20 (showString at NativeMethodAccessorImpl.java:0) with 1 output partitions
26/04/24 05:42:04 INFO DAGScheduler: Final stage: ResultStage 33 (showString at NativeMethodAccessorImpl.java:0)
26/04/24 05:42:04 INFO DAGScheduler: Parents of final stage: List()
26/04/24 05:42:04 INFO DAGScheduler: Missing parents: List()
26/04/24 05:42:04 INFO DAGScheduler: Submitting ResultStage 33 (MapPartitionsRDD[70] at showString at NativeMethodAccessorImpl.java:0), which has no missing parents
26/04/24 05:42:04 INFO MemoryStore: Block broadcast_32 stored as values in memory (estimated size 21.6 KiB, free 425.1 MiB)
26/04/24 05:42:04 INFO MemoryStore: Block broadcast_32_piece0 stored as bytes in memory (estimated size 8.5 KiB, free 425.1 MiB)
26/04/24 05:42:04 INFO BlockManagerInfo: Added broadcast_32_piece0 in memory on 3ed262302279:40717 (size: 8.5 KiB, free: 433.2 MiB)
26/04/24 05:42:04 INFO BlockManagerInfo: Removed broadcast_29_piece0 on 3ed262302279:40717 in memory (size: 18.3 KiB, free: 433.2 MiB)
26/04/24 05:42:04 INFO SparkContext: Created broadcast 32 from broadcast at DAGScheduler.scala:1580
26/04/24 05:42:04 INFO DAGScheduler: Submitting 1 missing tasks from ResultStage 33 (MapPartitionsRDD[70] at showString at NativeMethodAccessorImpl.java:0) (first 15 tasks are for partitions Vector(0))
26/04/24 05:42:04 INFO TaskSchedulerImpl: Adding task set 33.0 with 1 tasks resource profile 0
26/04/24 05:42:04 INFO TaskSetManager: Starting task 0.0 in stage 33.0 (TID 25) (3ed262302279, executor driver, partition 0, PROCESS_LOCAL, 8293 bytes) 
26/04/24 05:42:04 INFO Executor: Running task 0.0 in stage 33.0 (TID 25)
26/04/24 05:42:04 INFO CodeGenerator: Code generated in 3.128476 ms
26/04/24 05:42:04 INFO CodeGenerator: Code generated in 5.849477 ms
26/04/24 05:42:04 INFO FileScanRDD: Reading File path: file:///home/jovyan/work/output/parquet/layoffs/part-00000-f45651c9-71ad-4d0d-92ca-eda81335982f-c000.snappy.parquet, range: 0-91750, partition values: [empty row]
26/04/24 05:42:04 INFO FilterCompat: Filtering using predicate: noteq(company_normalized, null)
26/04/24 05:42:04 INFO Executor: Finished task 0.0 in stage 33.0 (TID 25). 4191 bytes result sent to driver
26/04/24 05:42:04 INFO TaskSetManager: Finished task 0.0 in stage 33.0 (TID 25) in 83 ms on 3ed262302279 (executor driver) (1/1)
26/04/24 05:42:04 INFO TaskSchedulerImpl: Removed TaskSet 33.0, whose tasks have all completed, from pool 
26/04/24 05:42:04 INFO DAGScheduler: ResultStage 33 (showString at NativeMethodAccessorImpl.java:0) finished in 0.090 s
26/04/24 05:42:04 INFO DAGScheduler: Job 20 is finished. Cancelling potential speculative or zombie tasks for this job
26/04/24 05:42:04 INFO TaskSchedulerImpl: Killing all running tasks in stage 33: Stage finished
26/04/24 05:42:04 INFO DAGScheduler: Job 20 finished: showString at NativeMethodAccessorImpl.java:0, took 0.091456 s
26/04/24 05:42:04 INFO CodeGenerator: Code generated in 4.818116 ms
26/04/24 05:42:04 INFO CodeGenerator: Code generated in 2.969673 ms
+-----------+------------------+--------------+----------+--------------+--------------+
|company    |company_normalized|total_laid_off|date      |industry      |country       |
+-----------+------------------+--------------+----------+--------------+--------------+
|Flink      |flink             |8000          |2023-04-24|Food          |Germany       |
|Dell       |dell              |6650          |2023-02-06|Hardware      |United States |
|Dell       |dell              |6000          |2024-03-25|Hardware      |United States |
|Micron     |micron            |4800          |2023-01-01|Hardware      |United States |
|Booking.com|booking.com       |4375          |2020-07-30|Travel        |Netherlands   |
|Toshiba    |toshiba           |4000          |2024-05-16|Manufacturing |Japan         |
|Twitter    |twitter           |3700          |2022-11-04|Consumer      |United States |
|Paytm      |paytm             |3500          |2024-06-10|Finance       |India         |
|Getir      |getir             |3300          |2024-04-29|Food          |United Kingdom|
|Cerner     |cerner            |3000          |2023-05-16|Healthcare    |United States |
|Seagate    |seagate           |3000          |2022-10-26|Hardware      |United States |
|Better.com |better.com        |3000          |2022-03-08|Real Estate   |United States |
|Northvolt  |northvolt         |2800          |2025-03-31|Energy        |Sweden        |
|Peloton    |peloton           |2800          |2022-02-08|Fitness       |United States |
|Groupon    |groupon           |2800          |2020-04-13|Retail        |United States |
|Getir      |getir             |2500          |2023-08-22|Food          |United Kingdom|
|Byju's     |byju's            |2500          |2022-10-12|Education     |India         |
|Carvana    |carvana           |2500          |2022-05-10|Transportation|United States |
|Katerra    |katerra           |2434          |2021-06-01|Construction  |United States |
|Micron     |micron            |2400          |2023-02-17|Hardware      |United States |
+-----------+------------------+--------------+----------+--------------+--------------+

26/04/24 05:42:05 INFO FileOutputCommitter: File Output Committer Algorithm version is 1
26/04/24 05:42:05 INFO FileOutputCommitter: FileOutputCommitter skip cleanup _temporary folders under output directory:false, ignore cleanup failures: false
26/04/24 05:42:05 INFO SQLHadoopMapReduceCommitProtocol: Using output committer class org.apache.hadoop.mapreduce.lib.output.FileOutputCommitter
26/04/24 05:42:05 INFO CodeGenerator: Code generated in 2.573564 ms
26/04/24 05:42:05 INFO SparkContext: Starting job: csv at NativeMethodAccessorImpl.java:0
26/04/24 05:42:05 INFO DAGScheduler: Got job 21 (csv at NativeMethodAccessorImpl.java:0) with 1 output partitions
26/04/24 05:42:05 INFO DAGScheduler: Final stage: ResultStage 34 (csv at NativeMethodAccessorImpl.java:0)
26/04/24 05:42:05 INFO DAGScheduler: Parents of final stage: List()
26/04/24 05:42:05 INFO DAGScheduler: Missing parents: List()
26/04/24 05:42:05 INFO DAGScheduler: Submitting ResultStage 34 (MapPartitionsRDD[78] at csv at NativeMethodAccessorImpl.java:0), which has no missing parents
26/04/24 05:42:05 INFO MemoryStore: Block broadcast_33 stored as values in memory (estimated size 214.6 KiB, free 424.9 MiB)
26/04/24 05:42:05 INFO MemoryStore: Block broadcast_33_piece0 stored as bytes in memory (estimated size 78.5 KiB, free 424.9 MiB)
26/04/24 05:42:05 INFO BlockManagerInfo: Added broadcast_33_piece0 in memory on 3ed262302279:40717 (size: 78.5 KiB, free: 433.1 MiB)
26/04/24 05:42:05 INFO SparkContext: Created broadcast 33 from broadcast at DAGScheduler.scala:1580
26/04/24 05:42:05 INFO DAGScheduler: Submitting 1 missing tasks from ResultStage 34 (MapPartitionsRDD[78] at csv at NativeMethodAccessorImpl.java:0) (first 15 tasks are for partitions Vector(0))
26/04/24 05:42:05 INFO TaskSchedulerImpl: Adding task set 34.0 with 1 tasks resource profile 0
26/04/24 05:42:05 INFO TaskSetManager: Starting task 0.0 in stage 34.0 (TID 26) (3ed262302279, executor driver, partition 0, PROCESS_LOCAL, 9457 bytes) 
26/04/24 05:42:05 INFO Executor: Running task 0.0 in stage 34.0 (TID 26)
26/04/24 05:42:05 INFO FileOutputCommitter: File Output Committer Algorithm version is 1
26/04/24 05:42:05 INFO FileOutputCommitter: FileOutputCommitter skip cleanup _temporary folders under output directory:false, ignore cleanup failures: false
26/04/24 05:42:05 INFO SQLHadoopMapReduceCommitProtocol: Using output committer class org.apache.hadoop.mapreduce.lib.output.FileOutputCommitter
26/04/24 05:42:05 INFO CodeGenerator: Code generated in 2.780562 ms
26/04/24 05:42:05 INFO PythonRunner: Times: total = 484, boot = 398, init = 86, finish = 0
26/04/24 05:42:05 INFO PythonRunner: Times: total = 60, boot = 3, init = 57, finish = 0
26/04/24 05:42:05 INFO PythonRunner: Times: total = 58, boot = 5, init = 53, finish = 0
26/04/24 05:42:06 INFO PythonRunner: Times: total = 60, boot = 6, init = 54, finish = 0
26/04/24 05:42:06 INFO PythonRunner: Times: total = 58, boot = 5, init = 53, finish = 0
26/04/24 05:42:06 INFO BlockManagerInfo: Removed broadcast_20_piece0 on 3ed262302279:40717 in memory (size: 34.8 KiB, free: 433.2 MiB)
26/04/24 05:42:06 INFO BlockManagerInfo: Removed broadcast_30_piece0 on 3ed262302279:40717 in memory (size: 743.3 KiB, free: 433.9 MiB)
26/04/24 05:42:06 INFO BlockManagerInfo: Removed broadcast_32_piece0 on 3ed262302279:40717 in memory (size: 8.5 KiB, free: 433.9 MiB)
26/04/24 05:42:06 INFO BlockManagerInfo: Removed broadcast_31_piece0 on 3ed262302279:40717 in memory (size: 35.0 KiB, free: 433.9 MiB)
26/04/24 05:42:06 INFO BlockManagerInfo: Removed broadcast_27_piece0 on 3ed262302279:40717 in memory (size: 34.8 KiB, free: 434.0 MiB)
26/04/24 05:42:06 INFO BlockManagerInfo: Removed broadcast_23_piece0 on 3ed262302279:40717 in memory (size: 54.7 KiB, free: 434.0 MiB)
26/04/24 05:42:06 INFO BlockManagerInfo: Removed broadcast_24_piece0 on 3ed262302279:40717 in memory (size: 34.8 KiB, free: 434.1 MiB)
26/04/24 05:42:06 INFO PythonRunner: Times: total = 56, boot = -1, init = 57, finish = 0
26/04/24 05:42:06 INFO PythonRunner: Times: total = 60, boot = 5, init = 55, finish = 0
26/04/24 05:42:06 INFO PythonRunner: Times: total = 59, boot = 5, init = 54, finish = 0
26/04/24 05:42:06 INFO PythonRunner: Times: total = 61, boot = 5, init = 56, finish = 0
26/04/24 05:42:06 INFO PythonRunner: Times: total = 61, boot = 5, init = 56, finish = 0
26/04/24 05:42:06 INFO PythonRunner: Times: total = 58, boot = 4, init = 54, finish = 0
26/04/24 05:42:06 INFO PythonRunner: Times: total = 59, boot = 6, init = 53, finish = 0
26/04/24 05:42:06 INFO PythonRunner: Times: total = 60, boot = 6, init = 54, finish = 0
26/04/24 05:42:06 INFO PythonRunner: Times: total = 63, boot = 5, init = 58, finish = 0
26/04/24 05:42:06 INFO PythonRunner: Times: total = 62, boot = 6, init = 56, finish = 0
26/04/24 05:42:06 INFO PythonRunner: Times: total = 63, boot = 5, init = 58, finish = 0
26/04/24 05:42:06 INFO PythonRunner: Times: total = 63, boot = 5, init = 58, finish = 0
26/04/24 05:42:06 INFO PythonRunner: Times: total = 64, boot = 6, init = 58, finish = 0
26/04/24 05:42:06 INFO PythonRunner: Times: total = 66, boot = 6, init = 60, finish = 0
26/04/24 05:42:07 INFO PythonRunner: Times: total = 62, boot = 6, init = 56, finish = 0
26/04/24 05:42:07 INFO PythonRunner: Times: total = 60, boot = 5, init = 55, finish = 0
26/04/24 05:42:07 INFO PythonRunner: Times: total = 63, boot = 5, init = 58, finish = 0
26/04/24 05:42:07 INFO PythonRunner: Times: total = 60, boot = 4, init = 56, finish = 0
26/04/24 05:42:07 INFO PythonRunner: Times: total = 61, boot = 5, init = 56, finish = 0
26/04/24 05:42:07 INFO PythonRunner: Times: total = 61, boot = 5, init = 56, finish = 0
26/04/24 05:42:07 INFO PythonRunner: Times: total = 61, boot = 5, init = 56, finish = 0
26/04/24 05:42:07 INFO PythonRunner: Times: total = 62, boot = 6, init = 56, finish = 0
26/04/24 05:42:07 INFO PythonRunner: Times: total = 69, boot = 6, init = 63, finish = 0
26/04/24 05:42:07 INFO PythonRunner: Times: total = 63, boot = 5, init = 58, finish = 0
26/04/24 05:42:07 INFO PythonRunner: Times: total = 60, boot = 5, init = 55, finish = 0
26/04/24 05:42:07 INFO PythonRunner: Times: total = 66, boot = 9, init = 57, finish = 0
26/04/24 05:42:07 INFO PythonRunner: Times: total = 63, boot = 5, init = 58, finish = 0
26/04/24 05:42:07 INFO FileOutputCommitter: Saved output of task 'attempt_202604240542055848763386408124974_0034_m_000000_26' to file:/home/jovyan/work/output/diagnostics/join_hit_rate/_temporary/0/task_202604240542055848763386408124974_0034_m_000000
26/04/24 05:42:07 INFO SparkHadoopMapRedUtil: attempt_202604240542055848763386408124974_0034_m_000000_26: Committed. Elapsed time: 33 ms.
26/04/24 05:42:07 INFO Executor: Finished task 0.0 in stage 34.0 (TID 26). 2961 bytes result sent to driver
26/04/24 05:42:07 INFO TaskSetManager: Finished task 0.0 in stage 34.0 (TID 26) in 2611 ms on 3ed262302279 (executor driver) (1/1)
26/04/24 05:42:07 INFO TaskSchedulerImpl: Removed TaskSet 34.0, whose tasks have all completed, from pool 
26/04/24 05:42:07 INFO PythonAccumulatorV2: Connected to AccumulatorServer at host: 127.0.0.1 port: 46495
26/04/24 05:42:07 INFO DAGScheduler: ResultStage 34 (csv at NativeMethodAccessorImpl.java:0) finished in 2.631 s
26/04/24 05:42:07 INFO DAGScheduler: Job 21 is finished. Cancelling potential speculative or zombie tasks for this job
26/04/24 05:42:07 INFO TaskSchedulerImpl: Killing all running tasks in stage 34: Stage finished
26/04/24 05:42:07 INFO DAGScheduler: Job 21 finished: csv at NativeMethodAccessorImpl.java:0, took 2.633537 s
26/04/24 05:42:07 INFO FileFormatWriter: Start to commit write Job 107791d5-5a27-46e9-96ba-6792f25c06c7.
26/04/24 05:42:08 INFO FileFormatWriter: Write Job 107791d5-5a27-46e9-96ba-6792f25c06c7 committed. Elapsed time: 169 ms.
26/04/24 05:42:08 INFO FileFormatWriter: Finished processing stats for write job 107791d5-5a27-46e9-96ba-6792f25c06c7.
DONE: diagnostic summary written
26/04/24 05:42:08 INFO SparkContext: SparkContext is stopping with exitCode 0.
26/04/24 05:42:08 INFO SparkUI: Stopped Spark web UI at http://3ed262302279:4040
26/04/24 05:42:08 INFO MapOutputTrackerMasterEndpoint: MapOutputTrackerMasterEndpoint stopped!
26/04/24 05:42:08 INFO MemoryStore: MemoryStore cleared
26/04/24 05:42:08 INFO BlockManager: BlockManager stopped
26/04/24 05:42:08 INFO BlockManagerMaster: BlockManagerMaster stopped
26/04/24 05:42:08 INFO OutputCommitCoordinator$OutputCommitCoordinatorEndpoint: OutputCommitCoordinator stopped!
26/04/24 05:42:08 INFO SparkContext: Successfully stopped SparkContext
26/04/24 05:42:08 INFO ShutdownHookManager: Shutdown hook called
26/04/24 05:42:08 INFO ShutdownHookManager: Deleting directory /tmp/spark-e923e00e-43d4-4a9c-a3d6-d1c0d3d92234
26/04/24 05:42:08 INFO ShutdownHookManager: Deleting directory /tmp/spark-a620b93f-ad21-42f1-ab69-ecd49a9fda2c
26/04/24 05:42:08 INFO ShutdownHookManager: Deleting directory /tmp/spark-a620b93f-ad21-42f1-ab69-ecd49a9fda2c/pyspark-22cb5249-609c-490b-9d8a-1c019a9faa42
