26/05/04 04:25:25 INFO SparkContext: Running Spark version 3.5.0
26/05/04 04:25:25 INFO SparkContext: OS info Linux, 5.15.167.4-microsoft-standard-WSL2, amd64
26/05/04 04:25:25 INFO SparkContext: Java version 17.0.8.1
26/05/04 04:25:25 WARN NativeCodeLoader: Unable to load native-hadoop library for your platform... using builtin-java classes where applicable
26/05/04 04:25:25 INFO ResourceUtils: ==============================================================
26/05/04 04:25:25 INFO ResourceUtils: No custom resources configured for spark.driver.
26/05/04 04:25:25 INFO ResourceUtils: ==============================================================
26/05/04 04:25:25 INFO SparkContext: Submitted application: 10_analytics_macro_context
26/05/04 04:25:25 INFO ResourceProfile: Default ResourceProfile created, executor resources: Map(cores -> name: cores, amount: 1, script: , vendor: , memory -> name: memory, amount: 1024, script: , vendor: , offHeap -> name: offHeap, amount: 0, script: , vendor: ), task resources: Map(cpus -> name: cpus, amount: 1.0)
26/05/04 04:25:25 INFO ResourceProfile: Limiting resource is cpu
26/05/04 04:25:25 INFO ResourceProfileManager: Added ResourceProfile id: 0
26/05/04 04:25:25 INFO SecurityManager: Changing view acls to: jovyan
26/05/04 04:25:25 INFO SecurityManager: Changing modify acls to: jovyan
26/05/04 04:25:25 INFO SecurityManager: Changing view acls groups to: 
26/05/04 04:25:25 INFO SecurityManager: Changing modify acls groups to: 
26/05/04 04:25:25 INFO SecurityManager: SecurityManager: authentication disabled; ui acls disabled; users with view permissions: jovyan; groups with view permissions: EMPTY; users with modify permissions: jovyan; groups with modify permissions: EMPTY
26/05/04 04:25:26 INFO Utils: Successfully started service 'sparkDriver' on port 34147.
26/05/04 04:25:26 INFO SparkEnv: Registering MapOutputTracker
26/05/04 04:25:26 INFO SparkEnv: Registering BlockManagerMaster
26/05/04 04:25:26 INFO BlockManagerMasterEndpoint: Using org.apache.spark.storage.DefaultTopologyMapper for getting topology information
26/05/04 04:25:26 INFO BlockManagerMasterEndpoint: BlockManagerMasterEndpoint up
26/05/04 04:25:26 INFO SparkEnv: Registering BlockManagerMasterHeartbeat
26/05/04 04:25:26 INFO DiskBlockManager: Created local directory at /tmp/blockmgr-6f1c2212-64ed-4232-a894-5eeb39a0508e
26/05/04 04:25:26 INFO MemoryStore: MemoryStore started with capacity 434.4 MiB
26/05/04 04:25:26 INFO SparkEnv: Registering OutputCommitCoordinator
26/05/04 04:25:26 INFO JettyUtils: Start Jetty 0.0.0.0:4040 for SparkUI
26/05/04 04:25:26 INFO Utils: Successfully started service 'SparkUI' on port 4040.
26/05/04 04:25:26 INFO Executor: Starting executor ID driver on host 73f6cfc4ae0e
26/05/04 04:25:26 INFO Executor: OS info Linux, 5.15.167.4-microsoft-standard-WSL2, amd64
26/05/04 04:25:26 INFO Executor: Java version 17.0.8.1
26/05/04 04:25:26 INFO Executor: Starting executor with user classpath (userClassPathFirst = false): ''
26/05/04 04:25:26 INFO Executor: Created or updated repl class loader org.apache.spark.util.MutableURLClassLoader@72fdf772 for default.
26/05/04 04:25:26 INFO Utils: Successfully started service 'org.apache.spark.network.netty.NettyBlockTransferService' on port 37575.
26/05/04 04:25:26 INFO NettyBlockTransferService: Server created on 73f6cfc4ae0e:37575
26/05/04 04:25:26 INFO BlockManager: Using org.apache.spark.storage.RandomBlockReplicationPolicy for block replication policy
26/05/04 04:25:26 INFO BlockManagerMaster: Registering BlockManager BlockManagerId(driver, 73f6cfc4ae0e, 37575, None)
26/05/04 04:25:26 INFO BlockManagerMasterEndpoint: Registering block manager 73f6cfc4ae0e:37575 with 434.4 MiB RAM, BlockManagerId(driver, 73f6cfc4ae0e, 37575, None)
26/05/04 04:25:26 INFO BlockManagerMaster: Registered BlockManager BlockManagerId(driver, 73f6cfc4ae0e, 37575, None)
26/05/04 04:25:26 INFO BlockManager: Initialized BlockManager: BlockManagerId(driver, 73f6cfc4ae0e, 37575, None)
26/05/04 04:25:26 INFO SharedState: Setting hive.metastore.warehouse.dir ('null') to the value of spark.sql.warehouse.dir.
26/05/04 04:25:26 INFO SharedState: Warehouse path is 'file:/home/jovyan/work/spark-warehouse'.
26/05/04 04:25:27 INFO InMemoryFileIndex: It took 98 ms to list leaf files for 1 paths.
26/05/04 04:25:27 INFO SparkContext: Starting job: parquet at NativeMethodAccessorImpl.java:0
26/05/04 04:25:27 INFO DAGScheduler: Got job 0 (parquet at NativeMethodAccessorImpl.java:0) with 1 output partitions
26/05/04 04:25:27 INFO DAGScheduler: Final stage: ResultStage 0 (parquet at NativeMethodAccessorImpl.java:0)
26/05/04 04:25:27 INFO DAGScheduler: Parents of final stage: List()
26/05/04 04:25:27 INFO DAGScheduler: Missing parents: List()
26/05/04 04:25:27 INFO DAGScheduler: Submitting ResultStage 0 (MapPartitionsRDD[1] at parquet at NativeMethodAccessorImpl.java:0), which has no missing parents
26/05/04 04:25:27 INFO MemoryStore: Block broadcast_0 stored as values in memory (estimated size 103.1 KiB, free 434.3 MiB)
26/05/04 04:25:27 INFO MemoryStore: Block broadcast_0_piece0 stored as bytes in memory (estimated size 37.1 KiB, free 434.3 MiB)
26/05/04 04:25:27 INFO BlockManagerInfo: Added broadcast_0_piece0 in memory on 73f6cfc4ae0e:37575 (size: 37.1 KiB, free: 434.4 MiB)
26/05/04 04:25:27 INFO SparkContext: Created broadcast 0 from broadcast at DAGScheduler.scala:1580
26/05/04 04:25:27 INFO DAGScheduler: Submitting 1 missing tasks from ResultStage 0 (MapPartitionsRDD[1] at parquet at NativeMethodAccessorImpl.java:0) (first 15 tasks are for partitions Vector(0))
26/05/04 04:25:27 INFO TaskSchedulerImpl: Adding task set 0.0 with 1 tasks resource profile 0
26/05/04 04:25:27 INFO TaskSetManager: Starting task 0.0 in stage 0.0 (TID 0) (73f6cfc4ae0e, executor driver, partition 0, PROCESS_LOCAL, 7821 bytes) 
26/05/04 04:25:27 INFO Executor: Running task 0.0 in stage 0.0 (TID 0)
26/05/04 04:25:27 INFO Executor: Finished task 0.0 in stage 0.0 (TID 0). 2000 bytes result sent to driver
26/05/04 04:25:27 INFO TaskSetManager: Finished task 0.0 in stage 0.0 (TID 0) in 291 ms on 73f6cfc4ae0e (executor driver) (1/1)
26/05/04 04:25:27 INFO TaskSchedulerImpl: Removed TaskSet 0.0, whose tasks have all completed, from pool 
26/05/04 04:25:27 INFO DAGScheduler: ResultStage 0 (parquet at NativeMethodAccessorImpl.java:0) finished in 0.412 s
26/05/04 04:25:27 INFO DAGScheduler: Job 0 is finished. Cancelling potential speculative or zombie tasks for this job
26/05/04 04:25:27 INFO TaskSchedulerImpl: Killing all running tasks in stage 0: Stage finished
26/05/04 04:25:27 INFO DAGScheduler: Job 0 finished: parquet at NativeMethodAccessorImpl.java:0, took 0.438552 s
26/05/04 04:25:27 INFO BlockManagerInfo: Removed broadcast_0_piece0 on 73f6cfc4ae0e:37575 in memory (size: 37.1 KiB, free: 434.4 MiB)
QUERY: q4_1_jolts_layoff_rate
26/05/04 04:25:28 INFO FileSourceStrategy: Pushed Filters: IsNotNull(metric),EqualTo(metric,layoffs_discharges_rate)
26/05/04 04:25:28 INFO FileSourceStrategy: Post-Scan Filters: isnotnull(metric#4),(metric#4 = layoffs_discharges_rate)
26/05/04 04:25:28 INFO CodeGenerator: Code generated in 106.498038 ms
26/05/04 04:25:28 INFO CodeGenerator: Code generated in 35.58178 ms
26/05/04 04:25:28 INFO MemoryStore: Block broadcast_1 stored as values in memory (estimated size 201.4 KiB, free 434.2 MiB)
26/05/04 04:25:28 INFO MemoryStore: Block broadcast_1_piece0 stored as bytes in memory (estimated size 35.0 KiB, free 434.2 MiB)
26/05/04 04:25:28 INFO BlockManagerInfo: Added broadcast_1_piece0 in memory on 73f6cfc4ae0e:37575 (size: 35.0 KiB, free: 434.4 MiB)
26/05/04 04:25:28 INFO SparkContext: Created broadcast 1 from showString at NativeMethodAccessorImpl.java:0
26/05/04 04:25:28 INFO FileSourceScanExec: Planning scan with bin packing, max size: 4194304 bytes, open cost is considered as scanning 4194304 bytes.
26/05/04 04:25:28 INFO SparkContext: Starting job: showString at NativeMethodAccessorImpl.java:0
26/05/04 04:25:28 INFO DAGScheduler: Got job 1 (showString at NativeMethodAccessorImpl.java:0) with 3 output partitions
26/05/04 04:25:28 INFO DAGScheduler: Final stage: ResultStage 1 (showString at NativeMethodAccessorImpl.java:0)
26/05/04 04:25:28 INFO DAGScheduler: Parents of final stage: List()
26/05/04 04:25:28 INFO DAGScheduler: Missing parents: List()
26/05/04 04:25:28 INFO DAGScheduler: Submitting ResultStage 1 (MapPartitionsRDD[6] at showString at NativeMethodAccessorImpl.java:0), which has no missing parents
26/05/04 04:25:29 INFO MemoryStore: Block broadcast_2 stored as values in memory (estimated size 20.5 KiB, free 434.1 MiB)
26/05/04 04:25:29 INFO MemoryStore: Block broadcast_2_piece0 stored as bytes in memory (estimated size 8.1 KiB, free 434.1 MiB)
26/05/04 04:25:29 INFO BlockManagerInfo: Added broadcast_2_piece0 in memory on 73f6cfc4ae0e:37575 (size: 8.1 KiB, free: 434.4 MiB)
26/05/04 04:25:29 INFO SparkContext: Created broadcast 2 from broadcast at DAGScheduler.scala:1580
26/05/04 04:25:29 INFO DAGScheduler: Submitting 3 missing tasks from ResultStage 1 (MapPartitionsRDD[6] at showString at NativeMethodAccessorImpl.java:0) (first 15 tasks are for partitions Vector(0, 1, 2))
26/05/04 04:25:29 INFO TaskSchedulerImpl: Adding task set 1.0 with 3 tasks resource profile 0
26/05/04 04:25:29 INFO TaskSetManager: Starting task 0.0 in stage 1.0 (TID 1) (73f6cfc4ae0e, executor driver, partition 0, PROCESS_LOCAL, 8291 bytes) 
26/05/04 04:25:29 INFO TaskSetManager: Starting task 1.0 in stage 1.0 (TID 2) (73f6cfc4ae0e, executor driver, partition 1, PROCESS_LOCAL, 8291 bytes) 
26/05/04 04:25:29 INFO TaskSetManager: Starting task 2.0 in stage 1.0 (TID 3) (73f6cfc4ae0e, executor driver, partition 2, PROCESS_LOCAL, 8291 bytes) 
26/05/04 04:25:29 INFO Executor: Running task 0.0 in stage 1.0 (TID 1)
26/05/04 04:25:29 INFO Executor: Running task 1.0 in stage 1.0 (TID 2)
26/05/04 04:25:29 INFO Executor: Running task 2.0 in stage 1.0 (TID 3)
26/05/04 04:25:29 INFO CodeGenerator: Code generated in 14.425186 ms
26/05/04 04:25:29 INFO CodeGenerator: Code generated in 22.178916 ms
26/05/04 04:25:29 INFO FileScanRDD: Reading File path: file:///home/jovyan/work/output/parquet/jolts/part-00002-c8313e23-ff28-4bbc-81df-6283104e6754-c000.snappy.parquet, range: 0-4783, partition values: [empty row]
26/05/04 04:25:29 INFO FileScanRDD: Reading File path: file:///home/jovyan/work/output/parquet/jolts/part-00000-c8313e23-ff28-4bbc-81df-6283104e6754-c000.snappy.parquet, range: 0-5033, partition values: [empty row]
26/05/04 04:25:29 INFO FileScanRDD: Reading File path: file:///home/jovyan/work/output/parquet/jolts/part-00004-c8313e23-ff28-4bbc-81df-6283104e6754-c000.snappy.parquet, range: 0-4749, partition values: [empty row]
26/05/04 04:25:29 INFO FilterCompat: Filtering using predicate: and(noteq(metric, null), eq(metric, Binary{"layoffs_discharges_rate"}))
26/05/04 04:25:29 INFO FilterCompat: Filtering using predicate: and(noteq(metric, null), eq(metric, Binary{"layoffs_discharges_rate"}))
26/05/04 04:25:29 INFO FilterCompat: Filtering using predicate: and(noteq(metric, null), eq(metric, Binary{"layoffs_discharges_rate"}))
26/05/04 04:25:29 INFO CodecPool: Got brand-new decompressor [.snappy]
26/05/04 04:25:29 INFO Executor: Finished task 0.0 in stage 1.0 (TID 1). 1688 bytes result sent to driver
26/05/04 04:25:29 INFO Executor: Finished task 1.0 in stage 1.0 (TID 2). 1552 bytes result sent to driver
26/05/04 04:25:29 INFO TaskSetManager: Finished task 1.0 in stage 1.0 (TID 2) in 214 ms on 73f6cfc4ae0e (executor driver) (1/3)
26/05/04 04:25:29 INFO TaskSetManager: Finished task 0.0 in stage 1.0 (TID 1) in 217 ms on 73f6cfc4ae0e (executor driver) (2/3)
26/05/04 04:25:29 INFO Executor: Finished task 2.0 in stage 1.0 (TID 3). 2702 bytes result sent to driver
26/05/04 04:25:29 INFO TaskSetManager: Finished task 2.0 in stage 1.0 (TID 3) in 327 ms on 73f6cfc4ae0e (executor driver) (3/3)
26/05/04 04:25:29 INFO TaskSchedulerImpl: Removed TaskSet 1.0, whose tasks have all completed, from pool 
26/05/04 04:25:29 INFO DAGScheduler: ResultStage 1 (showString at NativeMethodAccessorImpl.java:0) finished in 0.342 s
26/05/04 04:25:29 INFO DAGScheduler: Job 1 is finished. Cancelling potential speculative or zombie tasks for this job
26/05/04 04:25:29 INFO TaskSchedulerImpl: Killing all running tasks in stage 1: Stage finished
26/05/04 04:25:29 INFO DAGScheduler: Job 1 finished: showString at NativeMethodAccessorImpl.java:0, took 0.350685 s
26/05/04 04:25:29 INFO CodeGenerator: Code generated in 15.268751 ms
26/05/04 04:25:29 INFO BlockManagerInfo: Removed broadcast_2_piece0 on 73f6cfc4ae0e:37575 in memory (size: 8.1 KiB, free: 434.4 MiB)
26/05/04 04:25:29 INFO CodeGenerator: Code generated in 10.738286 ms
+----------+----+-----+-----------+-----------------------+
|obs_date  |year|month|industry   |layoffs_discharges_rate|
+----------+----+-----+-----------+-----------------------+
|2000-12-01|2000|12   |Information|0.8                    |
|2001-01-01|2001|1    |Information|1.2                    |
|2001-02-01|2001|2    |Information|1.2                    |
|2001-03-01|2001|3    |Information|0.6                    |
|2001-04-01|2001|4    |Information|1.5                    |
|2001-05-01|2001|5    |Information|1.3                    |
|2001-06-01|2001|6    |Information|1.4                    |
|2001-07-01|2001|7    |Information|1.3                    |
|2001-08-01|2001|8    |Information|1.3                    |
|2001-09-01|2001|9    |Information|1.6                    |
+----------+----+-----+-----------+-----------------------+
only showing top 10 rows

26/05/04 04:25:29 INFO FileSourceStrategy: Pushed Filters: IsNotNull(metric),EqualTo(metric,layoffs_discharges_rate)
26/05/04 04:25:29 INFO FileSourceStrategy: Post-Scan Filters: isnotnull(metric#4),(metric#4 = layoffs_discharges_rate)
26/05/04 04:25:30 INFO CodeGenerator: Code generated in 9.636133 ms
26/05/04 04:25:30 INFO MemoryStore: Block broadcast_3 stored as values in memory (estimated size 200.8 KiB, free 434.0 MiB)
26/05/04 04:25:30 INFO MemoryStore: Block broadcast_3_piece0 stored as bytes in memory (estimated size 34.8 KiB, free 433.9 MiB)
26/05/04 04:25:30 INFO BlockManagerInfo: Added broadcast_3_piece0 in memory on 73f6cfc4ae0e:37575 (size: 34.8 KiB, free: 434.3 MiB)
26/05/04 04:25:30 INFO SparkContext: Created broadcast 3 from count at NativeMethodAccessorImpl.java:0
26/05/04 04:25:30 INFO FileSourceScanExec: Planning scan with bin packing, max size: 4194304 bytes, open cost is considered as scanning 4194304 bytes.
26/05/04 04:25:30 INFO DAGScheduler: Registering RDD 10 (count at NativeMethodAccessorImpl.java:0) as input to shuffle 0
26/05/04 04:25:30 INFO DAGScheduler: Got map stage job 2 (count at NativeMethodAccessorImpl.java:0) with 3 output partitions
26/05/04 04:25:30 INFO DAGScheduler: Final stage: ShuffleMapStage 2 (count at NativeMethodAccessorImpl.java:0)
26/05/04 04:25:30 INFO DAGScheduler: Parents of final stage: List()
26/05/04 04:25:30 INFO DAGScheduler: Missing parents: List()
26/05/04 04:25:30 INFO DAGScheduler: Submitting ShuffleMapStage 2 (MapPartitionsRDD[10] at count at NativeMethodAccessorImpl.java:0), which has no missing parents
26/05/04 04:25:30 INFO MemoryStore: Block broadcast_4 stored as values in memory (estimated size 18.6 KiB, free 433.9 MiB)
26/05/04 04:25:30 INFO MemoryStore: Block broadcast_4_piece0 stored as bytes in memory (estimated size 8.3 KiB, free 433.9 MiB)
26/05/04 04:25:30 INFO BlockManagerInfo: Added broadcast_4_piece0 in memory on 73f6cfc4ae0e:37575 (size: 8.3 KiB, free: 434.3 MiB)
26/05/04 04:25:30 INFO SparkContext: Created broadcast 4 from broadcast at DAGScheduler.scala:1580
26/05/04 04:25:30 INFO DAGScheduler: Submitting 3 missing tasks from ShuffleMapStage 2 (MapPartitionsRDD[10] at count at NativeMethodAccessorImpl.java:0) (first 15 tasks are for partitions Vector(0, 1, 2))
26/05/04 04:25:30 INFO TaskSchedulerImpl: Adding task set 2.0 with 3 tasks resource profile 0
26/05/04 04:25:30 INFO TaskSetManager: Starting task 0.0 in stage 2.0 (TID 4) (73f6cfc4ae0e, executor driver, partition 0, PROCESS_LOCAL, 8280 bytes) 
26/05/04 04:25:30 INFO TaskSetManager: Starting task 1.0 in stage 2.0 (TID 5) (73f6cfc4ae0e, executor driver, partition 1, PROCESS_LOCAL, 8280 bytes) 
26/05/04 04:25:30 INFO TaskSetManager: Starting task 2.0 in stage 2.0 (TID 6) (73f6cfc4ae0e, executor driver, partition 2, PROCESS_LOCAL, 8280 bytes) 
26/05/04 04:25:30 INFO Executor: Running task 1.0 in stage 2.0 (TID 5)
26/05/04 04:25:30 INFO Executor: Running task 0.0 in stage 2.0 (TID 4)
26/05/04 04:25:30 INFO Executor: Running task 2.0 in stage 2.0 (TID 6)
26/05/04 04:25:30 INFO CodeGenerator: Code generated in 7.957351 ms
26/05/04 04:25:30 INFO FileScanRDD: Reading File path: file:///home/jovyan/work/output/parquet/jolts/part-00004-c8313e23-ff28-4bbc-81df-6283104e6754-c000.snappy.parquet, range: 0-4749, partition values: [empty row]
26/05/04 04:25:30 INFO FileScanRDD: Reading File path: file:///home/jovyan/work/output/parquet/jolts/part-00002-c8313e23-ff28-4bbc-81df-6283104e6754-c000.snappy.parquet, range: 0-4783, partition values: [empty row]
26/05/04 04:25:30 INFO FileScanRDD: Reading File path: file:///home/jovyan/work/output/parquet/jolts/part-00000-c8313e23-ff28-4bbc-81df-6283104e6754-c000.snappy.parquet, range: 0-5033, partition values: [empty row]
26/05/04 04:25:30 INFO FilterCompat: Filtering using predicate: and(noteq(metric, null), eq(metric, Binary{"layoffs_discharges_rate"}))
26/05/04 04:25:30 INFO FilterCompat: Filtering using predicate: and(noteq(metric, null), eq(metric, Binary{"layoffs_discharges_rate"}))
26/05/04 04:25:30 INFO FilterCompat: Filtering using predicate: and(noteq(metric, null), eq(metric, Binary{"layoffs_discharges_rate"}))
26/05/04 04:25:30 INFO Executor: Finished task 1.0 in stage 2.0 (TID 5). 2235 bytes result sent to driver
26/05/04 04:25:30 INFO Executor: Finished task 2.0 in stage 2.0 (TID 6). 2278 bytes result sent to driver
26/05/04 04:25:30 INFO Executor: Finished task 0.0 in stage 2.0 (TID 4). 2235 bytes result sent to driver
26/05/04 04:25:30 INFO TaskSetManager: Finished task 1.0 in stage 2.0 (TID 5) in 97 ms on 73f6cfc4ae0e (executor driver) (1/3)
26/05/04 04:25:30 INFO TaskSetManager: Finished task 2.0 in stage 2.0 (TID 6) in 97 ms on 73f6cfc4ae0e (executor driver) (2/3)
26/05/04 04:25:30 INFO TaskSetManager: Finished task 0.0 in stage 2.0 (TID 4) in 99 ms on 73f6cfc4ae0e (executor driver) (3/3)
26/05/04 04:25:30 INFO TaskSchedulerImpl: Removed TaskSet 2.0, whose tasks have all completed, from pool 
26/05/04 04:25:30 INFO DAGScheduler: ShuffleMapStage 2 (count at NativeMethodAccessorImpl.java:0) finished in 0.122 s
26/05/04 04:25:30 INFO DAGScheduler: looking for newly runnable stages
26/05/04 04:25:30 INFO DAGScheduler: running: Set()
26/05/04 04:25:30 INFO DAGScheduler: waiting: Set()
26/05/04 04:25:30 INFO DAGScheduler: failed: Set()
26/05/04 04:25:30 INFO CodeGenerator: Code generated in 8.032697 ms
26/05/04 04:25:30 INFO SparkContext: Starting job: count at NativeMethodAccessorImpl.java:0
26/05/04 04:25:30 INFO DAGScheduler: Got job 3 (count at NativeMethodAccessorImpl.java:0) with 1 output partitions
26/05/04 04:25:30 INFO DAGScheduler: Final stage: ResultStage 4 (count at NativeMethodAccessorImpl.java:0)
26/05/04 04:25:30 INFO DAGScheduler: Parents of final stage: List(ShuffleMapStage 3)
26/05/04 04:25:30 INFO DAGScheduler: Missing parents: List()
26/05/04 04:25:30 INFO DAGScheduler: Submitting ResultStage 4 (MapPartitionsRDD[13] at count at NativeMethodAccessorImpl.java:0), which has no missing parents
26/05/04 04:25:30 INFO MemoryStore: Block broadcast_5 stored as values in memory (estimated size 12.5 KiB, free 433.9 MiB)
26/05/04 04:25:30 INFO MemoryStore: Block broadcast_5_piece0 stored as bytes in memory (estimated size 5.9 KiB, free 433.9 MiB)
26/05/04 04:25:30 INFO BlockManagerInfo: Added broadcast_5_piece0 in memory on 73f6cfc4ae0e:37575 (size: 5.9 KiB, free: 434.3 MiB)
26/05/04 04:25:30 INFO BlockManagerInfo: Removed broadcast_4_piece0 on 73f6cfc4ae0e:37575 in memory (size: 8.3 KiB, free: 434.3 MiB)
26/05/04 04:25:30 INFO SparkContext: Created broadcast 5 from broadcast at DAGScheduler.scala:1580
26/05/04 04:25:30 INFO DAGScheduler: Submitting 1 missing tasks from ResultStage 4 (MapPartitionsRDD[13] at count at NativeMethodAccessorImpl.java:0) (first 15 tasks are for partitions Vector(0))
26/05/04 04:25:30 INFO TaskSchedulerImpl: Adding task set 4.0 with 1 tasks resource profile 0
26/05/04 04:25:30 INFO TaskSetManager: Starting task 0.0 in stage 4.0 (TID 7) (73f6cfc4ae0e, executor driver, partition 0, NODE_LOCAL, 7615 bytes) 
26/05/04 04:25:30 INFO Executor: Running task 0.0 in stage 4.0 (TID 7)
26/05/04 04:25:30 INFO BlockManagerInfo: Removed broadcast_1_piece0 on 73f6cfc4ae0e:37575 in memory (size: 35.0 KiB, free: 434.4 MiB)
26/05/04 04:25:30 INFO ShuffleBlockFetcherIterator: Getting 3 (180.0 B) non-empty blocks including 3 (180.0 B) local and 0 (0.0 B) host-local and 0 (0.0 B) push-merged-local and 0 (0.0 B) remote blocks
26/05/04 04:25:30 INFO ShuffleBlockFetcherIterator: Started 0 remote fetches in 6 ms
26/05/04 04:25:30 INFO CodeGenerator: Code generated in 7.524309 ms
26/05/04 04:25:30 INFO Executor: Finished task 0.0 in stage 4.0 (TID 7). 4081 bytes result sent to driver
26/05/04 04:25:30 INFO TaskSetManager: Finished task 0.0 in stage 4.0 (TID 7) in 60 ms on 73f6cfc4ae0e (executor driver) (1/1)
26/05/04 04:25:30 INFO TaskSchedulerImpl: Removed TaskSet 4.0, whose tasks have all completed, from pool 
26/05/04 04:25:30 INFO DAGScheduler: ResultStage 4 (count at NativeMethodAccessorImpl.java:0) finished in 0.072 s
26/05/04 04:25:30 INFO DAGScheduler: Job 3 is finished. Cancelling potential speculative or zombie tasks for this job
26/05/04 04:25:30 INFO TaskSchedulerImpl: Killing all running tasks in stage 4: Stage finished
26/05/04 04:25:30 INFO DAGScheduler: Job 3 finished: count at NativeMethodAccessorImpl.java:0, took 0.080216 s
QUERY: q4_1 row_count=606
26/05/04 04:25:30 INFO FileSourceStrategy: Pushed Filters: IsNotNull(metric),EqualTo(metric,layoffs_discharges_rate)
26/05/04 04:25:30 INFO FileSourceStrategy: Post-Scan Filters: isnotnull(metric#4),(metric#4 = layoffs_discharges_rate)
26/05/04 04:25:30 INFO MemoryStore: Block broadcast_6 stored as values in memory (estimated size 201.4 KiB, free 434.0 MiB)
26/05/04 04:25:30 INFO BlockManagerInfo: Removed broadcast_5_piece0 on 73f6cfc4ae0e:37575 in memory (size: 5.9 KiB, free: 434.4 MiB)
26/05/04 04:25:30 INFO MemoryStore: Block broadcast_6_piece0 stored as bytes in memory (estimated size 35.0 KiB, free 433.9 MiB)
26/05/04 04:25:30 INFO BlockManagerInfo: Added broadcast_6_piece0 in memory on 73f6cfc4ae0e:37575 (size: 35.0 KiB, free: 434.3 MiB)
26/05/04 04:25:30 INFO SparkContext: Created broadcast 6 from csv at NativeMethodAccessorImpl.java:0
26/05/04 04:25:30 INFO FileSourceScanExec: Planning scan with bin packing, max size: 4194304 bytes, open cost is considered as scanning 4194304 bytes.
26/05/04 04:25:30 INFO CodeGenerator: Code generated in 5.156983 ms
26/05/04 04:25:30 INFO SparkContext: Starting job: csv at NativeMethodAccessorImpl.java:0
26/05/04 04:25:30 INFO DAGScheduler: Got job 4 (csv at NativeMethodAccessorImpl.java:0) with 3 output partitions
26/05/04 04:25:30 INFO DAGScheduler: Final stage: ResultStage 5 (csv at NativeMethodAccessorImpl.java:0)
26/05/04 04:25:30 INFO DAGScheduler: Parents of final stage: List()
26/05/04 04:25:30 INFO DAGScheduler: Missing parents: List()
26/05/04 04:25:30 INFO DAGScheduler: Submitting ResultStage 5 (MapPartitionsRDD[19] at csv at NativeMethodAccessorImpl.java:0), which has no missing parents
26/05/04 04:25:30 INFO MemoryStore: Block broadcast_7 stored as values in memory (estimated size 21.0 KiB, free 433.9 MiB)
26/05/04 04:25:30 INFO MemoryStore: Block broadcast_7_piece0 stored as bytes in memory (estimated size 8.6 KiB, free 433.9 MiB)
26/05/04 04:25:30 INFO BlockManagerInfo: Added broadcast_7_piece0 in memory on 73f6cfc4ae0e:37575 (size: 8.6 KiB, free: 434.3 MiB)
26/05/04 04:25:30 INFO SparkContext: Created broadcast 7 from broadcast at DAGScheduler.scala:1580
26/05/04 04:25:30 INFO DAGScheduler: Submitting 3 missing tasks from ResultStage 5 (MapPartitionsRDD[19] at csv at NativeMethodAccessorImpl.java:0) (first 15 tasks are for partitions Vector(0, 1, 2))
26/05/04 04:25:30 INFO TaskSchedulerImpl: Adding task set 5.0 with 3 tasks resource profile 0
26/05/04 04:25:30 INFO TaskSetManager: Starting task 0.0 in stage 5.0 (TID 8) (73f6cfc4ae0e, executor driver, partition 0, PROCESS_LOCAL, 8291 bytes) 
26/05/04 04:25:30 INFO TaskSetManager: Starting task 1.0 in stage 5.0 (TID 9) (73f6cfc4ae0e, executor driver, partition 1, PROCESS_LOCAL, 8291 bytes) 
26/05/04 04:25:30 INFO TaskSetManager: Starting task 2.0 in stage 5.0 (TID 10) (73f6cfc4ae0e, executor driver, partition 2, PROCESS_LOCAL, 8291 bytes) 
26/05/04 04:25:30 INFO Executor: Running task 0.0 in stage 5.0 (TID 8)
26/05/04 04:25:30 INFO Executor: Running task 2.0 in stage 5.0 (TID 10)
26/05/04 04:25:30 INFO Executor: Running task 1.0 in stage 5.0 (TID 9)
26/05/04 04:25:30 INFO CodeGenerator: Code generated in 5.086339 ms
26/05/04 04:25:30 INFO FileScanRDD: Reading File path: file:///home/jovyan/work/output/parquet/jolts/part-00004-c8313e23-ff28-4bbc-81df-6283104e6754-c000.snappy.parquet, range: 0-4749, partition values: [empty row]
26/05/04 04:25:30 INFO FileScanRDD: Reading File path: file:///home/jovyan/work/output/parquet/jolts/part-00000-c8313e23-ff28-4bbc-81df-6283104e6754-c000.snappy.parquet, range: 0-5033, partition values: [empty row]
26/05/04 04:25:30 INFO FileScanRDD: Reading File path: file:///home/jovyan/work/output/parquet/jolts/part-00002-c8313e23-ff28-4bbc-81df-6283104e6754-c000.snappy.parquet, range: 0-4783, partition values: [empty row]
26/05/04 04:25:30 INFO FilterCompat: Filtering using predicate: and(noteq(metric, null), eq(metric, Binary{"layoffs_discharges_rate"}))
26/05/04 04:25:30 INFO FilterCompat: Filtering using predicate: and(noteq(metric, null), eq(metric, Binary{"layoffs_discharges_rate"}))
26/05/04 04:25:30 INFO FilterCompat: Filtering using predicate: and(noteq(metric, null), eq(metric, Binary{"layoffs_discharges_rate"}))
26/05/04 04:25:30 INFO Executor: Finished task 0.0 in stage 5.0 (TID 8). 1761 bytes result sent to driver
26/05/04 04:25:30 INFO Executor: Finished task 1.0 in stage 5.0 (TID 9). 1761 bytes result sent to driver
26/05/04 04:25:30 INFO TaskSetManager: Finished task 1.0 in stage 5.0 (TID 9) in 66 ms on 73f6cfc4ae0e (executor driver) (1/3)
26/05/04 04:25:30 INFO TaskSetManager: Finished task 0.0 in stage 5.0 (TID 8) in 67 ms on 73f6cfc4ae0e (executor driver) (2/3)
26/05/04 04:25:30 INFO Executor: Finished task 2.0 in stage 5.0 (TID 10). 36631 bytes result sent to driver
26/05/04 04:25:30 INFO TaskSetManager: Finished task 2.0 in stage 5.0 (TID 10) in 74 ms on 73f6cfc4ae0e (executor driver) (3/3)
26/05/04 04:25:30 INFO TaskSchedulerImpl: Removed TaskSet 5.0, whose tasks have all completed, from pool 
26/05/04 04:25:30 INFO DAGScheduler: ResultStage 5 (csv at NativeMethodAccessorImpl.java:0) finished in 0.081 s
26/05/04 04:25:30 INFO DAGScheduler: Job 4 is finished. Cancelling potential speculative or zombie tasks for this job
26/05/04 04:25:30 INFO TaskSchedulerImpl: Killing all running tasks in stage 5: Stage finished
26/05/04 04:25:30 INFO DAGScheduler: Job 4 finished: csv at NativeMethodAccessorImpl.java:0, took 0.084889 s
26/05/04 04:25:30 INFO DAGScheduler: Registering RDD 20 (csv at NativeMethodAccessorImpl.java:0) as input to shuffle 1
26/05/04 04:25:30 INFO DAGScheduler: Got map stage job 5 (csv at NativeMethodAccessorImpl.java:0) with 3 output partitions
26/05/04 04:25:30 INFO DAGScheduler: Final stage: ShuffleMapStage 6 (csv at NativeMethodAccessorImpl.java:0)
26/05/04 04:25:30 INFO DAGScheduler: Parents of final stage: List()
26/05/04 04:25:30 INFO DAGScheduler: Missing parents: List()
26/05/04 04:25:30 INFO DAGScheduler: Submitting ShuffleMapStage 6 (MapPartitionsRDD[20] at csv at NativeMethodAccessorImpl.java:0), which has no missing parents
26/05/04 04:25:30 INFO MemoryStore: Block broadcast_8 stored as values in memory (estimated size 34.3 KiB, free 433.9 MiB)
26/05/04 04:25:30 INFO MemoryStore: Block broadcast_8_piece0 stored as bytes in memory (estimated size 11.2 KiB, free 433.9 MiB)
26/05/04 04:25:30 INFO BlockManagerInfo: Added broadcast_8_piece0 in memory on 73f6cfc4ae0e:37575 (size: 11.2 KiB, free: 434.3 MiB)
26/05/04 04:25:30 INFO BlockManagerInfo: Removed broadcast_7_piece0 on 73f6cfc4ae0e:37575 in memory (size: 8.6 KiB, free: 434.3 MiB)
26/05/04 04:25:30 INFO SparkContext: Created broadcast 8 from broadcast at DAGScheduler.scala:1580
26/05/04 04:25:30 INFO DAGScheduler: Submitting 3 missing tasks from ShuffleMapStage 6 (MapPartitionsRDD[20] at csv at NativeMethodAccessorImpl.java:0) (first 15 tasks are for partitions Vector(0, 1, 2))
26/05/04 04:25:30 INFO TaskSchedulerImpl: Adding task set 6.0 with 3 tasks resource profile 0
26/05/04 04:25:30 INFO TaskSetManager: Starting task 0.0 in stage 6.0 (TID 11) (73f6cfc4ae0e, executor driver, partition 0, PROCESS_LOCAL, 8280 bytes) 
26/05/04 04:25:30 INFO TaskSetManager: Starting task 1.0 in stage 6.0 (TID 12) (73f6cfc4ae0e, executor driver, partition 1, PROCESS_LOCAL, 8280 bytes) 
26/05/04 04:25:30 INFO TaskSetManager: Starting task 2.0 in stage 6.0 (TID 13) (73f6cfc4ae0e, executor driver, partition 2, PROCESS_LOCAL, 8280 bytes) 
26/05/04 04:25:30 INFO Executor: Running task 2.0 in stage 6.0 (TID 13)
26/05/04 04:25:30 INFO Executor: Running task 1.0 in stage 6.0 (TID 12)
26/05/04 04:25:30 INFO Executor: Running task 0.0 in stage 6.0 (TID 11)
26/05/04 04:25:30 INFO CodeGenerator: Code generated in 6.672408 ms
26/05/04 04:25:30 INFO FileScanRDD: Reading File path: file:///home/jovyan/work/output/parquet/jolts/part-00004-c8313e23-ff28-4bbc-81df-6283104e6754-c000.snappy.parquet, range: 0-4749, partition values: [empty row]
26/05/04 04:25:30 INFO FileScanRDD: Reading File path: file:///home/jovyan/work/output/parquet/jolts/part-00000-c8313e23-ff28-4bbc-81df-6283104e6754-c000.snappy.parquet, range: 0-5033, partition values: [empty row]
26/05/04 04:25:30 INFO FileScanRDD: Reading File path: file:///home/jovyan/work/output/parquet/jolts/part-00002-c8313e23-ff28-4bbc-81df-6283104e6754-c000.snappy.parquet, range: 0-4783, partition values: [empty row]
26/05/04 04:25:30 INFO FilterCompat: Filtering using predicate: and(noteq(metric, null), eq(metric, Binary{"layoffs_discharges_rate"}))
26/05/04 04:25:30 INFO FilterCompat: Filtering using predicate: and(noteq(metric, null), eq(metric, Binary{"layoffs_discharges_rate"}))
26/05/04 04:25:30 INFO FilterCompat: Filtering using predicate: and(noteq(metric, null), eq(metric, Binary{"layoffs_discharges_rate"}))
26/05/04 04:25:30 INFO Executor: Finished task 1.0 in stage 6.0 (TID 12). 2081 bytes result sent to driver
26/05/04 04:25:30 INFO Executor: Finished task 0.0 in stage 6.0 (TID 11). 2081 bytes result sent to driver
26/05/04 04:25:30 INFO TaskSetManager: Finished task 1.0 in stage 6.0 (TID 12) in 77 ms on 73f6cfc4ae0e (executor driver) (1/3)
26/05/04 04:25:30 INFO TaskSetManager: Finished task 0.0 in stage 6.0 (TID 11) in 79 ms on 73f6cfc4ae0e (executor driver) (2/3)
26/05/04 04:25:30 INFO Executor: Finished task 2.0 in stage 6.0 (TID 13). 2253 bytes result sent to driver
26/05/04 04:25:30 INFO TaskSetManager: Finished task 2.0 in stage 6.0 (TID 13) in 195 ms on 73f6cfc4ae0e (executor driver) (3/3)
26/05/04 04:25:30 INFO TaskSchedulerImpl: Removed TaskSet 6.0, whose tasks have all completed, from pool 
26/05/04 04:25:30 INFO DAGScheduler: ShuffleMapStage 6 (csv at NativeMethodAccessorImpl.java:0) finished in 0.207 s
26/05/04 04:25:30 INFO DAGScheduler: looking for newly runnable stages
26/05/04 04:25:30 INFO DAGScheduler: running: Set()
26/05/04 04:25:30 INFO DAGScheduler: waiting: Set()
26/05/04 04:25:30 INFO DAGScheduler: failed: Set()
26/05/04 04:25:30 INFO ShufflePartitionsUtil: For shuffle(1), advisory target size: 67108864, actual target size 1048576, minimum partition size: 1048576
26/05/04 04:25:30 INFO FileOutputCommitter: File Output Committer Algorithm version is 1
26/05/04 04:25:30 INFO FileOutputCommitter: FileOutputCommitter skip cleanup _temporary folders under output directory:false, ignore cleanup failures: false
26/05/04 04:25:30 INFO SQLHadoopMapReduceCommitProtocol: Using output committer class org.apache.hadoop.mapreduce.lib.output.FileOutputCommitter
26/05/04 04:25:30 INFO CodeGenerator: Code generated in 8.10163 ms
26/05/04 04:25:30 INFO SparkContext: Starting job: csv at NativeMethodAccessorImpl.java:0
26/05/04 04:25:30 INFO DAGScheduler: Got job 6 (csv at NativeMethodAccessorImpl.java:0) with 1 output partitions
26/05/04 04:25:30 INFO DAGScheduler: Final stage: ResultStage 8 (csv at NativeMethodAccessorImpl.java:0)
26/05/04 04:25:30 INFO DAGScheduler: Parents of final stage: List(ShuffleMapStage 7)
26/05/04 04:25:30 INFO DAGScheduler: Missing parents: List()
26/05/04 04:25:30 INFO DAGScheduler: Submitting ResultStage 8 (MapPartitionsRDD[24] at csv at NativeMethodAccessorImpl.java:0), which has no missing parents
26/05/04 04:25:30 INFO MemoryStore: Block broadcast_9 stored as values in memory (estimated size 233.8 KiB, free 433.7 MiB)
26/05/04 04:25:30 INFO MemoryStore: Block broadcast_9_piece0 stored as bytes in memory (estimated size 86.6 KiB, free 433.6 MiB)
26/05/04 04:25:30 INFO BlockManagerInfo: Added broadcast_9_piece0 in memory on 73f6cfc4ae0e:37575 (size: 86.6 KiB, free: 434.2 MiB)
26/05/04 04:25:30 INFO SparkContext: Created broadcast 9 from broadcast at DAGScheduler.scala:1580
26/05/04 04:25:30 INFO DAGScheduler: Submitting 1 missing tasks from ResultStage 8 (MapPartitionsRDD[24] at csv at NativeMethodAccessorImpl.java:0) (first 15 tasks are for partitions Vector(0))
26/05/04 04:25:30 INFO TaskSchedulerImpl: Adding task set 8.0 with 1 tasks resource profile 0
26/05/04 04:25:30 INFO TaskSetManager: Starting task 0.0 in stage 8.0 (TID 14) (73f6cfc4ae0e, executor driver, partition 0, NODE_LOCAL, 7891 bytes) 
26/05/04 04:25:30 INFO Executor: Running task 0.0 in stage 8.0 (TID 14)
26/05/04 04:25:30 INFO FileOutputCommitter: File Output Committer Algorithm version is 1
26/05/04 04:25:30 INFO FileOutputCommitter: FileOutputCommitter skip cleanup _temporary folders under output directory:false, ignore cleanup failures: false
26/05/04 04:25:30 INFO SQLHadoopMapReduceCommitProtocol: Using output committer class org.apache.hadoop.mapreduce.lib.output.FileOutputCommitter
26/05/04 04:25:31 INFO ShuffleBlockFetcherIterator: Getting 1 (28.5 KiB) non-empty blocks including 1 (28.5 KiB) local and 0 (0.0 B) host-local and 0 (0.0 B) push-merged-local and 0 (0.0 B) remote blocks
26/05/04 04:25:31 INFO ShuffleBlockFetcherIterator: Started 0 remote fetches in 2 ms
26/05/04 04:25:31 INFO CodeGenerator: Code generated in 7.030695 ms
26/05/04 04:25:31 INFO CodeGenerator: Code generated in 7.68167 ms
26/05/04 04:25:31 INFO BlockManagerInfo: Removed broadcast_8_piece0 on 73f6cfc4ae0e:37575 in memory (size: 11.2 KiB, free: 434.2 MiB)
26/05/04 04:25:31 INFO FileOutputCommitter: Saved output of task 'attempt_202605040425308234430326171953415_0008_m_000000_14' to file:/home/jovyan/work/output/results/q4_1_jolts_layoff_rate/_temporary/0/task_202605040425308234430326171953415_0008_m_000000
26/05/04 04:25:31 INFO SparkHadoopMapRedUtil: attempt_202605040425308234430326171953415_0008_m_000000_14: Committed. Elapsed time: 38 ms.
26/05/04 04:25:31 INFO Executor: Finished task 0.0 in stage 8.0 (TID 14). 5859 bytes result sent to driver
26/05/04 04:25:31 INFO TaskSetManager: Finished task 0.0 in stage 8.0 (TID 14) in 283 ms on 73f6cfc4ae0e (executor driver) (1/1)
26/05/04 04:25:31 INFO TaskSchedulerImpl: Removed TaskSet 8.0, whose tasks have all completed, from pool 
26/05/04 04:25:31 INFO DAGScheduler: ResultStage 8 (csv at NativeMethodAccessorImpl.java:0) finished in 0.306 s
26/05/04 04:25:31 INFO DAGScheduler: Job 6 is finished. Cancelling potential speculative or zombie tasks for this job
26/05/04 04:25:31 INFO TaskSchedulerImpl: Killing all running tasks in stage 8: Stage finished
26/05/04 04:25:31 INFO DAGScheduler: Job 6 finished: csv at NativeMethodAccessorImpl.java:0, took 0.310088 s
26/05/04 04:25:31 INFO FileFormatWriter: Start to commit write Job e3cf3528-e1ba-4216-ba17-53e1349a66ef.
26/05/04 04:25:31 INFO FileFormatWriter: Write Job e3cf3528-e1ba-4216-ba17-53e1349a66ef committed. Elapsed time: 191 ms.
26/05/04 04:25:31 INFO FileFormatWriter: Finished processing stats for write job e3cf3528-e1ba-4216-ba17-53e1349a66ef.
QUERY: q4_2_jolts_openings_hires_rate
26/05/04 04:25:31 INFO FileSourceStrategy: Pushed Filters: In(metric, [hires_rate,job_openings_rate])
26/05/04 04:25:31 INFO FileSourceStrategy: Post-Scan Filters: metric#4 IN (job_openings_rate,hires_rate)
26/05/04 04:25:31 INFO CodeGenerator: Code generated in 46.915278 ms
26/05/04 04:25:31 INFO MemoryStore: Block broadcast_10 stored as values in memory (estimated size 201.4 KiB, free 433.4 MiB)
26/05/04 04:25:31 INFO MemoryStore: Block broadcast_10_piece0 stored as bytes in memory (estimated size 35.0 KiB, free 433.4 MiB)
26/05/04 04:25:31 INFO BlockManagerInfo: Added broadcast_10_piece0 in memory on 73f6cfc4ae0e:37575 (size: 35.0 KiB, free: 434.2 MiB)
26/05/04 04:25:31 INFO SparkContext: Created broadcast 10 from showString at NativeMethodAccessorImpl.java:0
26/05/04 04:25:31 INFO FileSourceScanExec: Planning scan with bin packing, max size: 4194304 bytes, open cost is considered as scanning 4194304 bytes.
26/05/04 04:25:31 INFO DAGScheduler: Registering RDD 28 (showString at NativeMethodAccessorImpl.java:0) as input to shuffle 2
26/05/04 04:25:31 INFO DAGScheduler: Got map stage job 7 (showString at NativeMethodAccessorImpl.java:0) with 3 output partitions
26/05/04 04:25:31 INFO DAGScheduler: Final stage: ShuffleMapStage 9 (showString at NativeMethodAccessorImpl.java:0)
26/05/04 04:25:31 INFO DAGScheduler: Parents of final stage: List()
26/05/04 04:25:31 INFO DAGScheduler: Missing parents: List()
26/05/04 04:25:31 INFO DAGScheduler: Submitting ShuffleMapStage 9 (MapPartitionsRDD[28] at showString at NativeMethodAccessorImpl.java:0), which has no missing parents
26/05/04 04:25:31 INFO MemoryStore: Block broadcast_11 stored as values in memory (estimated size 51.6 KiB, free 433.3 MiB)
26/05/04 04:25:31 INFO MemoryStore: Block broadcast_11_piece0 stored as bytes in memory (estimated size 21.0 KiB, free 433.3 MiB)
26/05/04 04:25:31 INFO BlockManagerInfo: Added broadcast_11_piece0 in memory on 73f6cfc4ae0e:37575 (size: 21.0 KiB, free: 434.2 MiB)
26/05/04 04:25:31 INFO SparkContext: Created broadcast 11 from broadcast at DAGScheduler.scala:1580
26/05/04 04:25:31 INFO DAGScheduler: Submitting 3 missing tasks from ShuffleMapStage 9 (MapPartitionsRDD[28] at showString at NativeMethodAccessorImpl.java:0) (first 15 tasks are for partitions Vector(0, 1, 2))
26/05/04 04:25:31 INFO TaskSchedulerImpl: Adding task set 9.0 with 3 tasks resource profile 0
26/05/04 04:25:31 INFO TaskSetManager: Starting task 0.0 in stage 9.0 (TID 15) (73f6cfc4ae0e, executor driver, partition 0, PROCESS_LOCAL, 8280 bytes) 
26/05/04 04:25:31 INFO TaskSetManager: Starting task 1.0 in stage 9.0 (TID 16) (73f6cfc4ae0e, executor driver, partition 1, PROCESS_LOCAL, 8280 bytes) 
26/05/04 04:25:31 INFO TaskSetManager: Starting task 2.0 in stage 9.0 (TID 17) (73f6cfc4ae0e, executor driver, partition 2, PROCESS_LOCAL, 8280 bytes) 
26/05/04 04:25:31 INFO Executor: Running task 0.0 in stage 9.0 (TID 15)
26/05/04 04:25:31 INFO Executor: Running task 2.0 in stage 9.0 (TID 17)
26/05/04 04:25:31 INFO Executor: Running task 1.0 in stage 9.0 (TID 16)
26/05/04 04:25:31 INFO CodeGenerator: Code generated in 30.417607 ms
26/05/04 04:25:31 INFO CodeGenerator: Code generated in 5.536725 ms
26/05/04 04:25:31 INFO CodeGenerator: Code generated in 3.636763 ms
26/05/04 04:25:31 INFO CodeGenerator: Code generated in 3.539982 ms
26/05/04 04:25:31 INFO BlockManagerInfo: Removed broadcast_9_piece0 on 73f6cfc4ae0e:37575 in memory (size: 86.6 KiB, free: 434.3 MiB)
26/05/04 04:25:31 INFO BlockManagerInfo: Removed broadcast_6_piece0 on 73f6cfc4ae0e:37575 in memory (size: 35.0 KiB, free: 434.3 MiB)
26/05/04 04:25:31 INFO CodeGenerator: Code generated in 6.029769 ms
26/05/04 04:25:31 INFO FileScanRDD: Reading File path: file:///home/jovyan/work/output/parquet/jolts/part-00002-c8313e23-ff28-4bbc-81df-6283104e6754-c000.snappy.parquet, range: 0-4783, partition values: [empty row]
26/05/04 04:25:31 INFO FileScanRDD: Reading File path: file:///home/jovyan/work/output/parquet/jolts/part-00000-c8313e23-ff28-4bbc-81df-6283104e6754-c000.snappy.parquet, range: 0-5033, partition values: [empty row]
26/05/04 04:25:31 INFO FileScanRDD: Reading File path: file:///home/jovyan/work/output/parquet/jolts/part-00004-c8313e23-ff28-4bbc-81df-6283104e6754-c000.snappy.parquet, range: 0-4749, partition values: [empty row]
26/05/04 04:25:31 INFO FilterCompat: Filtering using predicate: or(eq(metric, Binary{"job_openings_rate"}), eq(metric, Binary{"hires_rate"}))
26/05/04 04:25:31 INFO FilterCompat: Filtering using predicate: or(eq(metric, Binary{"job_openings_rate"}), eq(metric, Binary{"hires_rate"}))
26/05/04 04:25:31 INFO FilterCompat: Filtering using predicate: or(eq(metric, Binary{"job_openings_rate"}), eq(metric, Binary{"hires_rate"}))
26/05/04 04:25:31 INFO CodecPool: Got brand-new decompressor [.snappy]
26/05/04 04:25:31 INFO Executor: Finished task 2.0 in stage 9.0 (TID 17). 2857 bytes result sent to driver
26/05/04 04:25:31 INFO TaskSetManager: Finished task 2.0 in stage 9.0 (TID 17) in 144 ms on 73f6cfc4ae0e (executor driver) (1/3)
26/05/04 04:25:31 INFO Executor: Finished task 0.0 in stage 9.0 (TID 15). 3029 bytes result sent to driver
26/05/04 04:25:31 INFO Executor: Finished task 1.0 in stage 9.0 (TID 16). 3029 bytes result sent to driver
26/05/04 04:25:31 INFO TaskSetManager: Finished task 0.0 in stage 9.0 (TID 15) in 188 ms on 73f6cfc4ae0e (executor driver) (2/3)
26/05/04 04:25:31 INFO TaskSetManager: Finished task 1.0 in stage 9.0 (TID 16) in 187 ms on 73f6cfc4ae0e (executor driver) (3/3)
26/05/04 04:25:31 INFO TaskSchedulerImpl: Removed TaskSet 9.0, whose tasks have all completed, from pool 
26/05/04 04:25:31 INFO DAGScheduler: ShuffleMapStage 9 (showString at NativeMethodAccessorImpl.java:0) finished in 0.197 s
26/05/04 04:25:31 INFO DAGScheduler: looking for newly runnable stages
26/05/04 04:25:31 INFO DAGScheduler: running: Set()
26/05/04 04:25:31 INFO DAGScheduler: waiting: Set()
26/05/04 04:25:31 INFO DAGScheduler: failed: Set()
26/05/04 04:25:31 INFO ShufflePartitionsUtil: For shuffle(2), advisory target size: 67108864, actual target size 1048576, minimum partition size: 1048576
26/05/04 04:25:31 INFO HashAggregateExec: spark.sql.codegen.aggregate.map.twolevel.enabled is set to true, but current version of codegened fast hashmap does not support this aggregate.
26/05/04 04:25:31 INFO CodeGenerator: Code generated in 17.897171 ms
26/05/04 04:25:31 INFO SparkContext: Starting job: showString at NativeMethodAccessorImpl.java:0
26/05/04 04:25:31 INFO DAGScheduler: Got job 8 (showString at NativeMethodAccessorImpl.java:0) with 1 output partitions
26/05/04 04:25:31 INFO DAGScheduler: Final stage: ResultStage 11 (showString at NativeMethodAccessorImpl.java:0)
26/05/04 04:25:31 INFO DAGScheduler: Parents of final stage: List(ShuffleMapStage 10)
26/05/04 04:25:31 INFO DAGScheduler: Missing parents: List()
26/05/04 04:25:31 INFO DAGScheduler: Submitting ResultStage 11 (MapPartitionsRDD[32] at showString at NativeMethodAccessorImpl.java:0), which has no missing parents
26/05/04 04:25:31 INFO MemoryStore: Block broadcast_12 stored as values in memory (estimated size 48.7 KiB, free 433.8 MiB)
26/05/04 04:25:31 INFO MemoryStore: Block broadcast_12_piece0 stored as bytes in memory (estimated size 21.4 KiB, free 433.8 MiB)
26/05/04 04:25:31 INFO BlockManagerInfo: Removed broadcast_11_piece0 on 73f6cfc4ae0e:37575 in memory (size: 21.0 KiB, free: 434.3 MiB)
26/05/04 04:25:31 INFO BlockManagerInfo: Added broadcast_12_piece0 in memory on 73f6cfc4ae0e:37575 (size: 21.4 KiB, free: 434.3 MiB)
26/05/04 04:25:31 INFO SparkContext: Created broadcast 12 from broadcast at DAGScheduler.scala:1580
26/05/04 04:25:31 INFO DAGScheduler: Submitting 1 missing tasks from ResultStage 11 (MapPartitionsRDD[32] at showString at NativeMethodAccessorImpl.java:0) (first 15 tasks are for partitions Vector(0))
26/05/04 04:25:31 INFO TaskSchedulerImpl: Adding task set 11.0 with 1 tasks resource profile 0
26/05/04 04:25:31 INFO TaskSetManager: Starting task 0.0 in stage 11.0 (TID 18) (73f6cfc4ae0e, executor driver, partition 0, NODE_LOCAL, 7615 bytes) 
26/05/04 04:25:31 INFO Executor: Running task 0.0 in stage 11.0 (TID 18)
26/05/04 04:25:31 INFO ShuffleBlockFetcherIterator: Getting 2 (66.0 KiB) non-empty blocks including 2 (66.0 KiB) local and 0 (0.0 B) host-local and 0 (0.0 B) push-merged-local and 0 (0.0 B) remote blocks
26/05/04 04:25:31 INFO ShuffleBlockFetcherIterator: Started 0 remote fetches in 1 ms
26/05/04 04:25:31 INFO CodeGenerator: Code generated in 14.449613 ms
26/05/04 04:25:31 INFO Executor: Finished task 0.0 in stage 11.0 (TID 18). 6314 bytes result sent to driver
26/05/04 04:25:31 INFO TaskSetManager: Finished task 0.0 in stage 11.0 (TID 18) in 41 ms on 73f6cfc4ae0e (executor driver) (1/1)
26/05/04 04:25:31 INFO TaskSchedulerImpl: Removed TaskSet 11.0, whose tasks have all completed, from pool 
26/05/04 04:25:31 INFO DAGScheduler: ResultStage 11 (showString at NativeMethodAccessorImpl.java:0) finished in 0.055 s
26/05/04 04:25:31 INFO DAGScheduler: Job 8 is finished. Cancelling potential speculative or zombie tasks for this job
26/05/04 04:25:31 INFO TaskSchedulerImpl: Killing all running tasks in stage 11: Stage finished
26/05/04 04:25:31 INFO DAGScheduler: Job 8 finished: showString at NativeMethodAccessorImpl.java:0, took 0.064306 s
26/05/04 04:25:31 INFO CodeGenerator: Code generated in 5.900734 ms
26/05/04 04:25:32 INFO CodeGenerator: Code generated in 5.768096 ms
+----------+----+-----+-----------+-----------------+----------+
|obs_date  |year|month|industry   |job_openings_rate|hires_rate|
+----------+----+-----+-----------+-----------------+----------+
|2000-12-01|2000|12   |Information|4.2              |3.0       |
|2001-01-01|2001|1    |Information|4.3              |4.6       |
|2001-02-01|2001|2    |Information|3.8              |3.6       |
|2001-03-01|2001|3    |Information|3.4              |3.0       |
|2001-04-01|2001|4    |Information|4.4              |3.4       |
|2001-05-01|2001|5    |Information|2.9              |3.1       |
|2001-06-01|2001|6    |Information|3.0              |3.1       |
|2001-07-01|2001|7    |Information|3.1              |3.3       |
|2001-08-01|2001|8    |Information|3.2              |3.2       |
|2001-09-01|2001|9    |Information|1.8              |2.9       |
+----------+----+-----+-----------+-----------------+----------+
only showing top 10 rows

26/05/04 04:25:32 INFO FileSourceStrategy: Pushed Filters: In(metric, [hires_rate,job_openings_rate])
26/05/04 04:25:32 INFO FileSourceStrategy: Post-Scan Filters: metric#4 IN (job_openings_rate,hires_rate)
26/05/04 04:25:32 INFO CodeGenerator: Code generated in 19.887122 ms
26/05/04 04:25:32 INFO MemoryStore: Block broadcast_13 stored as values in memory (estimated size 201.3 KiB, free 433.7 MiB)
26/05/04 04:25:32 INFO MemoryStore: Block broadcast_13_piece0 stored as bytes in memory (estimated size 35.0 KiB, free 433.6 MiB)
26/05/04 04:25:32 INFO BlockManagerInfo: Added broadcast_13_piece0 in memory on 73f6cfc4ae0e:37575 (size: 35.0 KiB, free: 434.3 MiB)
26/05/04 04:25:32 INFO SparkContext: Created broadcast 13 from count at NativeMethodAccessorImpl.java:0
26/05/04 04:25:32 INFO FileSourceScanExec: Planning scan with bin packing, max size: 4194304 bytes, open cost is considered as scanning 4194304 bytes.
26/05/04 04:25:32 INFO DAGScheduler: Registering RDD 36 (count at NativeMethodAccessorImpl.java:0) as input to shuffle 3
26/05/04 04:25:32 INFO DAGScheduler: Got map stage job 9 (count at NativeMethodAccessorImpl.java:0) with 3 output partitions
26/05/04 04:25:32 INFO DAGScheduler: Final stage: ShuffleMapStage 12 (count at NativeMethodAccessorImpl.java:0)
26/05/04 04:25:32 INFO DAGScheduler: Parents of final stage: List()
26/05/04 04:25:32 INFO DAGScheduler: Missing parents: List()
26/05/04 04:25:32 INFO DAGScheduler: Submitting ShuffleMapStage 12 (MapPartitionsRDD[36] at count at NativeMethodAccessorImpl.java:0), which has no missing parents
26/05/04 04:25:32 INFO MemoryStore: Block broadcast_14 stored as values in memory (estimated size 43.7 KiB, free 433.6 MiB)
26/05/04 04:25:32 INFO MemoryStore: Block broadcast_14_piece0 stored as bytes in memory (estimated size 18.7 KiB, free 433.6 MiB)
26/05/04 04:25:32 INFO BlockManagerInfo: Added broadcast_14_piece0 in memory on 73f6cfc4ae0e:37575 (size: 18.7 KiB, free: 434.3 MiB)
26/05/04 04:25:32 INFO SparkContext: Created broadcast 14 from broadcast at DAGScheduler.scala:1580
26/05/04 04:25:32 INFO DAGScheduler: Submitting 3 missing tasks from ShuffleMapStage 12 (MapPartitionsRDD[36] at count at NativeMethodAccessorImpl.java:0) (first 15 tasks are for partitions Vector(0, 1, 2))
26/05/04 04:25:32 INFO TaskSchedulerImpl: Adding task set 12.0 with 3 tasks resource profile 0
26/05/04 04:25:32 INFO BlockManagerInfo: Removed broadcast_12_piece0 on 73f6cfc4ae0e:37575 in memory (size: 21.4 KiB, free: 434.3 MiB)
26/05/04 04:25:32 INFO TaskSetManager: Starting task 0.0 in stage 12.0 (TID 19) (73f6cfc4ae0e, executor driver, partition 0, PROCESS_LOCAL, 8280 bytes) 
26/05/04 04:25:32 INFO TaskSetManager: Starting task 1.0 in stage 12.0 (TID 20) (73f6cfc4ae0e, executor driver, partition 1, PROCESS_LOCAL, 8280 bytes) 
26/05/04 04:25:32 INFO TaskSetManager: Starting task 2.0 in stage 12.0 (TID 21) (73f6cfc4ae0e, executor driver, partition 2, PROCESS_LOCAL, 8280 bytes) 
26/05/04 04:25:32 INFO Executor: Running task 0.0 in stage 12.0 (TID 19)
26/05/04 04:25:32 INFO Executor: Running task 1.0 in stage 12.0 (TID 20)
26/05/04 04:25:32 INFO Executor: Running task 2.0 in stage 12.0 (TID 21)
26/05/04 04:25:32 INFO BlockManagerInfo: Removed broadcast_10_piece0 on 73f6cfc4ae0e:37575 in memory (size: 35.0 KiB, free: 434.3 MiB)
26/05/04 04:25:32 INFO CodeGenerator: Code generated in 16.563792 ms
26/05/04 04:25:32 INFO CodeGenerator: Code generated in 3.421691 ms
26/05/04 04:25:32 INFO FileScanRDD: Reading File path: file:///home/jovyan/work/output/parquet/jolts/part-00004-c8313e23-ff28-4bbc-81df-6283104e6754-c000.snappy.parquet, range: 0-4749, partition values: [empty row]
26/05/04 04:25:32 INFO FileScanRDD: Reading File path: file:///home/jovyan/work/output/parquet/jolts/part-00000-c8313e23-ff28-4bbc-81df-6283104e6754-c000.snappy.parquet, range: 0-5033, partition values: [empty row]
26/05/04 04:25:32 INFO FileScanRDD: Reading File path: file:///home/jovyan/work/output/parquet/jolts/part-00002-c8313e23-ff28-4bbc-81df-6283104e6754-c000.snappy.parquet, range: 0-4783, partition values: [empty row]
26/05/04 04:25:32 INFO FilterCompat: Filtering using predicate: or(eq(metric, Binary{"job_openings_rate"}), eq(metric, Binary{"hires_rate"}))
26/05/04 04:25:32 INFO FilterCompat: Filtering using predicate: or(eq(metric, Binary{"job_openings_rate"}), eq(metric, Binary{"hires_rate"}))
26/05/04 04:25:32 INFO FilterCompat: Filtering using predicate: or(eq(metric, Binary{"job_openings_rate"}), eq(metric, Binary{"hires_rate"}))
26/05/04 04:25:32 INFO Executor: Finished task 2.0 in stage 12.0 (TID 21). 2814 bytes result sent to driver
26/05/04 04:25:32 INFO TaskSetManager: Finished task 2.0 in stage 12.0 (TID 21) in 82 ms on 73f6cfc4ae0e (executor driver) (1/3)
26/05/04 04:25:32 INFO Executor: Finished task 1.0 in stage 12.0 (TID 20). 3072 bytes result sent to driver
26/05/04 04:25:32 INFO Executor: Finished task 0.0 in stage 12.0 (TID 19). 3029 bytes result sent to driver
26/05/04 04:25:32 INFO TaskSetManager: Finished task 0.0 in stage 12.0 (TID 19) in 113 ms on 73f6cfc4ae0e (executor driver) (2/3)
26/05/04 04:25:32 INFO TaskSetManager: Finished task 1.0 in stage 12.0 (TID 20) in 113 ms on 73f6cfc4ae0e (executor driver) (3/3)
26/05/04 04:25:32 INFO TaskSchedulerImpl: Removed TaskSet 12.0, whose tasks have all completed, from pool 
26/05/04 04:25:32 INFO DAGScheduler: ShuffleMapStage 12 (count at NativeMethodAccessorImpl.java:0) finished in 0.122 s
26/05/04 04:25:32 INFO DAGScheduler: looking for newly runnable stages
26/05/04 04:25:32 INFO DAGScheduler: running: Set()
26/05/04 04:25:32 INFO DAGScheduler: waiting: Set()
26/05/04 04:25:32 INFO DAGScheduler: failed: Set()
26/05/04 04:25:32 INFO ShufflePartitionsUtil: For shuffle(3), advisory target size: 67108864, actual target size 1048576, minimum partition size: 1048576
26/05/04 04:25:32 INFO CodeGenerator: Code generated in 17.29314 ms
26/05/04 04:25:32 INFO DAGScheduler: Registering RDD 39 (count at NativeMethodAccessorImpl.java:0) as input to shuffle 4
26/05/04 04:25:32 INFO DAGScheduler: Got map stage job 10 (count at NativeMethodAccessorImpl.java:0) with 1 output partitions
26/05/04 04:25:32 INFO DAGScheduler: Final stage: ShuffleMapStage 14 (count at NativeMethodAccessorImpl.java:0)
26/05/04 04:25:32 INFO DAGScheduler: Parents of final stage: List(ShuffleMapStage 13)
26/05/04 04:25:32 INFO DAGScheduler: Missing parents: List()
26/05/04 04:25:32 INFO DAGScheduler: Submitting ShuffleMapStage 14 (MapPartitionsRDD[39] at count at NativeMethodAccessorImpl.java:0), which has no missing parents
26/05/04 04:25:32 INFO MemoryStore: Block broadcast_15 stored as values in memory (estimated size 47.6 KiB, free 433.8 MiB)
26/05/04 04:25:32 INFO MemoryStore: Block broadcast_15_piece0 stored as bytes in memory (estimated size 21.4 KiB, free 433.8 MiB)
26/05/04 04:25:32 INFO BlockManagerInfo: Added broadcast_15_piece0 in memory on 73f6cfc4ae0e:37575 (size: 21.4 KiB, free: 434.3 MiB)
26/05/04 04:25:32 INFO SparkContext: Created broadcast 15 from broadcast at DAGScheduler.scala:1580
26/05/04 04:25:32 INFO DAGScheduler: Submitting 1 missing tasks from ShuffleMapStage 14 (MapPartitionsRDD[39] at count at NativeMethodAccessorImpl.java:0) (first 15 tasks are for partitions Vector(0))
26/05/04 04:25:32 INFO TaskSchedulerImpl: Adding task set 14.0 with 1 tasks resource profile 0
26/05/04 04:25:32 INFO TaskSetManager: Starting task 0.0 in stage 14.0 (TID 22) (73f6cfc4ae0e, executor driver, partition 0, NODE_LOCAL, 7604 bytes) 
26/05/04 04:25:32 INFO Executor: Running task 0.0 in stage 14.0 (TID 22)
26/05/04 04:25:32 INFO ShuffleBlockFetcherIterator: Getting 2 (55.8 KiB) non-empty blocks including 2 (55.8 KiB) local and 0 (0.0 B) host-local and 0 (0.0 B) push-merged-local and 0 (0.0 B) remote blocks
26/05/04 04:25:32 INFO ShuffleBlockFetcherIterator: Started 0 remote fetches in 0 ms
26/05/04 04:25:32 INFO CodeGenerator: Code generated in 16.813333 ms
26/05/04 04:25:32 INFO Executor: Finished task 0.0 in stage 14.0 (TID 22). 5945 bytes result sent to driver
26/05/04 04:25:32 INFO TaskSetManager: Finished task 0.0 in stage 14.0 (TID 22) in 40 ms on 73f6cfc4ae0e (executor driver) (1/1)
26/05/04 04:25:32 INFO TaskSchedulerImpl: Removed TaskSet 14.0, whose tasks have all completed, from pool 
26/05/04 04:25:32 INFO BlockManagerInfo: Removed broadcast_14_piece0 on 73f6cfc4ae0e:37575 in memory (size: 18.7 KiB, free: 434.3 MiB)
26/05/04 04:25:32 INFO DAGScheduler: ShuffleMapStage 14 (count at NativeMethodAccessorImpl.java:0) finished in 0.046 s
26/05/04 04:25:32 INFO DAGScheduler: looking for newly runnable stages
26/05/04 04:25:32 INFO DAGScheduler: running: Set()
26/05/04 04:25:32 INFO DAGScheduler: waiting: Set()
26/05/04 04:25:32 INFO DAGScheduler: failed: Set()
26/05/04 04:25:32 INFO CodeGenerator: Code generated in 3.988657 ms
26/05/04 04:25:32 INFO SparkContext: Starting job: count at NativeMethodAccessorImpl.java:0
26/05/04 04:25:32 INFO DAGScheduler: Got job 11 (count at NativeMethodAccessorImpl.java:0) with 1 output partitions
26/05/04 04:25:32 INFO DAGScheduler: Final stage: ResultStage 17 (count at NativeMethodAccessorImpl.java:0)
26/05/04 04:25:32 INFO DAGScheduler: Parents of final stage: List(ShuffleMapStage 16)
26/05/04 04:25:32 INFO DAGScheduler: Missing parents: List()
26/05/04 04:25:32 INFO DAGScheduler: Submitting ResultStage 17 (MapPartitionsRDD[42] at count at NativeMethodAccessorImpl.java:0), which has no missing parents
26/05/04 04:25:32 INFO MemoryStore: Block broadcast_16 stored as values in memory (estimated size 12.5 KiB, free 433.9 MiB)
26/05/04 04:25:32 INFO MemoryStore: Block broadcast_16_piece0 stored as bytes in memory (estimated size 5.9 KiB, free 433.9 MiB)
26/05/04 04:25:32 INFO BlockManagerInfo: Added broadcast_16_piece0 in memory on 73f6cfc4ae0e:37575 (size: 5.9 KiB, free: 434.3 MiB)
26/05/04 04:25:32 INFO SparkContext: Created broadcast 16 from broadcast at DAGScheduler.scala:1580
26/05/04 04:25:32 INFO DAGScheduler: Submitting 1 missing tasks from ResultStage 17 (MapPartitionsRDD[42] at count at NativeMethodAccessorImpl.java:0) (first 15 tasks are for partitions Vector(0))
26/05/04 04:25:32 INFO TaskSchedulerImpl: Adding task set 17.0 with 1 tasks resource profile 0
26/05/04 04:25:32 INFO TaskSetManager: Starting task 0.0 in stage 17.0 (TID 23) (73f6cfc4ae0e, executor driver, partition 0, NODE_LOCAL, 7615 bytes) 
26/05/04 04:25:32 INFO Executor: Running task 0.0 in stage 17.0 (TID 23)
26/05/04 04:25:32 INFO ShuffleBlockFetcherIterator: Getting 1 (60.0 B) non-empty blocks including 1 (60.0 B) local and 0 (0.0 B) host-local and 0 (0.0 B) push-merged-local and 0 (0.0 B) remote blocks
26/05/04 04:25:32 INFO ShuffleBlockFetcherIterator: Started 0 remote fetches in 0 ms
26/05/04 04:25:32 INFO CodeGenerator: Code generated in 2.983577 ms
26/05/04 04:25:32 INFO Executor: Finished task 0.0 in stage 17.0 (TID 23). 3995 bytes result sent to driver
26/05/04 04:25:32 INFO TaskSetManager: Finished task 0.0 in stage 17.0 (TID 23) in 11 ms on 73f6cfc4ae0e (executor driver) (1/1)
26/05/04 04:25:32 INFO TaskSchedulerImpl: Removed TaskSet 17.0, whose tasks have all completed, from pool 
26/05/04 04:25:32 INFO DAGScheduler: ResultStage 17 (count at NativeMethodAccessorImpl.java:0) finished in 0.015 s
26/05/04 04:25:32 INFO DAGScheduler: Job 11 is finished. Cancelling potential speculative or zombie tasks for this job
26/05/04 04:25:32 INFO TaskSchedulerImpl: Killing all running tasks in stage 17: Stage finished
26/05/04 04:25:32 INFO DAGScheduler: Job 11 finished: count at NativeMethodAccessorImpl.java:0, took 0.018285 s
QUERY: q4_2 row_count=606
26/05/04 04:25:32 INFO FileSourceStrategy: Pushed Filters: In(metric, [hires_rate,job_openings_rate])
26/05/04 04:25:32 INFO FileSourceStrategy: Post-Scan Filters: metric#4 IN (job_openings_rate,hires_rate)
26/05/04 04:25:32 INFO MemoryStore: Block broadcast_17 stored as values in memory (estimated size 201.4 KiB, free 433.7 MiB)
26/05/04 04:25:32 INFO MemoryStore: Block broadcast_17_piece0 stored as bytes in memory (estimated size 35.0 KiB, free 433.6 MiB)
26/05/04 04:25:32 INFO BlockManagerInfo: Added broadcast_17_piece0 in memory on 73f6cfc4ae0e:37575 (size: 35.0 KiB, free: 434.3 MiB)
26/05/04 04:25:32 INFO SparkContext: Created broadcast 17 from csv at NativeMethodAccessorImpl.java:0
26/05/04 04:25:32 INFO FileSourceScanExec: Planning scan with bin packing, max size: 4194304 bytes, open cost is considered as scanning 4194304 bytes.
26/05/04 04:25:32 INFO DAGScheduler: Registering RDD 46 (csv at NativeMethodAccessorImpl.java:0) as input to shuffle 5
26/05/04 04:25:32 INFO DAGScheduler: Got map stage job 12 (csv at NativeMethodAccessorImpl.java:0) with 3 output partitions
26/05/04 04:25:32 INFO DAGScheduler: Final stage: ShuffleMapStage 18 (csv at NativeMethodAccessorImpl.java:0)
26/05/04 04:25:32 INFO DAGScheduler: Parents of final stage: List()
26/05/04 04:25:32 INFO DAGScheduler: Missing parents: List()
26/05/04 04:25:32 INFO DAGScheduler: Submitting ShuffleMapStage 18 (MapPartitionsRDD[46] at csv at NativeMethodAccessorImpl.java:0), which has no missing parents
26/05/04 04:25:32 INFO MemoryStore: Block broadcast_18 stored as values in memory (estimated size 51.7 KiB, free 433.6 MiB)
26/05/04 04:25:32 INFO MemoryStore: Block broadcast_18_piece0 stored as bytes in memory (estimated size 21.0 KiB, free 433.6 MiB)
26/05/04 04:25:32 INFO BlockManagerInfo: Added broadcast_18_piece0 in memory on 73f6cfc4ae0e:37575 (size: 21.0 KiB, free: 434.3 MiB)
26/05/04 04:25:32 INFO SparkContext: Created broadcast 18 from broadcast at DAGScheduler.scala:1580
26/05/04 04:25:32 INFO BlockManagerInfo: Removed broadcast_16_piece0 on 73f6cfc4ae0e:37575 in memory (size: 5.9 KiB, free: 434.3 MiB)
26/05/04 04:25:32 INFO DAGScheduler: Submitting 3 missing tasks from ShuffleMapStage 18 (MapPartitionsRDD[46] at csv at NativeMethodAccessorImpl.java:0) (first 15 tasks are for partitions Vector(0, 1, 2))
26/05/04 04:25:32 INFO TaskSchedulerImpl: Adding task set 18.0 with 3 tasks resource profile 0
26/05/04 04:25:32 INFO TaskSetManager: Starting task 0.0 in stage 18.0 (TID 24) (73f6cfc4ae0e, executor driver, partition 0, PROCESS_LOCAL, 8280 bytes) 
26/05/04 04:25:32 INFO TaskSetManager: Starting task 1.0 in stage 18.0 (TID 25) (73f6cfc4ae0e, executor driver, partition 1, PROCESS_LOCAL, 8280 bytes) 
26/05/04 04:25:32 INFO TaskSetManager: Starting task 2.0 in stage 18.0 (TID 26) (73f6cfc4ae0e, executor driver, partition 2, PROCESS_LOCAL, 8280 bytes) 
26/05/04 04:25:32 INFO Executor: Running task 0.0 in stage 18.0 (TID 24)
26/05/04 04:25:32 INFO Executor: Running task 1.0 in stage 18.0 (TID 25)
26/05/04 04:25:32 INFO Executor: Running task 2.0 in stage 18.0 (TID 26)
26/05/04 04:25:32 INFO BlockManagerInfo: Removed broadcast_15_piece0 on 73f6cfc4ae0e:37575 in memory (size: 21.4 KiB, free: 434.3 MiB)
26/05/04 04:25:32 INFO BlockManagerInfo: Removed broadcast_13_piece0 on 73f6cfc4ae0e:37575 in memory (size: 35.0 KiB, free: 434.3 MiB)
26/05/04 04:25:32 INFO FileScanRDD: Reading File path: file:///home/jovyan/work/output/parquet/jolts/part-00002-c8313e23-ff28-4bbc-81df-6283104e6754-c000.snappy.parquet, range: 0-4783, partition values: [empty row]
26/05/04 04:25:32 INFO FileScanRDD: Reading File path: file:///home/jovyan/work/output/parquet/jolts/part-00004-c8313e23-ff28-4bbc-81df-6283104e6754-c000.snappy.parquet, range: 0-4749, partition values: [empty row]
26/05/04 04:25:32 INFO FileScanRDD: Reading File path: file:///home/jovyan/work/output/parquet/jolts/part-00000-c8313e23-ff28-4bbc-81df-6283104e6754-c000.snappy.parquet, range: 0-5033, partition values: [empty row]
26/05/04 04:25:32 INFO FilterCompat: Filtering using predicate: or(eq(metric, Binary{"job_openings_rate"}), eq(metric, Binary{"hires_rate"}))
26/05/04 04:25:32 INFO FilterCompat: Filtering using predicate: or(eq(metric, Binary{"job_openings_rate"}), eq(metric, Binary{"hires_rate"}))
26/05/04 04:25:32 INFO FilterCompat: Filtering using predicate: or(eq(metric, Binary{"job_openings_rate"}), eq(metric, Binary{"hires_rate"}))
26/05/04 04:25:32 INFO Executor: Finished task 2.0 in stage 18.0 (TID 26). 2814 bytes result sent to driver
26/05/04 04:25:32 INFO TaskSetManager: Finished task 2.0 in stage 18.0 (TID 26) in 61 ms on 73f6cfc4ae0e (executor driver) (1/3)
26/05/04 04:25:32 INFO Executor: Finished task 1.0 in stage 18.0 (TID 25). 2986 bytes result sent to driver
26/05/04 04:25:32 INFO TaskSetManager: Finished task 1.0 in stage 18.0 (TID 25) in 88 ms on 73f6cfc4ae0e (executor driver) (2/3)
26/05/04 04:25:32 INFO Executor: Finished task 0.0 in stage 18.0 (TID 24). 2986 bytes result sent to driver
26/05/04 04:25:32 INFO TaskSetManager: Finished task 0.0 in stage 18.0 (TID 24) in 91 ms on 73f6cfc4ae0e (executor driver) (3/3)
26/05/04 04:25:32 INFO TaskSchedulerImpl: Removed TaskSet 18.0, whose tasks have all completed, from pool 
26/05/04 04:25:32 INFO DAGScheduler: ShuffleMapStage 18 (csv at NativeMethodAccessorImpl.java:0) finished in 0.101 s
26/05/04 04:25:32 INFO DAGScheduler: looking for newly runnable stages
26/05/04 04:25:32 INFO DAGScheduler: running: Set()
26/05/04 04:25:32 INFO DAGScheduler: waiting: Set()
26/05/04 04:25:32 INFO DAGScheduler: failed: Set()
26/05/04 04:25:32 INFO ShufflePartitionsUtil: For shuffle(5), advisory target size: 67108864, actual target size 1048576, minimum partition size: 1048576
26/05/04 04:25:32 INFO HashAggregateExec: spark.sql.codegen.aggregate.map.twolevel.enabled is set to true, but current version of codegened fast hashmap does not support this aggregate.
26/05/04 04:25:32 INFO SparkContext: Starting job: csv at NativeMethodAccessorImpl.java:0
26/05/04 04:25:32 INFO DAGScheduler: Got job 13 (csv at NativeMethodAccessorImpl.java:0) with 1 output partitions
26/05/04 04:25:32 INFO DAGScheduler: Final stage: ResultStage 20 (csv at NativeMethodAccessorImpl.java:0)
26/05/04 04:25:32 INFO DAGScheduler: Parents of final stage: List(ShuffleMapStage 19)
26/05/04 04:25:32 INFO DAGScheduler: Missing parents: List()
26/05/04 04:25:32 INFO DAGScheduler: Submitting ResultStage 20 (MapPartitionsRDD[51] at csv at NativeMethodAccessorImpl.java:0), which has no missing parents
26/05/04 04:25:32 INFO MemoryStore: Block broadcast_19 stored as values in memory (estimated size 49.0 KiB, free 433.8 MiB)
26/05/04 04:25:32 INFO MemoryStore: Block broadcast_19_piece0 stored as bytes in memory (estimated size 21.4 KiB, free 433.8 MiB)
26/05/04 04:25:32 INFO BlockManagerInfo: Added broadcast_19_piece0 in memory on 73f6cfc4ae0e:37575 (size: 21.4 KiB, free: 434.3 MiB)
26/05/04 04:25:32 INFO SparkContext: Created broadcast 19 from broadcast at DAGScheduler.scala:1580
26/05/04 04:25:32 INFO DAGScheduler: Submitting 1 missing tasks from ResultStage 20 (MapPartitionsRDD[51] at csv at NativeMethodAccessorImpl.java:0) (first 15 tasks are for partitions Vector(0))
26/05/04 04:25:32 INFO TaskSchedulerImpl: Adding task set 20.0 with 1 tasks resource profile 0
26/05/04 04:25:32 INFO TaskSetManager: Starting task 0.0 in stage 20.0 (TID 27) (73f6cfc4ae0e, executor driver, partition 0, NODE_LOCAL, 7615 bytes) 
26/05/04 04:25:32 INFO Executor: Running task 0.0 in stage 20.0 (TID 27)
26/05/04 04:25:32 INFO ShuffleBlockFetcherIterator: Getting 2 (66.0 KiB) non-empty blocks including 2 (66.0 KiB) local and 0 (0.0 B) host-local and 0 (0.0 B) push-merged-local and 0 (0.0 B) remote blocks
26/05/04 04:25:32 INFO ShuffleBlockFetcherIterator: Started 0 remote fetches in 0 ms
26/05/04 04:25:32 INFO Executor: Finished task 0.0 in stage 20.0 (TID 27). 40198 bytes result sent to driver
26/05/04 04:25:32 INFO TaskSetManager: Finished task 0.0 in stage 20.0 (TID 27) in 15 ms on 73f6cfc4ae0e (executor driver) (1/1)
26/05/04 04:25:32 INFO TaskSchedulerImpl: Removed TaskSet 20.0, whose tasks have all completed, from pool 
26/05/04 04:25:32 INFO DAGScheduler: ResultStage 20 (csv at NativeMethodAccessorImpl.java:0) finished in 0.021 s
26/05/04 04:25:32 INFO DAGScheduler: Job 13 is finished. Cancelling potential speculative or zombie tasks for this job
26/05/04 04:25:32 INFO TaskSchedulerImpl: Killing all running tasks in stage 20: Stage finished
26/05/04 04:25:32 INFO DAGScheduler: Job 13 finished: csv at NativeMethodAccessorImpl.java:0, took 0.025834 s
26/05/04 04:25:32 INFO DAGScheduler: Registering RDD 52 (csv at NativeMethodAccessorImpl.java:0) as input to shuffle 6
26/05/04 04:25:32 INFO DAGScheduler: Got map stage job 14 (csv at NativeMethodAccessorImpl.java:0) with 1 output partitions
26/05/04 04:25:32 INFO DAGScheduler: Final stage: ShuffleMapStage 22 (csv at NativeMethodAccessorImpl.java:0)
26/05/04 04:25:32 INFO DAGScheduler: Parents of final stage: List(ShuffleMapStage 21)
26/05/04 04:25:32 INFO DAGScheduler: Missing parents: List()
26/05/04 04:25:32 INFO DAGScheduler: Submitting ShuffleMapStage 22 (MapPartitionsRDD[52] at csv at NativeMethodAccessorImpl.java:0), which has no missing parents
26/05/04 04:25:32 INFO MemoryStore: Block broadcast_20 stored as values in memory (estimated size 60.6 KiB, free 433.7 MiB)
26/05/04 04:25:32 INFO BlockManagerInfo: Removed broadcast_18_piece0 on 73f6cfc4ae0e:37575 in memory (size: 21.0 KiB, free: 434.3 MiB)
26/05/04 04:25:32 INFO MemoryStore: Block broadcast_20_piece0 stored as bytes in memory (estimated size 22.9 KiB, free 433.7 MiB)
26/05/04 04:25:32 INFO BlockManagerInfo: Added broadcast_20_piece0 in memory on 73f6cfc4ae0e:37575 (size: 22.9 KiB, free: 434.3 MiB)
26/05/04 04:25:32 INFO SparkContext: Created broadcast 20 from broadcast at DAGScheduler.scala:1580
26/05/04 04:25:32 INFO DAGScheduler: Submitting 1 missing tasks from ShuffleMapStage 22 (MapPartitionsRDD[52] at csv at NativeMethodAccessorImpl.java:0) (first 15 tasks are for partitions Vector(0))
26/05/04 04:25:32 INFO TaskSchedulerImpl: Adding task set 22.0 with 1 tasks resource profile 0
26/05/04 04:25:32 INFO BlockManagerInfo: Removed broadcast_19_piece0 on 73f6cfc4ae0e:37575 in memory (size: 21.4 KiB, free: 434.3 MiB)
26/05/04 04:25:32 INFO TaskSetManager: Starting task 0.0 in stage 22.0 (TID 28) (73f6cfc4ae0e, executor driver, partition 0, NODE_LOCAL, 7604 bytes) 
26/05/04 04:25:32 INFO Executor: Running task 0.0 in stage 22.0 (TID 28)
26/05/04 04:25:32 INFO ShuffleBlockFetcherIterator: Getting 2 (66.0 KiB) non-empty blocks including 2 (66.0 KiB) local and 0 (0.0 B) host-local and 0 (0.0 B) push-merged-local and 0 (0.0 B) remote blocks
26/05/04 04:25:32 INFO ShuffleBlockFetcherIterator: Started 0 remote fetches in 0 ms
26/05/04 04:25:32 INFO Executor: Finished task 0.0 in stage 22.0 (TID 28). 5725 bytes result sent to driver
26/05/04 04:25:32 INFO TaskSetManager: Finished task 0.0 in stage 22.0 (TID 28) in 32 ms on 73f6cfc4ae0e (executor driver) (1/1)
26/05/04 04:25:32 INFO TaskSchedulerImpl: Removed TaskSet 22.0, whose tasks have all completed, from pool 
26/05/04 04:25:32 INFO DAGScheduler: ShuffleMapStage 22 (csv at NativeMethodAccessorImpl.java:0) finished in 0.044 s
26/05/04 04:25:32 INFO DAGScheduler: looking for newly runnable stages
26/05/04 04:25:32 INFO DAGScheduler: running: Set()
26/05/04 04:25:32 INFO DAGScheduler: waiting: Set()
26/05/04 04:25:32 INFO DAGScheduler: failed: Set()
26/05/04 04:25:32 INFO ShufflePartitionsUtil: For shuffle(6), advisory target size: 67108864, actual target size 1048576, minimum partition size: 1048576
26/05/04 04:25:32 INFO FileOutputCommitter: File Output Committer Algorithm version is 1
26/05/04 04:25:32 INFO FileOutputCommitter: FileOutputCommitter skip cleanup _temporary folders under output directory:false, ignore cleanup failures: false
26/05/04 04:25:32 INFO SQLHadoopMapReduceCommitProtocol: Using output committer class org.apache.hadoop.mapreduce.lib.output.FileOutputCommitter
26/05/04 04:25:32 INFO CodeGenerator: Code generated in 5.250719 ms
26/05/04 04:25:32 INFO SparkContext: Starting job: csv at NativeMethodAccessorImpl.java:0
26/05/04 04:25:32 INFO DAGScheduler: Got job 15 (csv at NativeMethodAccessorImpl.java:0) with 1 output partitions
26/05/04 04:25:32 INFO DAGScheduler: Final stage: ResultStage 25 (csv at NativeMethodAccessorImpl.java:0)
26/05/04 04:25:32 INFO DAGScheduler: Parents of final stage: List(ShuffleMapStage 24)
26/05/04 04:25:32 INFO DAGScheduler: Missing parents: List()
26/05/04 04:25:32 INFO DAGScheduler: Submitting ResultStage 25 (MapPartitionsRDD[56] at csv at NativeMethodAccessorImpl.java:0), which has no missing parents
26/05/04 04:25:32 INFO MemoryStore: Block broadcast_21 stored as values in memory (estimated size 244.4 KiB, free 433.6 MiB)
26/05/04 04:25:32 INFO MemoryStore: Block broadcast_21_piece0 stored as bytes in memory (estimated size 91.3 KiB, free 433.5 MiB)
26/05/04 04:25:32 INFO BlockManagerInfo: Added broadcast_21_piece0 in memory on 73f6cfc4ae0e:37575 (size: 91.3 KiB, free: 434.2 MiB)
26/05/04 04:25:32 INFO SparkContext: Created broadcast 21 from broadcast at DAGScheduler.scala:1580
26/05/04 04:25:32 INFO DAGScheduler: Submitting 1 missing tasks from ResultStage 25 (MapPartitionsRDD[56] at csv at NativeMethodAccessorImpl.java:0) (first 15 tasks are for partitions Vector(0))
26/05/04 04:25:32 INFO TaskSchedulerImpl: Adding task set 25.0 with 1 tasks resource profile 0
26/05/04 04:25:32 INFO TaskSetManager: Starting task 0.0 in stage 25.0 (TID 29) (73f6cfc4ae0e, executor driver, partition 0, NODE_LOCAL, 7891 bytes) 
26/05/04 04:25:32 INFO Executor: Running task 0.0 in stage 25.0 (TID 29)
26/05/04 04:25:32 INFO FileOutputCommitter: File Output Committer Algorithm version is 1
26/05/04 04:25:32 INFO FileOutputCommitter: FileOutputCommitter skip cleanup _temporary folders under output directory:false, ignore cleanup failures: false
26/05/04 04:25:32 INFO SQLHadoopMapReduceCommitProtocol: Using output committer class org.apache.hadoop.mapreduce.lib.output.FileOutputCommitter
26/05/04 04:25:32 INFO ShuffleBlockFetcherIterator: Getting 1 (31.8 KiB) non-empty blocks including 1 (31.8 KiB) local and 0 (0.0 B) host-local and 0 (0.0 B) push-merged-local and 0 (0.0 B) remote blocks
26/05/04 04:25:32 INFO ShuffleBlockFetcherIterator: Started 0 remote fetches in 0 ms
26/05/04 04:25:32 INFO CodeGenerator: Code generated in 3.983026 ms
26/05/04 04:25:32 INFO FileOutputCommitter: Saved output of task 'attempt_202605040425328640452179948971575_0025_m_000000_29' to file:/home/jovyan/work/output/results/q4_2_jolts_openings_hires_rate/_temporary/0/task_202605040425328640452179948971575_0025_m_000000
26/05/04 04:25:32 INFO SparkHadoopMapRedUtil: attempt_202605040425328640452179948971575_0025_m_000000_29: Committed. Elapsed time: 32 ms.
26/05/04 04:25:32 INFO Executor: Finished task 0.0 in stage 25.0 (TID 29). 7827 bytes result sent to driver
26/05/04 04:25:32 INFO TaskSetManager: Finished task 0.0 in stage 25.0 (TID 29) in 180 ms on 73f6cfc4ae0e (executor driver) (1/1)
26/05/04 04:25:32 INFO TaskSchedulerImpl: Removed TaskSet 25.0, whose tasks have all completed, from pool 
26/05/04 04:25:32 INFO DAGScheduler: ResultStage 25 (csv at NativeMethodAccessorImpl.java:0) finished in 0.193 s
26/05/04 04:25:32 INFO DAGScheduler: Job 15 is finished. Cancelling potential speculative or zombie tasks for this job
26/05/04 04:25:32 INFO TaskSchedulerImpl: Killing all running tasks in stage 25: Stage finished
26/05/04 04:25:32 INFO DAGScheduler: Job 15 finished: csv at NativeMethodAccessorImpl.java:0, took 0.196076 s
26/05/04 04:25:32 INFO FileFormatWriter: Start to commit write Job a2ae61f0-1883-4630-8037-f1314fa3d742.
26/05/04 04:25:33 INFO FileFormatWriter: Write Job a2ae61f0-1883-4630-8037-f1314fa3d742 committed. Elapsed time: 149 ms.
26/05/04 04:25:33 INFO FileFormatWriter: Finished processing stats for write job a2ae61f0-1883-4630-8037-f1314fa3d742.
DONE: script 10 completed
26/05/04 04:25:33 INFO SparkContext: SparkContext is stopping with exitCode 0.
26/05/04 04:25:33 INFO SparkUI: Stopped Spark web UI at http://73f6cfc4ae0e:4040
26/05/04 04:25:33 INFO MapOutputTrackerMasterEndpoint: MapOutputTrackerMasterEndpoint stopped!
26/05/04 04:25:33 INFO MemoryStore: MemoryStore cleared
26/05/04 04:25:33 INFO BlockManager: BlockManager stopped
26/05/04 04:25:33 INFO BlockManagerMaster: BlockManagerMaster stopped
26/05/04 04:25:33 INFO OutputCommitCoordinator$OutputCommitCoordinatorEndpoint: OutputCommitCoordinator stopped!
26/05/04 04:25:33 INFO SparkContext: Successfully stopped SparkContext
26/05/04 04:25:33 INFO ShutdownHookManager: Shutdown hook called
26/05/04 04:25:33 INFO ShutdownHookManager: Deleting directory /tmp/spark-b7e768b1-7fb5-4882-b1b1-39c0145d33a9/pyspark-d999f14e-7370-4df5-a489-a56a97155548
26/05/04 04:25:33 INFO ShutdownHookManager: Deleting directory /tmp/spark-b7e768b1-7fb5-4882-b1b1-39c0145d33a9
26/05/04 04:25:33 INFO ShutdownHookManager: Deleting directory /tmp/spark-65a5a409-74f3-4f64-979a-006f95008c6c
